Route #1: 658 408 698 873 532 978 12 522 656 145 203 742 13 908 260 601 350 18 930
Route #2: 664 768 662 335 55 119 230 507 537 115 187 433 354 316 723 321 300 836 234 236 876 748 819 801
Route #3: 903 457 736 822 921 179 483 557 806 110 955 372 789 538 844 611 524 900 935 151 816 237 766 958
Route #4: 485 680 407 767 245 48 298 104 802 197 840 322 825 240 92 28 25 177 875 198 343 852 369 44
Route #5: 211 494 792 808 884 578 509 279 728 452 283 812 277 508 201 45 306 248 266 604 356 386
Route #6: 94 22 297 561 724 969 186 417 938 242 754 467 290 140 204 751 255 153 384 592 59 959 774 431 206 957
Route #7: 980 133 89 294 31 502 984 103 596 708 265 663 261 171 52 262 752 392 898 861 871 815 139 489
Route #8: 727 246 925 378 892 43 247 625 668 418 879 785 859 581 400 633 582 974 379 39 71
Route #9: 703 219 745 116 966 671 459 811 762 390 175 49 693 595 837 16 436 129 630 364 222 597 196 510 639 534 468 605
Route #10: 464 172 585 709 765 455 676 376 624 7 880 932 713 445 982 874 945 554 688 357 409 953 411 68
Route #11: 215 846 661 516 465 686 644 363 373 334 11 342 770 832 862 758 653 267 366 360 347 872 635 614 148
Route #12: 190 552 699 205 223 70 621 827 473 40 858 341 349 382 332 902 587 678 125 403 665 589 254 241 773
Route #13: 994 228 412 594 613 165 14 105 696 881 195 560 278 623 558 732 572 33 968 437 163 697 429 642 518
Route #14: 416 740 531 760 446 474 351 158 421 780 689 287 385 344 820 828 476 975 579 705 946 472 399 176 947 568 523
Route #15: 27 868 441 61 673 481 227 299 617 108 712 23 209 38 525 395 564 797 962 256
Route #16: 451 603 692 718 965 895 973 331 756 901 555 520 599 54 779 216 629 91 6 32 296 50 999 454 645 95
Route #17: 799 450 118 90 434 430 960 291 210 264 447 359 244 51 375 854 1 304 834 857 545
Route #18: 144 847 181 541 566 580 987 591 47 117 971 405 995 87 358 439
Route #19: 428 813 159 575 308 924 577 511 3 886 393 268 131 20 576 173 551 893 136 991 910 726 989 404
Route #20: 362 17 79 76 772 113 314 743 66 798 682 83 667 161 912 448 544 721 286 654 795 777 869 388
Route #21: 280 640 547 655 460 232 391 514 312 1000 200 672 853 443 659 188 731 82 593 397
Route #22: 231 600 533 132 650 289 293 440 101 337 850 194 952 927 739 583 719 648 499 528 284 638 491 570 931
Route #23: 794 865 320 735 301 660 80 501 972 588 402 346 41 406 944 942 355 634 361 9 15 702 804
Route #24: 141 96 826 870 146 734 487 542 998 956 29 64 818 619 905 694 817 167 143 643 607 571 915
Route #25: 964 783 755 424 444 62 367 243 330 652 929 800 495 759 918 535 142 374 85 58 484 168
Route #26: 202 229 427 303 498 757 831 340 906 135 422 238 701 456 60 882 586 149 394 622 786
Route #27: 413 781 442 923 310 939 72 574 626 285 317 365 253 217 311 138 790 526 821 263 259 904 928 160 733
Route #28: 288 329 34 776 714 2 979 649 324 191 851 976 35 823 883 926 651 677 419 111 628
Route #29: 475 838 970 657 856 371 154 102 258 174 250 896 674 641 529 539 711 257 950 909 493 855
Route #30: 458 741 69 715 178 224 36 449 420 381 19 170 368 536 147 716 675 295 67 478 73 339 57 841
Route #31: 778 843 981 226 911 615 497 559 26 292 679 77 963 410 208 423 546 835 477 470 610 997
Route #32: 488 744 318 983 99 830 620 398 725 37 183 897 270 771 134 84 56 352 627 567 180 747 889 933 866
Route #33: 864 824 807 750 636 100 155 156 182 940 920 746 602 684 609 922 569 685 65 730 917 353
Route #34: 432 704 249 212 78 646 556 333 482 185 512 877 239 348 829 691 729 787 126 383 977
Route #35: 849 530 389 380 401 46 496 521 996 276 4 986 281 891 106 612 225 527 504 700 426 252 30 687 503 233 669 749 415
Route #36: 860 387 121 550 961 326 878 319 631 666 271 336 235 584 97 162 848 338 967 275
Route #37: 75 608 885 152 370 169 618 323 763 193 166 184 791 951 137 127 598 888 814 500 302 327 128
Route #38: 81 130 313 218 192 251 907 53 949 114 396 738 706 647 990 833 548 438 305 425 761 471 517 670 273 717 616 480
Route #39: 5 793 513 543 985 189 810 466 435 769 890 563 272 764 681 573 782 269 309 943 842 213 221
Route #40: 328 490 377 796 936 941 199 109 948 315 887 519 486 553 124 461 506 606 462 157
Route #41: 88 93 784 867 463 845 112 863 122 695 63 164 10 914 916 24 992 803 809 150 934 839
Route #42: 492 710 220 282 74 707 722 42 899 919 274 913 683 120 562 325 549 107 632 21 123
Route #43: 937 775 993 753 86 414 805 637 590 720 453 207 737 479 788 307 690 954 894 98 8 469
Route #44: 505 540 515 988 214 345 565
Cost 81028
