Route #1: 1 3 6 10 16 23
Route #2: 330 311 291 270 248 226 205 185 166 148 131 115 100 86 73 61 50 40 31 15
Route #3: 378 362 345 327 308 288 267 245 223 202 182 163 145 128 112 97 83 70 58 47 37 28 21
Route #4: 392 377 361 344 326 307 287 266 244 222 201 181 162 144 127 111 96 82 69 57 46 56 45 36
Route #5: 55 67 80 94 109 125 405 391 376 360 343 325 306 286 265 243 221 200 180 161 143 126 110 95 81 68
Route #6: 142 160 179 199 220 242 264 285 305 324 342 359 375 390 404 417 263 241 219 198 178 159 141 124 108 93 79 66
Route #7: 284 304 323 341 358 374 389 403 416 428 438 427 415 402 388 373 357 340 322 303 283 262 240 218 197 177 158 140 123 107 92 78
Route #8: 91 105 121 138 156 175 195 216 238 260 281 447 437 426 414 401 387 372 356 339 321 302 282 261 239 217 196 176 157 139 122 106
Route #9: 120 136 153 172 192 154 173 193 214 236 258 279 299 318 336 353 369 384 398 411 423 434 444 453 461 468 455 446 436 425 413 400 386 371 355 338 320 301
Route #10: 213 235 257 278 298 317 335 352 368 383 397 410 422 433 443 452 460 467 473 477 472 466 459 451 442 432 421 409 396 382 367 351 334 316 297 277 256 234 212 191 171
Route #11: 190 210 231 253 274 294 313 331 348 364 379 393 406 418 429 439 448 456 463 469 474 478 481 483 482 479 475 470 464 457 449 440 430 419 407 394 380 365 349 332 314 295 275 254 232 211 233 255
Route #12: 137 155 174 194 215 276 296 315 333 350 366 381 395 408 420 431 441 450 458 465 471 476 480 462 454 445 435 424 412 399 385 370 354 337 319 300 280 259 237
Route #13: 363 346 328 309 289 268 246 224 203 183 164 146 129 113 98 84 71 59 48 38 29
Route #14: 347 329 310 290 269 247 225 204 184 165 147 130 114 99 85 72 60 49 39 30 22
Route #15: 167 149 132 116 101 87 74 62 51 41 32 24 17 11
Route #16: 312 292 271 249 227 206 186 52 42 33 25 18 12 7
Route #17: 293 272 250 228 207 187 168 150 133 117 102 88 75 63 8 4
Route #18: 273 251 229 208 188 169 151 134 118 103 89 76 64 53 43 34 26 19 13
Route #19: 2 5 44 35 27 20 14 9
Route #20: 252 230 209 189 170 152 135 119 104 90 77 65 54
Cost 1449.21
