Route #1: 4421 2693 5486 669 5157 5741 5726 1948 4808 3301 4208 5957 5034 3189 2901 399 4441
Route #2: 2980 3113 731 4816 443 4585 4953 4912 1209 532 4798 3717 3770 5680 4760 183 2321 3325 1573 5046
Route #3: 3764 3303 4607 1020 698 1977 3543 2283 948 1736 2312 672 4515 1867 3038
Route #4: 4315 2963 2358 3027 5797 3473 4617 4235 2540 5651 3443 56 1688 5609 1928
Route #5: 2241 3541 2772 5884 4174 5223 3874 2734 3304 1401 3878 236 4835 4039 3822 4143 5755
Route #6: 4646 607 5374 3452 1251 2281 1093 5724 4321 1771 2643 4474 3287 2962 4967 4549 1094 2335
Route #7: 1243 882 445 773 5733 2187 4734 1716 1906 4158 5845 5180 3279 1083 2308 5280 5116
Route #8: 275 1431 168 5311 2048 189 300 412 5619 2364 3069 3821 1958 4566 201 3389 5641 5838
Route #9: 4488 828 5278 376 186 5992 1686 1124 1404 4187 2791 2937 4007
Route #10: 2854 2081 3656 1219 5004 2416 3765 177 83 284 5346 5551 1844 5745 1107
Route #11: 5242 312 3295 3338 5226 5786 695 136 5746 3291 2117 3682 554 65 2415
Route #12: 1233 5913 4948 5256 1609 2216 1527 1223 4649 5754 5626 2846 3028 4191 2286 448 3560
Route #13: 3440 2798 4117 3467 1359 1516 2485 2554 4592 687 5903 992 5956 5149 1481
Route #14: 335 4747 2020 5980 2087 1546 4197 1007 5550 2012 943 3286 4255 5969 5411 1444 3531 4505
Route #15: 1241 2343 5021 4625 5196 3662 3527 3678 5245 2126 3439 896 3176 2928 3012 682
Route #16: 5361 1652 3319 4636 5099 4728 3641 3618 4819 167 1038 3853 5668 3042 5007
Route #17: 5334 3495 3863 5335 2620 2430 4140 3693 3396 5870 5489 5778 4854 5598 4712 1280 4105 3757
Route #18: 5177 555 2022 1152 627 5395 13 4250 315 2345 3022 536 3801 2824 2851 1272 2660
Route #19: 1325 2203 5971 1575 3283 95 4121 2064 400 5854 5526 22 3409 3347 1036 4072 3326
Route #20: 169 4785 1584 5987 2127 694 1278 2378 2879 3315 2723 49 3643 937 3216 5305 1978 912 1263
Route #21: 5546 5572 1166 3298 5396 2094 2495 5915 764 1570 196 170 5757 5582 5003 569 297
Route #22: 4619 2036 3520 4353 959 2274 1995 4412 925 3500 2257 2805 3599 3318 3383 3252
Route #23: 4814 1308 3476 879 4469 1493 7 2573 4425 5867 3866 345 1344 8 5009 2535 2904
Route #24: 3289 5205 3003 2602 5407 2218 289 4092 3875 249 311 5058 17 5885
Route #25: 4400 5616 383 5653 4281 5330 5793 5162 2919 4604 1536 2231 4638 2676 1295 1682 3498
Route #26: 5748 3072 1560 1775 1647 1205 1714 2925 5926 2878 344 3191 614 5842 126 2465
Route #27: 2073 211 3624 1756 1897 3270 2200 3463 260 3924 545 4308 5433 302 675 1838
Route #28: 987 1227 3492 2243 423 3222 5977 5541 952 588 4258 4417 711 3305 5739 4387 4628 1000
Route #29: 1267 1040 5544 4761 5042 4161 2542 3859 575 397 2871 3198 4433 3464 5632 388 3603 3261
Route #30: 1071 1574 1941 4539 5039 4032 4968 4076 2604 5847 127 1224 4722 1558 932 23 5318
Route #31: 4598 974 3809 1544 5497 1181 1353 1131 2703 4937 4015 3675 4196 3049 4341 405 5063 5993 5660
Route #32: 4868 292 1373 3282 4555 2571 919 3694 3542 2964 5018 5978 3997 4553 5731 1694 5743 523
Route #33: 5413 2729 1937 2553 3773 5604 3964 4237 1765 2318 3302 4506 5559 2750 1583 2008 3793 5970 2965
Route #34: 3087 4668 1291 5447 5267 3600 129 1504 560 1675 2363 1345 798 2689 4603 4938 1669 2212
Route #35: 861 1701 4765 4741 461 1073 1330 350 1176 3684 3062 951 603 146 2600 963 5945 5052
Route #36: 894 1381 4020 1659 1357 1182 5864 5656 5103 761 4350 754 2408 3730 172 2121 2262 645 3101
Route #37: 2833 4383 1368 3546 250 1783 5148 4418 2762 5587 3362 3075 2929 390 143 5283 2475 74 5105 5204
Route #38: 88 4769 3917 148 4493 2589 1386 4265 2323 4327 954 2217 2467
Route #39: 5959 3629 2881 265 2706 2842 2806 1242 4889 2222 3248 5964 1586 4112 4998 1779 369 5596
Route #40: 3073 592 4611 5373 1374 221 3815 217 4095 4302 1868 736 650 5618
Route #41: 3143 1154 2837 564 3594 5539 1590 4916 4127 2251 1168 2610 5300 1177 3401 5771 2088 1975 3485 2131
Route #42: 4379 3889 1380 5182 2834 1754 5044 3107 5946 875 5338 2866 4467 2306 1722 180
Route #43: 2636 4631 2010 1055 2539 3507 3551 2401 4283 4966 5937 5878 5385 2353 276 5589 2744 3605
Route #44: 1846 2512 4054 5327 1296 5860 5106 5624 1950 1841 5988 784 4526 3381 3663 2227
Route #45: 75 4911 843 193 2593 3974 1249 4146 3030 3858 873 1235 5451 4805 2328 2863
Route #46: 5307 707 261 2180 368 5608 2578 3990 4909 4550 2193 4242 2228 1201 2307 782
Route #47: 223 2953 4648 5853 2464 1579 2801 696 3379 824 5476 3501 820 4462 2775 5767 897
Route #48: 5441 1581 3847 911 1358 4022 4407 2161 1407 194 1759 5398 1052 4136
Route #49: 3604 2543 4256 4292 1494 2823 4856 5051 3037 4568 3328 2077 5928 3728 3077 1045 384
Route #50: 2320 470 3240 5370 3340 3434 430 1334 212 2273 5659 637 5667 4014 3843 3448
Route #51: 244 3365 457 184 3616 2242 3177 1524 3088 5404 4475 4402 535 4545 3850 1199
Route #52: 422 1821 3622 439 2876 5093 1066 4436 4074 3637 4273 3861 3933 5562 2224 4232
Route #53: 5073 978 1519 5734 3456 3100 975 5081 2305 3395 2202 4981 778 4612 2972 4430 79
Route #54: 2254 1089 5043 5736 4284 5333 1774 3837 1976 923 4866 2631 2462 354 4639 4904 5989 410 3983 819 3970
Route #55: 1606 1699 783 98 4633 5463 2835 2448 4141 1650 1726 2873 1972 3162 5749 11
Route #56: 4253 5353 5841 5553 4994 3180 4723 3612 1077 5683 39 5912 4002 2042 1009 2390 5423 4775 1794
Route #57: 5916 684 928 516 4150 4788 135 73 678 5027 3168 4640 3385 5554 3505 2287 4987 1922 4970 2877 2424 4748
Route #58: 5421 4884 4719 2413 5150 4520 1216 5533 3103 1010 3314 2521 2615 5795 688 2810 1366 4438
Route #59: 3711 2882 1239 4575 1044 5765 3760 4479 4262 3803 5910 2038 5876 3082 2158
Route #60: 2665 3761 3778 3050 1887 3238 4956 1564 4346 1668 4626 5054 1696 5309 1825 2765
Route #61: 5364 5224 833 2786 2458 4645 111 4685 4830 199 2201 3054 4988 2784 4282 3549 4593
Route #62: 2731 716 4749 87 5518 2926 5137 2420 1064 5036 3513 2279 3882 5753 291 3043 1483 1277
Route #63: 4252 2696 874 1346 2045 1636 4794 1723 5295 3348 1523 1845 4691 5595 5834
Route #64: 2856 977 4103 4259 2120 3115 81 5173 3203 3992 5259 927 5251 950 3153 5291
Route #65: 4766 4745 3470 2494 2280 2739 3758 1753 1056 4437 887 4055 96 2638 4142 606
Route #66: 5737 4487 395 5527 2037 3121 5075 5174 3868 5886 5253 2062 2025 3059 805 1161 3081
Route #67: 2630 1983 576 4476 1802 3474 4118 3984 3477 855 1792 2438 595 1274 35 4738 3907
Route #68: 4928 1640 3229 3734 1853 2505 2423 5310 5229 208 5483 5936 366 1435
Route #69: 4017 5649 437 4573 5005 141 4581 1418 2529 5706 3522 389 2405 890 3563 842 4867 2515
Route #70: 4652 2230 3117 2030 1689 3105 5153 303 4517 2932 1542 2713 3577 5583 5628 3355 3685
Route #71: 2924 804 3420 5523 3419 816 2482 999 5341 1738 3769 4392 205 5017 2883 1203 508 4561
Route #72: 5163 1275 2426 718 1240 1220 4791 1436 1253 4954 434 2667 3321 1130 5142 299
Route #73: 2838 2439 4507 2399 5713 3408 5686 5313 5120 4893 2341 5717 1268 631 870 3510 5669
Route #74: 1098 2839 5230 1256 3435 5098 1337 839 756 1871 4533 2268 3919 795
Route #75: 1903 5379 5906 1815 5836 5781 2237 2730 332 4850 2456 2099 15 1446 3058
Route #76: 4251 5479 1172 1499 4578 1080 1622 4176 4335 5798 1489 1705 3223 1491 5807 5048 1917 4458
Route #77: 1480 203 2374 5 2999 1450 283 5513 4997 4841 3424 788 558 3646 3345 732 722
Route #78: 1421 755 2449 826 3648 2997 4034 5477 5211 2141 1554 1767 3593 1631 1484 3922 2625 4226 156 4209
Route #79: 198 1582 634 4865 5738 3786 5170 5958 4213 3660 3310 5499 2732 4114 2639 3691 4689 1880
Route #80: 3755 1116 3995 1816 5045 3465 5089 1246 4069 5243 5984 3002 1597 3174 469 3576 1729
Route #81: 5529 1588 526 2968 2751 1598 1270 2017 3249 4126 5927 936 1487 5428 3557 3567 356 2135
Route #82: 2608 1665 2741 893 4492 2717 640 1562 1730 2811 71 4233 1438 5002 2763 5347
Route #83: 2272 1942 2264 1762 3506 450 2145 4238 3729 3831 2692 665 1969 5555 5505 4455
Route #84: 2398 3371 1400 68 409 4345 1728 1303 586 2473 791 752 3733 4447 5578 4500 2404 5461
Route #85: 570 3927 1304 349 60 1788 3417 598 1221 317 360 2179 404 3792 2673 2441
Route #86: 94 3281 693 191 2169 5308 3461 3695 5631 4773 4756 4330 4138 1758 76 1691 2255
Route #87: 2031 503 1677 673 5503 272 2435 3915 1810 2939 2700 5561 120 3479 1317 910 4990 5593
Route #88: 4871 2724 1458 581 5008 1164 1540 740 1230 137 1434 1548 382 4098 1649
Route #89: 4596 667 3655 4574 3569 719 2183 4149 3988 2818 2314 2074 1752 3031
Route #90: 5960 31 3724 3937 4676 1620 777 625 2657 658 4173 4774 4919 3687 2852 278
Route #91: 2078 2143 1910 5492 573 1506 1999 4772 2347 2538 3735 5190 2858 5416 1557 108
Route #92: 4883 4663 3455 4563 2043 497 3559 2812 858 1854 5676 5127 4653 3886 2362
Route #93: 642 3832 4864 2178 1179 2172 5299 5133 1643 3659 567 5102 2566 3677 1886 2743 3741 4294
Route #94: 1713 3063 2455 5780 1717 2511 3572 1115 5119 1908 5835 3346 2437 730 1732 2640 5015 1703
Route #95: 888 4888 204 2815 4541 4503 3106 5114 4106 2865 1512 3250 4306 4024 2681 2661 1611
Route #96: 4111 3432 3350 3384 1092 1474 5268 4244 636 1214 3026 4615 365 651 2800 5813 1054
Route #97: 1266 3743 5932 2536 1391 4066 967 4634 314 4746 5914 2086 4263 1955 2391 2523 5735 4411 3271
Route #98: 1857 3108 4736 2240 2402 2211 4518 2371 2002 4128 2176 2619 504 4472 4706 5266 3812 5510
Route #99: 1424 1379 4159 4241 3781 4910 4973 3268 5610 1286 2154 1837 2432 1507 5121 1661 5446 5257 5611
Route #100: 3731 4635 931 2746 5019 5158 834 3768 2252 138 1599 5902 5783 2491
Route #101: 505 4576 2082 900 1904 4101 5228 2 5289 4404 3893 1746 989 5473
Route #102: 2210 1429 4236 3517 1876 501 3387 3535 765 5925 1936 5577 3015 5250 5536 4025 5730
Route #103: 339 4011 4793 3722 2959 662 738 5240 2376 2559 1959 763 84 5172 2339 2056 1329
Route #104: 832 5462 3221 5832 2590 162 2394 5509 1932 2244 3740 3429 4215 4957 5564 1967 3736
Route #105: 4855 509 3475 1004 2686 5397 4342 5457 4352 3762 2304 4275 5949 4451 215 4724 482 4813
Route #106: 3565 1737 4391 428 248 2348 4266 4393 4647 5402 3132 240 3057 4618 3816 1973 1283
Route #107: 252 1279 4610 1437 5070 1198 1388 5252 2609 2708 1602 3011 1690 5556 4630
Route #108: 848 3906 2478 1378 1731 2669 3564 1712 4943 2719 1680 4842 1563 2105 1099 4714
Route #109: 3887 5792 922 2808 3710 5050 5358 1820 5501 1777 2905 3339 1349 3958 3597 4763 5261 403
Route #110: 387 2310 2295 872 1017 1824 4169 2136 2740 3284 507 2403 2828 4519 739 4670 5789
Route #111: 3323 1409 2944 5079 3025 2550 3169 5485 1930 3962 3300 1509 3504 538 4204 444 1888 3244 5891
Route #112: 4914 5383 4681 1053 5164 944 124 3519 5998 1657 4067 3309 3671 2793 1940 3854 2712
Route #113: 5791 4452 5919 2510 4721 2583 5759 3194 1822 5944 1568 909 3480 89 632 3914 1398 1174
Route #114: 2551 4144 4659 3534 3158 3277 1566 1322 3556 5232 2425 5176 5324 4964 3259 4609 5212 4570 5772
Route #115: 5907 2935 955 2039 3378 5152 5869 3045 1515 1522 5803 4509 5788 4834 5839 4750
Route #116: 4371 4921 5408 965 2981 1070 867 743 1921 1479 1165 3903 3802 1678 3884 3777
Route #117: 1019 3127 5689 2205 4397 2256 1782 5271 4410 3074 1170 4044 3039 3880 3536 3943 5235 4483
Route #118: 4825 4079 1320 2961 3239 2427 2265 3686 5566 3306 3393 1915 2758 5146 5292
Route #119: 1352 5090 55 5275 288 5088 1067 4715 4641 5581 5085 4679 1269 4334 1612 3621
Route #120: 3839 659 5622 2760 329 3415 2171 1545 1849 2947 1025 5666 5805 4313 5625 2690
Route #121: 5601 2061 438 4730 4792 4013 1561 609 1839 4271 1605 3591 1596 862
Route #122: 5141 3823 2157 2334 5816 849 1905 4272 2781 2716 3019 3352 4305 5571
Route #123: 4624 2124 298 2702 4088 4665 3375 3972 1724 794 2969 4107 964 2783 2476 4528 3779 5548 4185
Route #124: 4031 1863 648 3136 5426 2780 4154 4160 969 2144 1818 1387 2561 2831 3280 3877
Route #125: 2813 5677 4920 2629 1981 4124 2819 2021 5184 160 3860 1033 1850 5409 4245 1447 3241 3944
Route #126: 2945 1482 1817 1417 1050 913 902 4019 4643 2477 3179 4969 363 2659 2931 256 5985 4331
Route #127: 5787 5721 4289 66 4471 1411 528 701 620 926 3071 2132 424 3524 2151 4212 4790 2177
Route #128: 1290 4162 5681 2453 4755 5974 4309 1185 5588 3442 1451 5030 4193 643 4482 749 3416 3219 5306 33
Route #129: 544 5901 2496 3051 5214 660 1284 1281 1271 988 1804 676 3257 5296
Route #130: 5344 2595 1068 991 5820 5456 1526 522 1707 3484 4070 2487 2872 2032 2309 44 4902
Route #131: 3205 5317 1953 1469 4403 5443 1651 1195 4777 2282 3545 1997 2728 4554 1666 4882 1453 5606 724
Route #132: 840 2897 28 540 5537 2579 3220 3899 5087 3568 451 5092 2373 2889 1618
Route #133: 1660 166 5674 2606 4068 1158 4139 2946 1498 4784 726 2204 1827
Route #134: 3631 5826 3848 5650 3163 2895 1667 4344 1300 1594 2890 5855 1063 5727 3776 3066 1375 106
Route #135: 5824 455 3373 3402 5535 3673 5491 3061 3243 2013 4165 5921 5887 3702 5679 1309 188
Route #136: 1776 3865 4672 2541 3398 3879 2994 4848 1137 5165 4929 3602 4473 635 1399 3987
Route #137: 5328 195 2855 668 5304 222 4504 4478 165 5665 478 216 2296 4422 4260
Route #138: 3007 5871 3091 149 5633 4684 4486 5961 5575 4243 2576 3751 3825 5323 4898 421 2168 4979 2938
Route #139: 3633 5893 3920 2987 713 454 3344 1258 1001 1772 1984 3053 1006 1511 3214 852 5804 3263
Route #140: 257 2517 2011 2486 5255 2787 4552 2949 5155 357 1521 1187 3405 502 4089 1384
Route #141: 2361 1951 4827 3982 4708 4980 3036 2248 1414 1465 2238 3368 4364 381 2460 3187 5627 2562 2153 1982 1419
Route #142: 4001 1433 3134 4063 2410 3358 4837 1034 1228 4064 4932 5445 5935 4622 4110 2208 1929 3799
Route #143: 3707 4704 3752 5000 48 2497 2421 3575 3940 5511 2817 3005 37 2617 5216 2446 2869
Route #144: 2395 38 3 4587 2761 2735 1988 2352 4942 4336 4325 4495 2483 2733 3034 5694 1552 5519
Route #145: 1935 3307 2174 1145 2336 3178 5254 3170 1860 3166 3512 3666 433 4852 5161 5459 3981 5996
Route #146: 674 604 5220 4373 2989 4038 4091 2652 104 4584 3824 2771 2857 4120 5322 3360 330 4459
Route #147: 825 3422 4547 4419 5963 3008 3851 3941 2950 3901 4782 5094 3142 2767 3589
Route #148: 3798 5809 2655 1742 2790 691 2365 4849 4664 4933 2195 47 1879 543 5819 681 1 1517
Route #149: 2175 3581 4153 3253 327 5107 1685 4922 5603 24 5037 5403 1926 1402 2513 3186 295 735 5808 1454
Route #150: 2537 1885 484 2026 4662 5801 985 4249 3692 4677 4905 5520 572 1933 1316 5452 3826 983 4918
Route #151: 3896 4831 2841 984 2186 3784 4205 4026 4621 2993 493 5711 2051 1760 4532 5365 3610 3570 2028 3634 3331
Route #152: 1095 5386 4295 1763 4481 320 3000 2442 1901 110 5028 4137 4702 5151 670 1442 2911
Route #153: 406 3946 5269 1171 2736 5897 2826 255 4329 4744 2788 4310 5720 5663 1282 646 4818 414
Route #154: 5630 3836 2623 2417 3183 4671 3447 1100 2188 4817 1333 485 5675 1127 1866 5585 863 1826
Route #155: 3468 197 5247 4464 5466 4821 1039 1062 411 1443 3403 1807 4287 41 4356 5863 4907 5210
Route #156: 612 116 2322 3754 5438 4041 5794 800 1734 5638 426 4369 4115 525 1153 1042 3048 5066
Route #157: 622 4699 3723 4199 2451 4514 1350 3749 1709 2055 958 2862 1593 2764 1173 971
Route #158: 4872 3561 1580 3932 277 854 4057 4147 282 3426 4130 2958 496 5286 2887 2447
Route #159: 2386 2605 5573 4207 994 3079 4508 3592 1112 1875 5522 2802 1534 5955 5994 5274 1371
Route #160: 5434 4806 481 702 3892 1695 3376 4312 1075 4836 3457 5284 2670 772 4099 5592 5200 2191 463
Route #161: 310 1600 2504 1090 1135 1022 2499 3017 3583 12 4985 1455 2114 4280 4642 4588
Route #162: 5132 2682 3126 1591 4223 2332 5825 2108 4897 4999 5010 1441 1956 4100 1761 4320 5293 5436 4565 4206 1406
Route #163: 3680 5576 245 860 1397 2726 1354 5882 5419 3797 2892 2192 2463 1155 1654
Route #164: 5790 1294 2149 5709 916 2603 5453 2699 2147 5729 3185 5213 1670 733 3033
Route #165: 5047 809 112 5331 5194 2756 459 4374 5687 1684 309 1894 5124 477 3644 117 2129 2247 488
Route #166: 427 3835 3579 5597 2884 3334 3552 892 3068 5277 638 4166 2125 3133 5123 5938 3181 5594
Route #167: 5670 109 3774 1250 883 5458 5023 1514 274 1383 5343 5827 4516 686 2072
Route #168: 1893 3544 3657 3681 3193 5760 5237 3482 5493 1049 3820 602 3994 4085 5388 1648 3744 2840 1891
Route #169: 1427 2701 2285 2518 5866 358 1715 5420 3496 5394 908 4727 2558 3872 3046 4227
Route #170: 3029 2688 3228 3195 1276 753 1244 1840 2317 42 420 4439 689 334 3374 5167
Route #171: 4582 2552 653 615 5442 4523 4286 737 3324 5740 4299 3690 1642 2206 998 4963 1833 654
Route #172: 27 1326 3720 2575 5607 1394 2084 3119 780 2718 4453 5972 2138 1604 2236 1213 4537 2182 1490
Route #173: 2024 3999 5352 2155 2899 775 1129 3611 781 789 5531 1896 2648 1047 3795 3532 3460 3580
Route #174: 1962 5698 5715 1477 3131 1592 5752 5620 5494 5011 3926 1576 1307 4389 4559
Route #175: 857 3441 4880 5877 5976 4656 1478 5642 5800 5702 1299 1520 4512 3871 806 728 1012 552
Route #176: 2998 4183 5942 5498 4875 4651 5208 5883 917 2985 4787 2246 1078 4887 107 1058
Route #177: 4845 21 511 2111 1749 301 1852 4491 3212 5033 452 57 1549 1858 2563 5647 1059
Route #178: 1091 5908 3078 5113 557 2215 617 4602 2577 1673 2821 4780 4378 4950 5405 3783 677 2635
Route #179: 1126 3555 5773 415 1963 1708 346 3725 4976 2450 2917 2102 499 5837 163 4851 2133 4873 3320
Route #180: 5504 234 2053 4799 200 3450 585 906 5455 4190 2755 3829 4961 1733 3650 4145
Route #181: 3806 1674 2481 174 4043 2656 4195 3756 489 2913 2369 5890 1413 5516
Route #182: 1610 1190 3102 2634 3912 767 4354 2501 1462 2653 4440 4036 1084 1830
Route #183: 3164 5580 4935 20 1814 2646 513 5995 2836 3092 4180 2134 4924 4860 3366 1043 483 1831 3814 519 5147
Route #184: 3491 5859 492 2050 5685 5340 1311 2052 5169 1495 530 4172 3171 3237 5469 3862
Route #185: 5856 5475 2406 361 4682 3160 3704 2880 142 5376 4279 4300 3125 5552 582 3636 5460 1142
Route #186: 4454 2502 4824 4131 4194 4832 90 50 3630 2387 2164 5784 2888 1015 326
Route #187: 1919 3397 1023 1811 4781 4405 5943 3525 5997 321 2397 613 5072 5965
Route #188: 2470 5035 4711 808 2766 4268 5069 3055 3285 5326 610 1745 3996 1139 4051 4786 4693 1002 192
Route #189: 2085 1143 4062 331 4870 2720 5076 1635 4386 663 2974 5779 4119 3833 741
Route #190: 3316 36 1572 4531 5684 996 4962 3245 1018 4925 4366 1750 429 2250 1639 1298 4231 4686
Route #191: 1974 1149 4737 949 4560 1607 4700 2796 158 313 710 2468 2097 4388 1217 3945 3218
Route #192: 5357 1265 550 5454 1525 2116 3578 3811 4620 3202 4960 1254 1452 5375 2697
Route #193: 4133 258 510 4579 5658 747 641 1828 1842 822 3332 578 4285 5470 3950 2226 307 4175
Route #194: 2955 2995 4556 2799 982 5410 52 1103 5672 1163 4277 159 2891 3870 5725 5248 1428 2893 1410
Route #195: 2258 1971 2004 18 97 1310 818 770 1671 2047 3828 5444 2752 1693 2516 229 4269 5751
Route #196: 1448 639 51 4797 2622 4546 1087 4752 5417 5868 4291 3521 5279 4558 841 5688 3923 2112 2288
Route #197: 4725 4863 2480 618 5818 2123 2221 1870 628 1348 2747 2957 571 881 5812 402 5873 5840 2356
Route #198: 915 5815 2315 5570 1037 584 3658 5605 4370 2389 4189 2197 619 5467 5761 3855 2354 2990 1314
Route #199: 1206 471 4052 1638 4993 3070 2649 440 228 5320 2331 3444 1785 5933 3235
Route #200: 4113 4996 2198 1823 611 5695 5700 3327 5875 4168 4037 2488 527 2611 77 5239
Route #201: 2290 2122 1013 2066 644 3490 3272 176 1327 2059 1931 1587 4257 3207 1114 271 2293 2850
Route #202: 226 4086 1719 3639 5517 2137 3791 4690 5615 2830 817 2163 1899 4606 4571 5136 1392 1432 2952 2349 246
Route #203: 1035 319 1615 4687 2978 3472 4992 2570 4751 3152 690 2393 1795 238 1768 957 4564 5502 1555
Route #204: 697 512 2594 4416 1061 80 3317 2875 2300 269 683 1793 3224 62 2923 5829 4004 4833 621
Route #205: 1416 5026 1946 5399 3116 5872 5693 5187 1041 2235 2829 1237 3668 5934 1954
Route #206: 1144 3411 1949 760 3209 4577 4511 5662 370 5429 3388 1119 4152 3478 5560
Route #207: 1188 5414 633 4348 241 1613 844 812 600 546 4627 4104 4261 1132 1133 3573 1864 4971
Route #208: 5692 2918 5160 2725 1961 2319 1770 3312 5290 5940 139 5427 2675 3052 4762 1255 2346 1097
Route #209: 3928 85 4028 3124 1970 5382 3356 4843 2588 5703 1986 1340 4377 4847 4423 487 391
Route #210: 318 2533 5055 5301 5968 2922 5953 3466 1551 3830 5540 4767 5241 2284 5850
Route #211: 5435 4420 2294 3529 5861 2722 981 1196 4906 4073 1117 2506 1222 3530 895
Route #212: 2324 5067 5742 2260 3458 401 1836 2366 3651 1998 1681 4361 337 3382 4381 4363 1912
Route #213: 1422 1884 3190 4181 3206 5657 1189 1459 1151 529 1021 2071 2472 304 4965 5763 5059
Route #214: 685 3916 3296 5833 3808 1184 3846 3351 4080 4018 3790 4171 5525 2140 4678 2431 2019 2983 5298 1128
Route #215: 441 3161 729 2687 1363 1150 5481 2278 5732 1645 583 5614 5126 3956 1204 1617 1183 4692
Route #216: 3497 3208 4023 2096 5166 2940 5144 1751 2896 4886 1292 5719 838 5602 3337 1032 2040 2009 237
Route #217: 1748 5321 4489 2885 1408 5982 5171 4892 1226 4301 1101 3349 4385 325 3807 2942 5156 1008 4877 1134
Route #218: 3109 2316 1106 2698 2148 3929 157 1741 5425 3342 3738 4770 152 2079 2597 5967
Route #219: 2849 2627 3813 574 2422 5222 4629 4789 4524 3613 5062 5040 4296 3329 3782 394 3627 5056
Route #220: 1577 1215 145 4713 2033 26 4941 1784 4666 1191 43 3533 4446
Route #221: 5185 1692 5697 3459 2054 2992 3273 2936 1248 868 2199 1990 5648 407 3721 4683 793
Route #222: 29 905 1140 4951 5490 3993 2709 2259 2641 5188 4059 4372 3540 494
Route #223: 3664 2194 5159 3462 846 5244 521 4347 2757 2113 3023 1086 3399 1994 5100
Route #224: 4333 5770 1911 2185 845 5557 4527 518 2067 1193 1892 5218 4083 966 1720
Route #225: 3766 5920 4934 218 700 3712 270 4450 173 4449 2910 103 2527 1252 2375
Route #226: 2898 5061 308 5881 1530 5315 4317 2326 1859 4000 1944 4591 3601
Route #227: 666 4958 5032 1338 4759 1531 4016 58 5468 2225 4490 5025 472 1365 2773 3523 247 5450 2943 3963 150
Route #228: 4809 1028 3499 425 1960 3364 706 5198 2847 5263 3299 1492 725 3948 3297 5201 608 5796 2531 2119
Route #229: 4595 1809 4424 5111 2547 3146 5699 3454 4796 5671 3246 5464 5449 4901 133 125 1862 5104 1918
Route #230: 4810 4949 3584 2956 4351 1704 3869 1457 5644 4779 1799 251 4198 4151 113 4776
Route #231: 3184 2754 1430 1105 3377 5349 4427 1382 751 2966 2644 5131 3727 3745 3372 3991 1655 4276 3614 541
Route #232: 3607 1883 4710 5617 3431 343 4413 941 1426 2770 3976 1029 4698 580 2820 4705 1966 3089 4264
Route #233: 102 2954 821 5704 3936 262 3876 5480 4248 2261 2759 2906 4278 1819 4580 865 3118 4955 901 3110
Route #234: 3842 5064 5012 2440 4406 705 2941 3438 475 4365 253 961 2060 340 877 5287 2035 5690 4499 515 5265
Route #235: 4053 1755 19 3696 5049 3258 1832 5534 5894 3386 960 4496 3857 4697 2461 338 5078 990
Route #236: 734 187 1136 1537 5095 3157 393 5762 692 4216 5764 2565 547 233 4783 3775 1026 3130
Route #237: 3097 4739 2380 1873 2650 1060 3978 219 2556 5586 4881 5487 4716 4661 746 3841 1200 2677 4409
Route #238: 2714 5785 1992 5424 5831 2613 4270 1800 835 442 1259 3080 1005 61 829
Route #239: 398 5191 3938 2379 723 2093 4703 386 3598 3676 5183 4743 933 3494 372 4339 4290
Route #240: 3894 2971 4740 3010 3094 3969 1225 1505 5082 5440 3111 1301 5465 4945
Route #241: 1396 4952 3016 2220 4167 5728 4314 4717 1367 2275 1683 5613 1031 3231 2592
Route #242: 4303 5401 1710 2076 4586 1211 3571 1372 2434 1623 1186 3979 2418 2146 4229 3394
Route #243: 5777 3913 1497 3959 3934 3596 2519 5192 5823 4394 3014 5091 3873 3582 4522 2886
Route #244: 4859 3254 2443 4466 371 1980 2419 3628 2058 3726 4894 1856 831 3780 1238 4608 4669
Route #245: 2782 2007 4658 5270 3489 1178 2509 2567 2794 5782 4009 4050 3451 2313 4224 5857 3159
Route #246: 86 2548 2710 1943 1902 556 1361 2325 3898 1952 1057 479 5512 884 1565 1585 4567 3446 4613
Route #247: 1104 3139 3930 1120 3640 364 5084 14 5260 3918 5112 4605 4125 2832 5758 2357 3357 3404
Route #248: 134 1773 5474 5678 4891 1466 4822 293 2245 4701 1297 1355 814 2951 3689 5629 2680 2229 2069 5979 2874 3750
Route #249: 4008 3150 3276 2075 3211 2574 1601 4362 5181 1633 2645 5234 4045 1550 3064
Route #250: 4926 5264 811 2001 2601 3353 1324 551 5722 1909 1141 2452 4090 2727 266 5911
Route #251: 2530 3742 4220 290 243 4644 3537 1236 4667 99 4733 5337 5646 5776 3210 5810
Route #252: 4247 5716 3921 1096 1169 3788 5655 4164 2103 2270 605 2568 220 3009 1662 4544 5639
Route #253: 1877 5390 4298 1160 1672 596 3488 2991 563 209 4654 2607 5846 5101 1595 4297 3256 5590
Route #254: 5817 4203 3421 4858 3514 1502 4974 1559 727 3175 680 259 5065 3275 4811 3911 5558 5495 3985 4569 5356
Route #255: 1356 4597 5723 5368 4675 4946 3819 5983 4222 2684 1194 953 3112 4396 3335 1405
Route #256: 5507 2152 3588 2907 2809 2015 3902 5302 4444 771 5367 1547 790 5621 1046 830
Route #257: 396 486 2967 5350 2400 945 5432 2908 1781 4707 500 1727 671 3942 1697 1634 4972 4186
Route #258: 4094 714 3293 4844 54 5900 3217 1425 5889 2507 2564 1231 130 190 4657 25 2166 4177 537
Route #259: 1653 4696 2745 5225 3095 202 2867 3635 1118 4896 1805 2095 362 4460 807 1790 1979
Route #260: 929 3698 128 1464 3528 466 5179 3787 3264 1543 263 114 2034 3380 3267 5917 2704 2546 1803 3436
Route #261: 3955 704 4042 213 5339 2089 342 4903 3947 1377 46 4637 1835 1108 4003 5387 4731 5508 2016
Route #262: 3336 3367 2618 2816 5355 101 2414 5843 5814 2490 3232 715 891 3626 5966
Route #263: 4254 5950 3511 3909 4542 5285 4134 750 3881 132 1347 4795 4890
Route #264: 182 2219 3469 4853 1156 3547 3883 5506 2789 2860 2090 5904 2705 3952 1508 5769 464
Route #265: 837 375 3503 5947 1743 4521 4470 1486 1644 4116 2555 3789 1364 2091 2580 656 4426 4480
Route #266: 2392 341 2585 4991 4802 4442 3971 5986 5231 3090 2159 5118 4688 2027 566 898 4435
Route #267: 1461 4862 3699 2560 2291 5384 2063 4839 4033 1319 413 878 1180 3566 3086 3665 4202 4338 4583
Route #268: 5849 2351 5203 920 3697 2586 70 1632 16 287 2118 122 5258 92 64 3849 2457
Route #269: 3269 5547 5941 601 4525 918 1232 4358 5227 5874 1472 5448 4465 4982
Route #270: 4075 3122 171 2749 5806 907 1744 3215 5197 4803 4828 5360 5096 4027 1934 534 623 5381 769 4390
Route #271: 1234 3363 1619 708 4214 5514 1336 4801 4601 4673 4753 1496 626 1393 792 3654 1541 118
Route #272: 5905 4429 1907 4360 587 2804 5354 1764 3001 4543 5418 4274 2101 378 2672 3895
Route #273: 3845 4632 4230 531 3330 1796 3230 3343 5020 2044 239 5362 4529 4170 2694 2498 593
Route #274: 3021 2707 3493 2803 939 2302 3642 4562 2173 2271 1389 224 3236 4494 4650 4311 3771 268 4319
Route #275: 5543 3199 4337 2753 1312 4456 6000 4923 2041 3739 3674 4102 4328 3076 1637
Route #276: 559 2190 5057 1646 1538 3587 589 946 5406 4623 4349 3732 3418 2797 3197 506 1072
Route #277: 2311 1146 5189 3412 5014 5006 4155 392 3135 986 316 3632 305 348 9 273 810 5930 324
Route #278: 1532 2902 5799 903 1813 2429 647 3998 2233 3096 5378 3201 4510 1747 3406 2381 3274
Route #279: 859 2388 4614 1621 813 355 1869 4729 4978 3661 2738 1162 823 5484 3538 5892 1834
Route #280: 4800 1385 5068 4431 4572 3714 4908 5569 5412 4709 4096 5898 3562 474 4395 67 374 2214 385 2303 5029
Route #281: 1197 2263 748 5999 2779 1288 4078 5584 3414 5865 2776 4428 4983 2107 4109 2484 4674 3359 5431
Route #282: 4239 3864 93 1996 4217 4049 2637 185 4590 2018 4081 4977 1987 2864 1945 5710 4778 3989 1212
Route #283: 1641 3953 131 5345 2900 3961 947 2209 4058 803 4414 3428 5351 5524 2023 2581
Route #284: 4975 5439 2289 4655 4536 2679 4899 5342 4829 352 1964 5939 4497 4087 2666 4021 4936
Route #285: 456 4322 5922 3035 4318 2569 5858 1210 2988 5973 3975 5478 4192 417 3449 5599 3013 864
Route #286: 2524 5332 3904 5430 4060 4879 72 2277 1843 359 5294 1882 4616 377 1122 1475 5634 1157 3083 594 467 4599
Route #287: 3140 5565 3333 2930 351 5175 3242 5954 5139 4485 1679 3192 5392 1445 4986 2933 5708
Route #288: 703 336 3430 5822 4434 408 2100 2433 4989 1757 4984 2466 4838 1848 210 4211 4040 4077 1341 787 3341 2508
Route #289: 5701 1993 5718 3006 2711 5756 1463 962 3679 2329 45 5691 3433 5851 3369 2914 5714 4534
Route #290: 762 2587 4742 2109 679 4463 4267 2489 2046 3390 2167 768 1085 1614 796 3265 4415 1207
Route #291: 5022 930 206 3370 2160 624 2748 3060 5775 1687 664 3041 2903 2370 4695 5636 1801 1192 462 1138
Route #292: 5975 2822 4035 5363 4357 4326 3703 4234 4307 3123 2520 5013 657 347 4293 5538 3856 5880 2769
Route #293: 1167 3151 2979 476 1791 4885 2299 661 3713 4030 1916 3800 4804 328 3128 5110
Route #294: 3606 1533 1624 416 3609 630 2534 5168 3700 616 699 2396 4735 4915 3772 449 524 4401
Route #295: 3796 3719 453 153 5024 281 5219 5071 2355 2360 655 267 866 5472 2827 3391 2674 2532
Route #296: 1030 3290 5348 3840 4132 3024 1315 2068 2632 3120 1081 3980 3608 2298
Route #297: 744 2340 2920 2337 5707 175 468 5471 5001 1865 2909 2624 4768 4184 1878 4913
Route #298: 3453 3844 5422 1706 4 2614 5117 1735 889 1920 1616 851 4135 4538 2106 4594 105 2658 1202
Route #299: 1629 2344 333 597 1947 4944 5981 4210 5532 1628 886 5359 4108 1630 3004
Route #300: 1306 2616 4201 1449 2029 3891 3032 4340 2005 3225 3625 5217 5372 3204 4445 4461 2844 3931
Route #301: 2130 970 1766 3951 323 5325 3767 4047 2584 2973 2742 4443 3672 2522 3040 5515
Route #302: 1423 1626 4764 2912 2080 1578 367 1395 938 1285 1293 5990 1656 3701 5262 5393 1470 446
Route #303: 3294 1273 1711 3526 976 2469 2292 1571 1079 2664 5844 2428 2984 1725 1535 599
Route #304: 6 5130 2647 5918 5016 942 548 2549 562 3748 2621 1861 1076 5705 3574 2921
Route #305: 4122 5612 2598 2977 5297 2049 2695 4163 3288 2445 1318 3138 3266 591 280 2870 940
Route #306: 4947 3407 3973 498 4754 3653 2492 1925 2685 5774 2544 154 1412 3817 4343 5109 2795 5097 3085 2493
Route #307: 4502 3020 1065 1088 1881 2525 3234 1069 5209 5329 2181 1229 2207 5143 5128 2861 4046
Route #308: 232 1473 2249 1740 4188 1913 2128 3471 801 742 4917 1985 458 5521 4240 5207 4182
Route #309: 2377 4200 5909 1895 2184 1147 1335 3645 2372 3753 3413 1874 3308 4927 2162 5899 69 4840
Route #310: 5074 3410 5879 1855 34 4084 2976 3167 5545 3437 115 3965 4535 1313 3647 2572 5236 5391 5140
Route #311: 4540 3200 1121 480 4323 4513 2333 2297 921 2975 1415 435 4005 4726 1829 1113 1567 2000 5281
Route #312: 4157 1658 1812 4757 3084 1247 914 4012 495 5652 3165 4939 565 4218
Route #313: 799 561 40 1082 3486 2092 4048 802 490 3908 5125 1898 3852 373 5108 2267 3487 5288 4815 5312
Route #314: 164 4812 1245 4530 1376 1510 3715 2777 3104 776 2814 5221 5303 1780 5195 1468 91
Route #315: 1369 2474 3550 5948 3553 5199 5400 2409 3182 1500 871 1208 225 5336 2528
Route #316: 1503 5645 2948 935 4820 5233 5712 5282 379 4367 2070 3145 5951 155 3897 2165 2986 2825
Route #317: 2894 4359 1608 431 1175 3147 2503 5661 3586 4221 2721 1528 5664 2150 3705 1806 766 5138 539
Route #318: 5991 3805 2970 5272 3804 1789 3508 4376 3173 5682 745 3226 3516 3247
Route #319: 520 4557 30 1739 3047 4861 2479 5154 5186 380 3888 3518 3423 1261 934
Route #320: 5060 3747 2662 2383 2526 3098 3838 2213 2454 1663 2411 5371 4846 3044 4246 5316 5215 899
Route #321: 5567 2545 285 5802 3949 5600 2142 3148 4288 3262 3129 4375 2083 181 3716
Route #322: 4477 549 1011 3977 2139 4940 3706 3509 3957 3709 2407 5923 4368 2269 5591 5848 1778 3056
Route #323: 3502 3763 3669 1471 5896 3361 5129 4304 1485 3558 4930 1556 2367 5246 4900 3810 3114 3278
Route #324: 1808 3890 1589 758 4129 3667 652 1923 1513 4895 4732 3619 3188 876 3867 4316 4179
Route #325: 3196 3649 1476 5238 4468 3708 3354 3885 2196 4857 2853 3620 5929 5768 1569 4758
Route #326: 2591 230 1102 5623 827 2239 1342 972 4680 1501 2678 2859 836 4355 880 1539 4551 4826
Route #327: 2982 3785 1900 2651 5053 993 227 1847 1024 1889 140 4931 3925 5134 5635 856 3759 5830 4219 3392
Route #328: 1460 4006 5389 2253 2003 3156 353 2098 1370 3652 995 5654 717 2843 3834 973
Route #329: 5366 3683 1553 956 2350 1051 5528 2104 279 4694 2301 1939 1014 3155 5415 3548 3935 3227 2596
Route #330: 1938 3172 5640 235 3233 3154 460 2845 100 1302 774 3213 264 53 4324 5314 1074 294 4398 1872 2232
Route #331: 709 1440 4380 63 4807 5482 3067 151 1109 2110 3260 286 2683 2065 4771 2276 4097 2691 2671 207
Route #332: 1965 161 4869 419 1488 2807 3954 4093 3144 3445 5931 1123 3827 1924
Route #333: 2514 5145 980 4498 59 5549 5696 5273 3595 3585 5542 997 1110 1111 1439 5115 4718 1664 847
Route #334: 1529 2057 720 5811 5862 2359 1351 5083 4156 2792 2170 1927 3093 4384 5086 3322 4010 712
Route #335: 82 2768 1125 2737 5206 1148 1289 242 1016 4589 1260 2582 2189 2234 1851 1420
Route #336: 5747 4995 2382 1343 4065 2266 4660 5380 5852 3481 1321 2223 491 1027 1914 3615 4382 1390 78 1968
Route #337: 4432 1989 3900 3137 2471 3968 4408 2338 2500 1360 3967 5500 1339 447 3818 553 2436 2778 3149
Route #338: 1957 432 3313 1702 924 147 144 4225 1323 5031 5369 5563 5530 4061 590 3960 2612
Route #339: 1456 214 5041 757 3554 123 5077 885 568 2916 5135 2342 5488 3905 32 4457 3670 3746 4448 436
Route #340: 3590 3986 1328 3427 231 2557 2385 5828 1625 3539 5637 3910 3065 3718 465 3251 473 853
Route #341: 2628 4178 797 2384 5276 3311 2626 3099 629 1331 3292 5249 1797 2330 649 2444 904 4228 1262 1257 1769
Route #342: 2715 254 517 2412 1287 5496 2934 5643 1362 2915 121 759 3688 4123 5821 4874 2868 4878
Route #343: 1890 5962 5178 533 2156 1991 2633 4600 4720 4876 4082 979 5568 2785 5038 1798 3737 2642
Route #344: 5673 1676 1003 5202 968 178 3939 2459 4823 1403 1264 4548 3966 2774 1627
Route #345: 5895 1698 2599 2668 3623 3400 5924 2368 1603 1332 5579 786 721 815 5744 2960 5750 785 5122 3018 1721
Route #346: 5377 4332 5766 5437 1159 1218 2663 869 5952 3617 2848 2006 779 5319
Route #347: 5888 2996 296 2327 4148 579 577 3794 3483 2654 1718 1467 4484 3255 3141 179 850 306 10
Route #348: 2014 4959 1048 2115 514 4056 4029 1518 1786 4071 1700 542 5574 4399 1787 5080 418 4501 1305 322 3638 2927
Route #349: 3515 5193 3425 119
Cost 518690
