Route #1: 4421 3515 4441 399 5443 1651 1195 2282 3545 2889 1618 1997 2014 4959 4777 119
Route #2: 2373 5092 1721 5895 4332 5766 5437 1218 1159 2848 2006 779 5319 5377
Route #3: 5888 2996 296 2327 4148 579 3483 3794 577 306 10 850 179 3141 3255 3617 4484 4501 1305 1048 322
Route #4: 2115 5080 418 1787 5574 542 4399 514 4056 4029 1700 4071 1518 1786 869 1467 1718 2663 2654 5952
Route #5: 2204 1660 166 5674 4784 726 1890 2868 4878 1827 3220 3899 5087 451 3568
Route #6: 1498 2946 4139 2606 1158 4068 3631 5826 3848 5650 3163 2384 2934 797 4178 5643
Route #7: 4123 3688 759 1362 2895 1667 2628 2444 649 2330 5276 3311 1797 904 4228 1262 2915 1257 1769 121
Route #8: 4502 3020 1065 1088 106 1375 3066 3776 5727 1063 4046 5855 2890 1594 2861 4182 4344 1300
Route #9: 2493 3085 5097 2795 498 3973 4848 2013 4165 5921 3061 5491 3673 5535 5887 3402 3373 455 5824
Route #10: 3398 5165 1137 5109 3817 1412 154 2544 5774 2685 1925 2492 3653 4343 4754 2994 3879 2049 2541
Route #11: 5328 195 4947 5297 3407 4672 3865 4473 2695 4163 5304 668 2855 635 1399 3987 1776
Route #12: 4478 4504 222 165 5665 478 4260 4422 2296 216 3007 5871 1395 3091 2938 3263
Route #13: 5804 3214 1511 3344 454 1258 1001 1772 1984 3053 1006 367 502 3405 4089 1384 852
Route #14: 1187 4362 2645 1633 5181 4926 5264 3353 2601 2001 811 1423 1626 4764
Route #15: 1324 551 3742 2530 4220 290 727 3175 680 259 1356 4597 5723 4946 4675 5368 2584
Route #16: 1405 4396 3335 3819 5983 3112 953 1194 4047 2684 4222 2809 2907 2015 3588 2152 5507
Route #17: 4885 2299 661 3713 4030 5302 396 486 5350 2967 4444 771 5367 1547 790 3902 5621 1046
Route #18: 2400 945 5432 2908 1781 4707 500 1727 537 4177 2166 4094 4972 1634 1697 3942 671 3856
Route #19: 25 190 130 1231 2564 2507 5889 4696 1979 1790 807 1653 3703 4326 4357 4234 4307 2520 3123
Route #20: 762 1687 2903 3041 664 4460 362 3789 1364 2091 2580 656 4426 2109 4463 4267 4742 2587 2489
Route #21: 5022 930 206 3370 2160 624 2748 3060 5775 4035 5363 2370 4695 5636 657 5538 4293 347 1801 1192 462 1138
Route #22: 4435 898 566 4480 5118 679 2159 4688 2027 3090 5231 5986 3971 4442 4802 4991 2585
Route #23: 2392 796 1614 1085 2190 5057 1646 3587 2041 3739 4923 2560 3699 4862 1461 341
Route #24: 559 1538 589 946 5406 4623 4349 3732 3418 2797 3632 1072 506 3197 4415 3265
Route #25: 2311 3998 392 3135 986 316 305 4155 5006 5014 5189 1146 3412 9 273 810 5930 324 647
Route #26: 1532 2902 5799 903 1813 2429 348 2233 3096 5378 813 1747 3406 2381 3274 2388 4510 3201
Route #27: 385 2214 374 859 4614 1621 355 1869 4729 4978 3661 2738 1162 823 5484 3538 5892 1834
Route #28: 4109 2484 4674 3359 5431 5412 5569 4908 3714 4709 5898 3562 4096 4572 4431 5068 1385 4395 67 474 4800
Route #29: 2107 3864 93 185 4590 2018 4081 4977 1987 2864 1945 5710 4778 4239 4077 3414 5865 2776 4428 4983
Route #30: 2637 4049 4217 1641 4497 5342 2679 456 4899 4829 352 4322 1964 5939 3192 5392 1445 4986 2933 5708
Route #31: 359 5294 864 3013 5599 5478 3975 5973 2988 1210 351 2930 2569 5858 4318 3035 5922
Route #32: 2524 5332 3904 5430 4060 4879 72 2277 1843 1882 3449 4192 417 377 1475 5634 1157 3083 594 467 4599
Route #33: 4616 1122 5954 3242 5139 4485 1679 5175 3953 131 5345 4087 2666 4021 5439 4975
Route #34: 4936 5524 2900 3961 947 5351 2209 4536 2289 4058 803 3428 4414 2023 2581
Route #35: 1212 3989 4078 5584 1341 3140 3333 5565 787 2508 3341 4655 1996 1288 5999 748 2779 2263
Route #36: 1197 4838 1848 210 4211 4040 5851 3369 2914 5714 2466 4984 1757 4989 2433 2100 4434 5822 3430 336 703
Route #37: 5701 1993 5718 408 45 3679 962 1463 2329 3006 2711 5756 2303 5029 3433 5691 4534
Route #38: 1207 5384 2063 16 287 2118 122 5258 92 64 3849 2457 4982 623 4465 5448
Route #39: 171 5547 4525 601 918 1232 4358 5227 5874 1472 5360 4828 5941 3269 2749 3122 4075
Route #40: 4753 4673 4601 4801 1336 5514 4390 769 5381 534 1934 4027 5096 4803 5197 3215 1744 907 5806
Route #41: 3654 792 1496 626 1393 708 1619 3363 4360 587 2804 5354 1764 3001 4543 5418 2101 4274
Route #42: 4632 4230 531 3330 1796 2694 4170 4529 239 2044 5362 3230 3343 5020 378 2672 3895
Route #43: 3021 2707 3493 2803 939 3845 2302 3642 4562 2173 2271 1389 224 3236 4494 4650 4311 3771 268 4319
Route #44: 5543 3199 4337 2753 1312 593 2498 4456 3674 1907 1234 1541 118 4429 5905
Route #45: 1637 3076 4102 4328 6000 4214 4338 4202 878 4839 4033 413 1180 5849 3566 3665 3086 4583
Route #46: 920 5203 3697 2586 2351 70 1632 1319 2291 2860 4896 1805 2095 2555 2046 3390 768 2167
Route #47: 2219 3469 3547 4853 837 1156 375 3503 5947 1743 4521 4470 1486 4116 1644 3883
Route #48: 182 2789 5506 1118 2867 3635 5225 202 3095 3436 1803 2546 2704 5917 3267 3380 2034
Route #49: 114 891 3626 5966 5285 4134 4542 3909 715 263 1543 3264 3787 929 3698 5508 2016 2414
Route #50: 3336 3367 5355 101 5843 4731 4003 5387 3528 1464 128 3232 2490 5814 2816 2618
Route #51: 3955 704 4042 213 5339 2089 342 4903 3947 1377 46 4637 1835 1108 466 5179 750
Route #52: 4254 5950 3511 3881 132 3952 2705 2090 5904 1508 5769 1347 4795 4890 464
Route #53: 1791 2769 4186 4657 714 3293 4844 54 5900 3217 1425 2745 5013 2822 5880 5975
Route #54: 1167 3151 476 2979 5110 830 3609 630 1916 3800 4804 328 3128 3606 4401 5217
Route #55: 5372 3772 4915 2396 699 2532 3391 2674 281 5024 153 453 3719 3796 616 3700 4735 449 524
Route #56: 5219 3608 2298 2340 2920 2337 5707 4768 4184 1081 3980 2355 5071
Route #57: 1030 3290 5472 866 267 655 3120 5471 468 175 2624 2909 5001 1865 1878 2360
Route #58: 3844 5422 1706 5348 3840 4132 3024 1315 2068 2632 4913 744 2827 1920 1616 851 4135 4538
Route #59: 1629 2344 333 597 1947 4944 4210 3453 5981 1202 2658 2106 4594 3204 4445 105 2005 3225
Route #60: 1306 3004 1630 3931 2844 4108 5532 1628 886 5359 4340 3032 3891 2029 1449 4201 2616
Route #61: 2973 5639 4544 3767 3625 1533 1624 416 2534 5168 889 1735 5117 2614 4 4461
Route #62: 5817 4203 3421 3514 1502 4974 1559 1662 3009 220 2568 605 2270 2103 4164 4858 5655 1169 1096
Route #63: 3921 3788 5390 4298 1672 596 3488 4654 5846 5101 1595 4297 3256 5590 1877 4247 5716
Route #64: 3911 5558 5495 5356 4569 2607 209 563 2991 3985 1160 4811 3275 5065 243 4644 1909 5722
Route #65: 5325 2742 5911 266 4090 2452 1141 3537 1236 4667 99 4733 5337 5646 5776 2727 3210 5810
Route #66: 2130 3040 5515 1578 2522 3672 4443 2080 970 1766 3951 323 2912 1521
Route #67: 2238 1465 4552 2949 5155 4045 5234 357 1601 2574 2787 5255 2486 2011 2517 257 1414
Route #68: 4008 3150 3276 3404 1104 1057 3036 2248 5112 4605 4125 2832 5758 3357 2357 1773 3750 134
Route #69: 2229 2680 5629 3689 3918 5260 14 5084 364 814 2951 1355 1297 3640 1120 3930 3139 4891
Route #70: 2069 5979 2874 4822 293 2245 4701 1466 5678 5474 479 5512 884 1565 1943 2710 2548 3446 4567 1585 86
Route #71: 4613 4980 4708 3982 4827 1951 4364 381 2886 4522 1902 3254 4859 5091 3582 3873 2460
Route #72: 2443 4466 371 1980 2419 2058 1238 3780 3628 4608 4669 4658 2007 2782 2325 1361 556 1952 3898
Route #73: 4224 2313 4050 4009 5782 2794 3451 2567 2509 1178 4894 1856 831 3489 5270
Route #74: 3187 5627 2562 3014 4394 5857 3726 3159 5935 2153 5445 4932 4064 3358 2410 4063
Route #75: 4325 2418 3979 1988 2352 4942 3 38 3134 5519 1552 4587 2483 2733 5694 3034 4495 4336
Route #76: 3394 4303 5401 1710 2146 4229 2076 4586 1211 1372 2434 1186 1623 1935 2761 2735
Route #77: 3307 3231 4459 2174 1145 2336 3178 5254 1860 3166 3512 3666 433 4852 5161 5459
Route #78: 2592 3142 2950 3941 3851 3008 2767 5963 3589 104 2652 4373 5220 604 674
Route #79: 5094 1031 4137 4702 5151 670 2051 1760 4532 5365 4621 5809 3798 4782 3901
Route #80: 1992 5785 2714 4897 2108 1761 4100 5720 4952 646 5663 1282 5386 3000 2442 1901 5028 1095 3016
Route #81: 5424 5831 2613 4270 1800 398 3494 933 4703 386 3598 372 4339 4290 442 835
Route #82: 5465 5191 3938 2379 723 2093 3676 5183 4743 3094 3010 2971 3111 1301 4945
Route #83: 3894 5440 5082 1505 1225 4740 3969 1155 1654 245 5576 3680 1441 1956 5010 4999
Route #84: 2463 2192 1354 5419 5882 1259 3080 2149 1294 5790 2726 1397 860 3797 2892
Route #85: 3097 5709 916 3033 733 1670 5213 3185 5729 2147 112 5331 459 2756 4374 5687 1684 3644
Route #86: 488 2247 2129 117 477 5124 1894 309 427 4183 4875 4651 2985 917 5498 5942 2998 4682
Route #87: 1059 5647 2563 1858 1852 4491 1549 57 452 5033 3212 20 4935 301 1749 2111 511 21
Route #88: 2635 677 3783 1610 5405 1091 513 5995 2836 3092 4180 2134 4924 4860 3366 1043 483 1831 3814 519
Route #89: 4950 4378 4780 5908 5113 557 2215 617 4602 2577 1673 3078 1190 1963 415 5773 3555 2821
Route #90: 5837 499 2102 3650 2755 906 5455 4190 3450 4799 2053 4145 346 3725 4976 1708 2450 2917
Route #91: 3829 4961 1733 1674 2481 174 3756 2913 489 4195 4043 2656 200 585 234 5504
Route #92: 3806 5890 2369 3102 2634 2653 4440 1462 2501 3912 767 4354 1413 5516
Route #93: 5685 5580 5340 1311 2052 1814 2646 1126 3320 4873 2133 4851 163 1830 4036 1084
Route #94: 5856 2406 5475 5469 3862 3237 3171 4172 530 1495 5169 361 3164 5147 2050 492 5859 3491
Route #95: 3835 3579 5594 3181 5938 5123 2884 5597 3334 3133 3552 892 4516 5883 5208 4845
Route #96: 5827 5343 1893 3544 3657 2840 1891 3744 1648 4085 3994 1049 5493 3482 5237 5760 3193 3681
Route #97: 5388 602 3820 4227 3046 3872 2558 4727 908 5394 3496 5420 1962 3441 5877 4880
Route #98: 857 5866 2518 5167 1427 2701 2285 334 689 1840 42 420 4439 358 1715 5976
Route #99: 654 1833 4963 998 2206 1642 3690 4299 5740 3324 737 4286 4523 5442 615 653 2552 4582 2317
Route #100: 27 1326 3720 2575 5607 1394 2084 3119 780 2718 4453 5972 2138 1604 1213 4537 1490 1129 775 2899
Route #101: 2155 5352 3611 1592 5620 5494 1047 2648 1896 5531 789 3795 3532 3460 781 3999 2024
Route #102: 3580 4559 4389 1307 1576 3926 5011 5752 3131 1477 5698 5715 2182 2236 1244
Route #103: 728 806 3871 1478 5642 5800 5702 1299 3374 753 1276 3195 3228 2688 3029
Route #104: 2072 686 4787 4512 1520 4656 1058 107 4887 552 1012 2246 1078 4166 638 5277 3068
Route #105: 142 2880 3704 3160 5670 109 3774 1250 883 5458 5023 1514 274 1383 2125 5194
Route #106: 5376 809 2699 5453 2603 5047 4279 4300 3125 5552 582 3636 5460 1142 4832 4194 4131 4824
Route #107: 4454 2502 90 50 3630 2387 2164 5784 321 2888 1015 326 613 5072 5965
Route #108: 1919 3397 1023 1811 4781 4405 2470 5035 192 1002 4693 4786 4711 4051 4661 746 2397
Route #109: 4739 2650 1060 3978 219 2556 5586 4881 4716 5487 3775 1139 4783 3130 3841 1200 2677 1873 2380
Route #110: 1026 1745 3996 610 808 2766 4268 2565 5764 4216 547 2974 5779 4119 3055 5069 3833 741
Route #111: 4133 258 4579 5658 747 4870 331 4062 1143 233 692 5762 393 3157 5095 663 1136 510 307 4175
Route #112: 2226 3950 5470 5672 1103 1163 3870 5725 5248 2891 159 4277 52 4285 578 5410 2799
Route #113: 982 4556 2995 2955 1410 2893 1428 229 2516 1693 2047 1671 3828 5444 2752 2954 102 821 5704 3936
Route #114: 770 2261 4248 5480 1310 818 97 18 2004 1971 5881 308 2258 4797 51
Route #115: 5873 402 5812 881 571 2957 2983 5298 1184 1128 5833 3808 3916 685 1183 4692 3161 441 1252 3337 5602
Route #116: 3497 3208 4023 2096 5166 2940 1751 5144 2896 4886 1292 5719 838 2040 2009 237 2885 5321
Route #117: 5967 1134 4877 1008 5156 2942 3807 325 4301 1101 1226 4892 5171 1032 5982 1408 4489 1748
Route #118: 2849 2627 5056 2316 3109 1106 2698 2148 3929 157 1741 5425 3342 3738 4770 152 2079 2597
Route #119: 3627 394 3782 3329 5040 4296 1191 43 3533 4446 5062 4524 3613 4629 5222 2422 574 3813
Route #120: 1577 5185 173 1692 4789 1215 145 4713 2033 26 1784 4666 4941
Route #121: 793 407 3721 4683 5697 2054 2992 3273 2936 29 5100 1248 868 2199 1990 5648
Route #122: 905 4347 2757 521 5244 2641 5188 2259 2709 3993 5490 1140 4951 2194
Route #123: 4333 3664 1994 3399 1086 3023 2113 846 3462 4059 5159 4372 3540 494
Route #124: 5770 1911 2185 845 5557 4527 518 2067 1193 1892 5218 4083 1720 270 966 3766
Route #125: 729 2687 1363 5614 5481 3349 4385 2527 103 2910 4449 4450 3459 3712 700 5920 218 4934
Route #126: 5732 1645 583 2278 1150 5126 3956 1204 1617 2375 1348 3846 2431 2140 4678 2019 2747 2480 4863 3296
Route #127: 628 1870 2221 618 5818 2123 5815 2990 1314 915 3790 4018 4171 5525 4080 3351
Route #128: 2315 5761 4363 4381 1998 1681 3190 4181 3206 5657 1189 1459 1151 4965 4361 337 3382 3855
Route #129: 5763 1021 529 2071 2472 304 4052 471 1206 3658 5605 4370 2197 619 5467
Route #130: 2122 3235 4996 4113 1823 2198 1785 3444 2331 5320 228 440 2649 3070 4993 1638
Route #131: 5933 611 644 3490 5700 5695 3327 4168 3272 176 1327 2059 1587 4257 3207 1931 4037 2488
Route #132: 5570 584 1037 2290 2850 5615 2293 4690 5239 1114 271 77 2611 527 5875 2066 1013 4189
Route #133: 1432 5136 4571 4606 1899 817 2163 2389 2830 2349 2952 246 3791 2137 2978 3472 4992 2570
Route #134: 5067 5435 4420 318 1795 2393 2533 2294 1117 4073 2506 1222 3530 895 1836 2366 401 3458
Route #135: 2324 3152 690 621 4833 4004 5829 2923 3224 2722 981 1196 5861 4906 3529 2260 5742
Route #136: 62 1793 683 269 2300 2875 3317 80 1946 5399 3116 5872 5693 5187 1041 2235 2829 1237
Route #137: 3411 760 1949 3388 5429 370 5662 4511 4577 633 4348 241 5414 1188 1119 3209
Route #138: 1132 4261 4104 4627 546 600 812 844 1613 1255 4762 3052 5940 2346 1097 3573 1133 1864 4971
Route #139: 5160 2725 2675 5427 139 5290 3312 1770 2319 1961 2918 5692 5382 3356 1970 3124 1340 85 4028
Route #140: 391 487 4423 4847 4377 1986 5703 4843 2588 4767 5540 3830 5953 3466 1551
Route #141: 5850 2284 3928 5241 2922 4152 3478 5560 1144 3668 5934 5968 5301 5055
Route #142: 697 512 1954 2594 4416 1061 5026 1416 4751 3651 5517 3639 1719 4086 226 1768 957 4564
Route #143: 5502 1555 1035 319 1615 4687 238 1392 1912 2354 5059 1884 1422 2898 5061 639 5840 2356 4725
Route #144: 1448 1087 2622 3110 4955 901 4591 3601 4546 4752 5417 5868 4291 3521 5279 4558 841 5688 3923 2112 2288
Route #145: 1944 4000 1859 2326 4317 150 3963 5315 1530 4759 5032 4958 666 1338 865 4580 3118
Route #146: 1531 4016 2943 5450 247 3523 2773 1365 472 5025 4490 2225 5468 58 5796 608 5201 5263 3299 2847 5198 706
Route #147: 4809 1028 425 3499 5449 5464 3246 5671 4796 343 3431 3454 5699 3146 725 1492 2531 2119 3364 1960
Route #148: 1918 5104 1862 125 4810 133 4901 4776 541 3614 4276 1655 3745 3372 751 1382 4427 5349 3991
Route #149: 4264 3089 1966 4705 580 3377 4698 1029 3976 2770 1426 3584 113 941 4413 1105 1430 2754 3184 2820
Route #150: 2956 4351 1704 3869 1457 5644 4779 4151 2966 4198 251 1799 2644 5131 3727
Route #151: 262 5617 4710 4949 4424 4595 1809 5111 3297 3948 2547 1883 1819 3607 4499 515 4278 2906 2759 3876
Route #152: 4053 2440 4406 3438 5751 4269 5265 5690 2035 5287 877 340 961 253 2060 4365 475 5078 2941 705 5064 3842 5012
Route #153: 990 734 338 2461 1755 4697 3857 4496 960 3386 5894 5534 1832 3258 5049 3696 19
Route #154: 187 4686 1298 4231 1572 1828 1842 641 36 3316 5076 1635 4386 2720 1537
Route #155: 1639 1750 4366 4531 5684 996 3245 4962 949 4560 1607 313 710 1217 1018 3218 429 2250
Route #156: 5357 1265 550 1974 1149 4737 4700 2796 158 2468 2097 4388 3945 3202 4960 1254 1452 5375 2697
Route #157: 5943 3525 5997 2085 3285 5326 1525 2116 4620 3811 3578 5454 822 3332 4925
Route #158: 4312 3376 1695 5955 5293 4818 829 61 1005 4409 414 1875 5522 2802 1534 5825 5274 1371
Route #159: 4099 772 2670 3017 1406 5284 3457 702 3892 2332 4223 1591 2682 3126 481 4806 1075 4836
Route #160: 310 1600 2504 1090 2499 1135 1022 5434 463 2191 5200 5592 12 1455 2114 4280 4642 4588
Route #161: 5132 406 5269 1171 2736 5897 2826 255 4744 1112 4310 2788 4320 5436 4565 5994 4206 3583 4985
Route #162: 5630 3836 2623 2417 3183 4671 3447 1100 2188 863 5585 1866 1127 5675 485 1333 3946
Route #163: 1826 5210 4907 4817 4356 5863 5466 4821 411 1062 5066 3048 116 1039 3079 4464 5247 197 3468
Route #164: 2322 3754 5438 4041 971 3561 1580 3932 277 854 1173 622 1734 800 1042
Route #165: 2386 2605 5573 4207 2447 2887 5286 496 994 4057 4147 282 3426 4130 2958 4872 4115 525 1153
Route #166: 4369 5638 4699 2764 1593 2862 3749 1350 4514 2451 1709 2055 958 3723 4199 426
Route #167: 612 5794 1443 3403 1807 4287 41 4508 3592 4329 1763 4295 4481 320 2275 1683 110
Route #168: 5711 5613 2220 4167 1367 5728 4314 4717 493 1442 2993 2911 1517 1 1926 681 5819 543 5107 327
Route #169: 4153 3253 4664 4933 1685 4922 5603 24 5037 5403 4849 2365 2195 47 1879 1402 2513 295 735 5808 1454
Route #170: 3581 1316 1933 572 5520 2537 1885 484 2026 4662 5801 2186 985 4249 3692 984 2841 4831 3896
Route #171: 3784 4677 4905 691 2790 2655 3186 4026 3610 3570 2028 3634 4205 3331 2175 5452 3826 983 4918
Route #172: 1396 4038 2989 4091 825 3422 4419 4547 1742 2771 4120 2857 3824 4584 3360 330 5322 3571 3170 3981
Route #173: 5777 5996 1433 4001 3799 1929 5511 2817 3940 3575 2421 2497 3005 37 48 2617 5216 2446
Route #174: 3707 4704 3752 2869 5000 2395 1982 5823 1228 1034 4837 5192 2519 3596 3934 3959 1497 3913
Route #175: 5961 4486 4684 5633 149 421 2168 4979 2075 3211 1550 3064 3368 2361 4110 1419 4622 2208
Route #176: 1285 938 713 2987 5893 3920 4898 5323 3825 3751 2576 4243 5575 3633 1293 5990 1656 3701 5262 5393 1470
Route #177: 599 1535 1725 2984 2428 5844 2664 1079 1571 446 1076 1711 3526 976 2469
Route #178: 2921 3574 5705 3294 1273 1861 2621 3748 548 2549 942 5016 5918 2647 5130 6
Route #179: 562 2292 940 3266 3138 3288 4929 2445 1318 591 2870 280 2977 2598 5612 4122
Route #180: 188 1309 5679 3702 3234 1881 2525 1069 5209 5329 5143 5128 2207 1229 2181 3243 3602
Route #181: 232 1473 2249 1740 4188 5207 4240 1913 436 214 1456 5041 757 3554 885 5077 123
Route #182: 2626 568 2916 5135 2342 5488 3905 32 853 473 3251 3065 3910 465 3099 1331 3292 5249
Route #183: 3590 3986 1328 3427 231 2557 2385 5828 1625 3539 629 5637 3718 2184 1895 5909 4200 2377
Route #184: 1147 3647 4726 1829 435 1415 2975 4513 4323 480 1121 1567 2000 5281 5391 2572 5236 3313 3670 432 1957 3746
Route #185: 565 4218 2333 2297 921 4157 1658 1812 4757 3084 495 1247 4005 1113
Route #186: 980 4498 5273 3595 3585 5542 997 1110 1111 3392 561 799 5652 3165 4939 4012 914
Route #187: 59 5549 5696 2057 720 5083 1351 4156 2792 2170 1927 3093 4384 5086 3322 4010 712
Route #188: 147 144 1260 4589 1016 242 1289 1148 5206 2737 1125 5862 2359 5811 2768 1529 82
Route #189: 1420 1851 2234 2189 3481 1321 2223 4660 5031 2266 4065 491 1027 1914 3615 4382 1343
Route #190: 2471 3968 3137 4408 2338 5500 1339 3818 553 1390 2382 5747 4995 78 1968 447 3967 1360 2500 3900
Route #191: 4432 1989 3149 2778 2436 4225 1323 5369 5563 5530 2612 3960 4061 590 2582 5852 5380 2253
Route #192: 235 5366 3683 1553 956 2350 1051 4093 5528 2104 2596 3227 3935 3548 973 2003 5389 4006 1460
Route #193: 1924 3827 1123 5931 3445 3954 2683 2065 1488 4771 2276 419 4869 2671 4097 2691 207
Route #194: 161 1965 2807 5640 3172 1938 2232 63 4380 1440 286 3260 2110 1074 294 4398 1872
Route #195: 709 5314 4807 5482 3067 151 4324 53 264 3213 774 1302 1109 100 2845 3154 3233 460 3144 1664 4718 5115 847 5145
Route #196: 2514 3834 2843 717 5654 3156 995 3652 353 1370 1939 4694 1014 5415 3155 279
Route #197: 2301 2098 490 3908 5125 1898 373 5108 2267 5768 5929 2982 3852 3486 1082 40 1439
Route #198: 2853 4857 2196 3885 3354 3708 1539 4551 3785 1900 880 4355 836 2859 972 1342 2239 230
Route #199: 1569 3487 3620 4826 2651 827 5623 1102 2591 5053 2678 1501 4680 993 227 1847 1024 1889
Route #200: 164 1510 1376 4530 1245 4812 4758 5288 4815 5312 5221 5303 2777 3715 1780 5195
Route #201: 91 1468 3104 776 5336 225 1208 3145 1476 5951 155 3649 3897 2165 4179
Route #202: 3196 876 5661 3188 5991 1175 1608 3147 2503 4359 5233 5712 5282 379 4367 4316 3867
Route #203: 4557 30 1739 3047 4861 3247 3516 3226 745 5682 3173 4376 3508 2970 3805
Route #204: 2545 285 5802 3949 3838 2213 520 1663 2454 3098 2526 2383 2662 2083 5060 3747 181
Route #205: 3716 899 5215 5316 4246 3044 4846 5371 2411 2479 3148 2142 3262 3129 4375 5600 5567
Route #206: 3423 3518 3888 380 5186 5154 4288 3056 5923 2407 3509 4477 1261 934
Route #207: 1808 1589 652 3667 5246 1011 3977 3810 3114 2139 4940 3278 3706 549 1923 1513 3890
Route #208: 5848 5591 2269 4368 3709 3957 2367 1556 4900 4930 3558 4129 1485 4304 5129 3361 5896 1471 3669 3763 758 3502
Route #209: 2894 539 4820 431 3804 1789 3619 4732 4895 1778 5272 3586 935 2948 5645 1503 766 5138
Route #210: 2825 2986 5238 4468 871 1500 3182 2409 4221 2150 3705 5664 2721 1528 1806
Route #211: 924 1369 2528 2814 2070 3550 5948 2474 3553 5199 5400 3925 4931 140 5134 5635 856 3759 5830 4219 802 4048 2092
Route #212: 4840 69 5899 2162 4927 3167 2976 5545 3437 115 1874 3308 3753 2372 3645 1335 4457 1702 3200 4540 5140
Route #213: 5074 3410 5879 1855 34 4084 4535 3965 3413 1313 4448 2128 742 4917 1985 458 5521
Route #214: 2715 254 517 2412 4874 5821 1287 5496 801 3471 5178 5962 5568 2785 5038 3737
Route #215: 5673 1627 2774 1676 1003 5202 968 178 3939 2459 4823 4876 4082 979 533
Route #216: 1698 3966 2599 3400 5924 2368 3623 1603 1332 5579 786 721 815 5744 2668 4548 1264 1403 1991 2156
Route #217: 4882 1666 4554 2897 540 2579 2642 1798 2633 4600 4720 2960 5750 785 5122 3018 28 2728 1453 5606 724
Route #218: 4403 5486 2693 669 5157 5726 1948 4808 3301 4208 5957 5193 3638 3425 2927 5537 840
Route #219: 2901 3189 5034 3113 731 4816 443 4585 4953 4912 1209 5680 3770 4760 183 2321 3325 1573 5046 2980
Route #220: 532 3717 1967 1977 3543 2283 948 1736 2312 672 4515 1867 3038 4607 3303 3764 4798
Route #221: 698 4315 3027 5797 3473 4617 1688 56 3443 5651 2540 4235 2358 2963
Route #222: 2241 3541 2772 2734 3874 5223 5884 4174 5609 1928 3304 1401 3878 236 4835 4039 3822
Route #223: 4549 2962 3287 4474 2643 4143 5755 1771 4321 5724 1093 2281 1251 1243 2308 1083 3279 5116 5280
Route #224: 4646 607 5374 3452 882 445 773 5733 5845 2187 4158 1906 1716 4967 1094 2335
Route #225: 275 1431 168 5311 2048 412 189 300 4734 2364 3069 3821 1958 4566 201 3389 5641 5838
Route #226: 2416 3765 4007 83 177 1107 2937 2791 1124 5992 186 5278 828 4488
Route #227: 2854 2081 5004 3656 1219 4187 1404 5346 5551 1844 284 5745 1686 376
Route #228: 297 5242 312 3295 5226 3338 4948 5256 1609 5913 1233 1527 1223 4649 5754 5626
Route #229: 3560 3467 1359 1516 992 5903 687 4592 2554 2485 2846 3028 4191 2286 448
Route #230: 3531 3440 2798 4117 5980 2087 1546 4197 1007 5550 943 2012 3286 4255 5969 5411 5956 5149 1481
Route #231: 335 4505 4747 2020 1444 3012 2928 5196 4625 569 5021 1241 2343 2216
Route #232: 682 3662 3527 3678 3176 896 3439 5245 2126 5007 3042 5668 1570 5757 5582 170 196 5003 5572
Route #233: 3853 3618 3319 4636 5099 4728 3641 5334 1280 4712 3757 1263 912 4819 167
Route #234: 4105 2620 5598 4854 5778 3693 3396 3409 22 5526 5854 2430 1978 5335 3863 3495
Route #235: 1325 2203 5971 1575 1584 694 1278 2378 2879 3315 2723 49 5305 2064 400 4121 95 3283
Route #236: 3801 2824 1152 627 5395 536 3022 2345 315 5489 5870 4250 13 937 3643 3216 2127 5987
Route #237: 1166 3298 5396 5915 169 4785 2094 2495 4140 1036 4072 3347 2022 555 3326 2851 1272 2660 5177
Route #238: 3599 5361 1652 764 1038 5746 136 3291 2117 554 2415 65 3682 695 5786 2805 2257 5546
Route #239: 5619 3252 3383 3318 2904 3500 925 4412 1995 2274 1344 959 4353 3520 2036 4619
Route #240: 5180 2535 5009 8 345 3866 5867 4425 2573 7 1493 4469 879 3476 1308 4814 2602 3003
Route #241: 5250 3015 5577 1936 5925 765 3387 3535 289 2218 5407 5205 3289
Route #242: 5730 4025 5536 4578 1499 5289 3058 4404 1903 17 5885 311 249 3875 4092 501 1876
Route #243: 505 1622 1080 4176 4335 5798 1489 3223 198 1582 634 4865 5228 2 1172 5479 4251
Route #244: 5738 5170 5958 4213 3660 3310 5499 2491 5783 5902 1599 138 900
Route #245: 3691 4114 2639 3755 1116 3995 1816 5045 5158 3174 4069 1246 5089 1904 4101 2252 2732
Route #246: 5243 1597 5984 3002 1588 526 2968 1270 2017 3249 4126 3557 3567 356 1598 2751 2135
Route #247: 5927 936 1487 5428 2608 1665 2398 3371 1400 68 1758 4138 4330 191 2169 693 3281
Route #248: 4244 4871 2724 5503 272 673 503 2031 1677 1810 2939 3915 2435 1458 581 5008
Route #249: 3384 1092 5268 1474 2858 5190 1164 5416 1557 1854 858 2812 5114 4106 2865 1512 3432 4111
Route #250: 2566 5102 567 3659 4503 3106 2043 497 3559 4563 3455 4663 2362 3677
Route #251: 4294 3741 2743 1886 5133 5299 2172 5835 1179 2178 4864 3832 730 1732 2640 3063 1713 642
Route #252: 2455 5780 1717 2511 3572 1115 5119 1908 3346 2437 2661 2681 4024 5015 1703 4541 2815 204 4888
Route #253: 888 3886 4653 5127 5676 108 1540 740 1230 4098 1649 3350 3250 4306 1643 4883 1611
Route #254: 2078 2143 3031 1752 2074 3988 4149 4596 137 1434 1548 382
Route #255: 5960 31 3724 3937 2852 278 3687 4676 777 1620 4919 4774 4173 719 3569 4574 2183
Route #256: 667 3655 2538 3735 2347 4772 1999 1506 573 2657 658 625 2818 2314 5492 1910
Route #257: 409 5308 3461 5561 2700 3695 5631 4773 4756 5593 120 3479 1317 910 4990 4345 3417
Route #258: 1691 76 2673 3792 2179 360 317 1304 1788 349 60 1728 598 1221 404 2255
Route #259: 94 570 2441 3927 2473 791 4447 1438 5578 4233 71 2811 1730 1562 640 2717 4492 893 2741
Route #260: 2692 3831 1942 2264 1762 3506 2763 5347 5002 3733 752 586 1303
Route #261: 4615 1214 3026 5461 2404 4500 3729 4238 2145 450 2272 665 1969 5555 5505 4455 365
Route #262: 1266 3743 5932 2536 1391 1054 636 5813 2800 651 4066 967 4634 314 4746 5914
Route #263: 1857 3271 4411 5735 2523 2391 1955 3108 4263 2086 4736 2240 2402 5529 2211 4518 2371 2002
Route #264: 2154 1286 5610 4128 2176 2619 504 4472 4706 5266 3812 5510 1837 2432 1507 5121 1661 5446
Route #265: 3731 2746 3781 1729 3576 469 4973 3268 4910 4241 4159 1379 1424 5019 5257 5611 931 4635
Route #266: 3345 732 5 2999 1917 4458 1491 5807 5048 1450 283 5513 4689 1880 2082 3786 3465 3768 834
Route #267: 1421 755 2449 4209 156 4226 1554 2625 3922 1484 4997 4841 3424 788 558 3646
Route #268: 4400 5058 3498 1705 4576 203 1480 722 2374 1631 3593 1767 2141 5211 5477 4034 2997 3648 826
Route #269: 1682 4638 2231 1536 4604 2919 5793 3072 5748 2878 5330 4281 5653 383 2676 1295 5616
Route #270: 2465 126 5842 614 3191 344 5926 2925 1714 1205 1647 1775 1560 2073 5230 2839 1098
Route #271: 2636 211 1838 675 302 5433 4308 3889 4379 545 4417 711 3305 5739 4628 1000 1227
Route #272: 987 3492 5544 1040 4761 5042 4161 2542 3261 2243 423 3222 5977 5541 952 588 4258 4387
Route #273: 4598 5660 5993 5063 405 3603 4341 3859 397 3049 2871 3198 4433 1544 5497 3809 974
Route #274: 388 3464 5632 1071 1574 1941 4539 5039 4032 4968 4076 2604 5847 127 1224 4722 5318
Route #275: 5044 3107 5946 875 1373 292 4868 575 23 1558 932 4015 4937 2703 3675 4196 1131 1353 1181
Route #276: 180 1722 5182 2834 1754 564 2571 3594 5539 919 3694 3542 4467 2866 4555 3282 2306
Route #277: 798 1345 2363 1675 3087 5743 523 3401 1177 5300 2610 1168 2251 4127 4916 1590 5771 2964 5018
Route #278: 2689 4603 3629 2881 265 4095 217 3815 221 1374 5373 4611 592 3073 2706 2842
Route #279: 3101 3730 754 4350 761 1182 1701 4765 4741 2212 1669 4938 861 2262 645 894 1381
Route #280: 4020 5052 5945 963 2600 146 603 951 3062 3684 1176 350 1330 1073 1357 461 172 2121 2408
Route #281: 1659 5864 148 3917 88 4418 5148 1783 250 3546 1368 2833 4383 5204 5105 74 5103
Route #282: 4327 4265 1779 1386 1586 5964 4998 4112 3248 2222 4889 2806 1242 2589 4493
Route #283: 5596 369 2762 5587 954 2217 2467 2323 4769 3362 3075 2929 390 143 5283 2475 5656 5959 560 5731 1694
Route #284: 5978 4668 1583 2750 2008 5559 4506 3302 2318 5604 3773 2553 1937 2729 3793 5970 1291 3997 4553
Route #285: 5413 1504 129 3964 4237 1765 3600 5267 5447 2965 4302 1868 736 650 5618 3485
Route #286: 1055 2539 4631 3624 1756 1897 3270 2200 3463 260 3924 1380 1267 5338 2837 2088 1975 1154 3143 2131
Route #287: 1846 3605 2512 4054 5327 1296 5860 5106 2744 5589 276 2353 2401 3551 3507 5878 5385 5624
Route #288: 1950 1841 4966 4283 5937 2010 5988 784 4526 3381 3663 2227 75 4911 193 2593
Route #289: 4652 2230 303 5153 1235 5451 4805 873 3858 4146 1249 3974 3030 1689 3105 2030 3117
Route #290: 261 2863 2328 5476 824 5005 141 4581 4573 437 3501 820 5767 897 223 2180
Route #291: 5649 1418 2529 5706 3522 389 2405 890 2713 3577 5583 5628 3355 3563 842 4867 2515 3685
Route #292: 5936 5483 366 1435 5229 5310 3379 696 2801 1579 2464 5853 208 1640 4928 4017
Route #293: 4648 5441 1581 4136 3847 1052 5398 1759 911 1358 4022 4407 2161 1407 194 2423
Route #294: 3604 2543 4256 4292 1494 4856 5051 3037 4568 3328 2077 5928 3448 3728 5518 3077 1045 384
Route #295: 2320 470 3240 5370 3340 3434 430 212 2273 5659 637 5667 4014 4593 2926
Route #296: 5404 3843 2784 4988 4282 3054 2201 2420 4685 199 4830 5137 3549 3088 1524
Route #297: 3177 4981 2202 3395 2305 4639 4904 5989 410 3983 5043 2786 1089 833 5224 5364 2254 3970 5081 975
Route #298: 4346 1668 4626 923 4866 2631 2462 354 5054 111 4645 1696 2458 1976 3837 4284 5333 783 1650
Route #299: 1606 1699 2873 1726 1972 3162 5749 11 4253 5423 4775 5309 1794 4150 516 928 684
Route #300: 3050 4719 4520 2413 5150 5916 4788 73 678 135 5027 3168 4970 1922 4987 2877 2424 4748 1216 4884
Route #301: 4479 3760 5795 2615 2521 3314 1010 3103 5533 3761 2665 3778 1887 3238 4956 1564
Route #302: 1044 5765 4575 1239 2810 688 3803 1366 4438 5421 2882 5910 5876 2158 3082 3711
Route #303: 2038 5353 5841 1077 5683 39 5912 4002 2042 1009 2390 4640 3385 5554 3505 2287 1825 2765 4262
Route #304: 535 4402 4475 3100 819 5736 1774 98 4633 5463 2835 2448 4141 3612 4723 3180 4994 5553
Route #305: 422 1821 3622 439 2876 5562 3933 3861 1066 5093 3365 457 184 2242 3616
Route #306: 4232 2224 5073 978 3456 1519 5734 3637 4074 4436 4273 79 4430 4545 3850 1199 244
Route #307: 2972 4612 778 1064 5036 1334 3513 2279 3882 291 3043 1483 5753 87 1277 2823
Route #308: 4794 1636 2045 2696 1346 874 2731 716 4749 1523 1845 3348 5295 1723 4691 5595 5834
Route #309: 2856 977 4103 4259 2120 3115 81 5173 3203 3992 5259 3153 2505 5291 4252
Route #310: 927 950 3907 1161 805 3059 1274 595 2438 35 3081 4738 1792 4142 606 5251 855
Route #311: 887 4055 96 2638 2025 5253 5886 2062 3868 5174 5075 3121 4437 1056 1753
Route #312: 1853 3474 1802 4118 3477 3984 5737 4487 395 5527 2037 2280 3758 2739 2494 3470 4745 4766
Route #313: 2193 4550 1542 2932 4517 2953 3734 576 4476 1983 2630 3229 4462 2775 2578 3990 4909
Route #314: 5307 707 4242 2228 2307 782 1201 5608 368 843 2482 816 5341 999
Route #315: 2924 804 3420 5523 3419 1738 3769 4392 205 5017 2883 1203 508 4561 5163 2667 1130 5142
Route #316: 299 3321 5713 3408 5686 5313 434 5120 4954 1253 1436 4791 1220 1240 718 2426 1275
Route #317: 2838 2439 4507 2399 4893 2341 5717 1268 631 1256 5098 3435 870 3510 5669
Route #318: 4850 332 3919 2268 1337 839 756 1871 4533 795 5162 5906 5379
Route #319: 2056 1429 4236 3517 1020 5473 989 1746 3893 5781 5836 1815 2237 2730 15 1446 2099 2456
Route #320: 339 4011 2959 3722 4793 1329 2210 2339 5172 84 763 1959 2559 662 738
Route #321: 832 2394 162 1932 2590 5832 3221 5462 3429 3740 4215 4957 5564 3736 2376 5240
Route #322: 3205 5317 5344 2595 215 4451 5949 5397 5509 2244 1953 4855 509 3475 2686 1004 1068
Route #323: 4275 2304 5820 5456 3762 4352 5457 4342 4610 1526 522 3484 4070 2487 2872
Route #324: 1437 5070 2708 1198 1388 4245 5409 1850 1033 5184 160 4124 1981 3860 4019 902 2629
Route #325: 44 2945 1482 5985 2813 256 2931 2659 363 4969 3179 2477 4643 5677 4920 913 1050 1417 1817 2032 2309
Route #326: 4331 4790 4212 2151 3524 926 4902 544 5901 2496 3051 701 620 528 1411
Route #327: 4471 4162 5681 5214 1185 4309 5588 3442 1451 5974 5030 4755 4193 643 749 1284 1281 4482 2453
Route #328: 1290 5787 5721 4289 66 5296 660 3416 3219 1271 988 1804 676 3257 5306 33
Route #329: 2177 424 2132 3071 5141 4763 5261 4943 1712 3564 2669 1731 1378 2478 2609 5252 1707 2021 2819
Route #330: 4031 1863 4305 2716 2781 3877 1905 2780 5426 3136 648 849 3019 3352 5571 3823
Route #331: 2561 1818 2144 4088 3375 3972 1724 794 2969 2702 4107 2124 4272 4624 298 1387
Route #332: 3597 3958 1349 3339 4185 5548 3779 4528 2476 4154 4665 4160 969 2783 964 2831 3280
Route #333: 4483 5235 3943 3880 3039 4044 1170 5271 5292 1782 2256 4397 2205 3536 5689 3127 1019
Route #334: 4825 1320 5146 2961 3239 2427 2265 2758 3686 5566 3306 1915 3393 3074 4410
Route #335: 4079 4679 5085 5581 1067 5088 288 5275 1269 4334 55 5090 1352 3621 1612
Route #336: 4641 4715 4792 5625 5622 2760 329 3415 2171 1545 1849 2947 1025 5666 4313 2690 5805
Route #337: 5601 2061 438 3839 4013 1596 3591 1605 4271 1839 609 1561 659 4730
Route #338: 2905 1777 5501 1820 5358 5050 2425 5176 2935 3378 2039 955 862 5816 2334 2157
Route #339: 4834 5152 5869 3045 1522 1515 5803 4509 5788 1479 1921 1165 3903 743 2981
Route #340: 4519 2828 2808 3710 3802 1678 3884 3777 5907 4750 5839 5324 1070 867 965 5408 4921 4371
Route #341: 387 2310 1017 1824 5789 4670 739 3284 2740 2136 507 2403 3534 4659 4144 2551 3158
Route #342: 872 2550 3169 3244 1888 4204 538 4914 5383 124 3519 3504 444 1509 3300 3962 1930 5485 3025 2295
Route #343: 909 3854 1940 2793 3671 3309 4067 1657 2712 5998 4452 5164 1053 944 4681 5791
Route #344: 4570 5212 1174 4609 1398 3914 3259 632 89 3480 1568 5944 1822 3194 5759 2583 4721 2510 5919 5891
Route #345: 3323 1409 2944 5079 5772 4964 4169 922 5792 5232 3556 1322 1566 3277 1563 1680 2719
Route #346: 4647 4393 3132 5402 848 3906 3944 1447 3241 403 4842 4714 1099 2105 3887
Route #347: 3565 1737 1283 1973 3816 4618 4630 3057 5556 1690 1279 240 248 428 4391 2348 4266 252
Route #348: 5741 1469 991 3011 1602 4813 482 4724
Cost 517607
