Route #1: 801 236 836 369 875 177 25 710 282 220 839 240 28 198 343 852 44 485 321 300 876 748 819
Route #2: 469 8 98 632 107 549 325 562 120 683 913 274 805 414 899 919 42 21 123 722 707 492
Route #3: 407 767 48 245 74 86 590 720 637 453 207 737 479 788 307 690 954 894 753 993 775
Route #4: 298 104 802 197 808 884 984 596 52 262 171 261 663 708 103 502 31 792 494 840 322 825
Route #5: 752 727 246 925 378 892 43 247 625 668 853 672 797 962 256 299 617 859 785 879 418
Route #6: 108 712 23 209 692 718 6 91 32 296 50 454 645 95 965 603 38 525 395 564 451
Route #7: 232 391 291 210 960 430 312 1000 200 90 434 118 450 799 895 973 331 756 629 901 555 520 599 216 779 54 999
Route #8: 264 447 359 847 181 541 566 580 987 591 47 117 971 405 995 87 924 308
Route #9: 428 813 159 575 991 910 136 893 726 551 173 576 20 388 869 777 795 286 721 544 654 404 989
Route #10: 244 362 17 577 511 131 268 83 667 682 393 886 76 79 772 3 113 314 743 66 798 161 912 448
Route #11: 834 304 1 854 375 51 857 545 144 514 358 439 581 582 974 71
Route #12: 390 175 49 693 595 837 364 630 129 436 16 441 61 673 481 762 811 459 671 966 116 379 39 745 219 703
Route #13: 222 523 594 412 613 165 14 696 881 195 560 105 278 623 558 572 33 228 968 994 437 568 947 472 176 399 163 597
Route #14: 516 661 846 215 713 445 982 534 639 510 196 732 351 975 946 705 579 476 828 820 344 158 385 421 287 689 780
Route #15: 465 686 644 363 373 334 11 342 770 678 382 332 902 587 125 403 665 589 862 254 758 832 241 653 267 366
Route #16: 429 697 773 190 827 621 699 205 223 70 473 40 858 341 349 552 360 347 872 614 148 635
Route #17: 68 411 953 409 357 554 688 605 172 585 709 765 455 468 676 376 624 7 880 932 874 945 518 642
Route #18: 464 27 868 416 740 531 760 446 474 400 633 227 593 443 659 188 731 82 397 265 392 898 871 861 578 509
Route #19: 294 89 279 728 452 133 980 283 812 201 45 306 248 266 604 356 386 417 186 969 561 297 22 94
Route #20: 724 277 508 467 290 140 204 751 255 153 384 592 59 754 242 959 774 938 431 206 815 139 489 957
Route #21: 638 284 528 499 648 719 583 739 927 460 850 337 655 547 640 101 280 194 952 440 211 293 491 570 600
Route #22: 320 865 231 931 735 301 660 80 501 9 361 15 804 702 96 934 150 734 146 870 826 141
Route #23: 915 571 487 542 998 956 29 64 818 619 905 694 817 167 607 643 143 168 484 444 424 755 783 964
Route #24: 58 85 62 367 243 330 652 929 800 759 202 427 757 498 303 229 918 535 142 374
Route #25: 462 5 606 793 488 744 513 318 983 99 830 620 398 725 183 506 897 771 134 84 56 352
Route #26: 864 824 807 750 636 100 155 156 182 764 272 543 985 189 810 466 435 769 563 890 940 746 602 684
Route #27: 681 609 920 569 685 65 353 730 917 500 302 888 814 327 128 425 273 670 761 471 517
Route #28: 432 704 249 212 78 646 556 333 482 185 512 877 239 348 829 691 729 787 126 383 977
Route #29: 598 46 496 106 225 233 669 749 415 503 687 30 252 426 700 504 527 612 891 281 986 4 276 521 996 401 380 530 389
Route #30: 169 127 137 951 791 184 166 193 763 323 618 326 878 319 631 666 271 584 162 848 338 967 275
Route #31: 114 548 608 885 860 387 121 550 961 849 97 235 336 370 152 75 438 305 833 990 647 706 396
Route #32: 81 221 616 717 480 738 213 949 53 130 842 313 943 218 192 907 251 922 573 782 269 309 553 461 124
Route #33: 394 586 882 60 456 701 238 422 135 906 340 831 37 796 936 941 199 109 948 315 887 519 486 270
Route #34: 413 786 622 149 160 928 904 259 526 790 138 475 838 970 657 856 371 911 258 102 154 627 567 180 747 889 933 733
Route #35: 174 250 615 675 716 67 536 147 368 19 381 420 449 470 477 610 997 36 170 73 57 339 741 458 841
Route #36: 311 226 497 292 410 208 423 546 835 963 77 679 26 559 295 478 224 178 715 69
Route #37: 217 253 365 317 909 651 926 883 823 35 976 851 191 324 649 979 2 714 34 329 288 626 285
Route #38: 263 821 574 939 72 855 493 776 419 677 111 628 950 257 711 539 529 641 674 896
Route #39: 157 809 377 490 328 495 866 981 781 442 923 310 843 778 10 164 122 695 63 914 916 24 992 803
Route #40: 794 680 92 533 132 650 289 402 346 406 41 588 972 634 355 944 942 863 112 845 463 867 784 93 88
Route #41: 110 483 955 372 789 538 844 524 900 935 151 816 237 187 433 354 988 214 937 345 565 723 316
Route #42: 234 515 958 766 921 822 611 806 557 179 736 457 903 540 505 18 335 662 768 664 698 408 658
Route #43: 930 350 601 507 537 115 230 55 742 203 119 145 656 522 13 908 978 532 12 260
Route #44: 873
Cost 81038
