Route #1: 819 748 876 505 540 515 723 565 214 345 937 343 852 369 44 485 321 300 836 236 234 801
Route #2: 198 875 177 25 28 240 839 710 492 707 74 722 123 21 562 325 549 107 632 98 8 469
Route #3: 120 894 690 307 788 479 737 954 913 683 274 207 805 637 720 590 414 899 919 42 86
Route #4: 775 993 753 453 282 220 322 825 104 298 48 293 491 570 600 231 865 320 660 301 735
Route #5: 80 402 346 406 41 588 972 501 9 361 15 702 804 141 96 934 150 487 734 146 870 826
Route #6: 168 484 58 88 93 85 62 367 243 330 652 374 818 619 64 29 956 998 542 905 694 817 167 143
Route #7: 157 809 803 916 914 63 695 122 863 164 10 112 24 992 845 463 377 490 918 929 142 328
Route #8: 800 759 427 160 928 310 923 939 72 574 821 263 259 904 733 906 340 831 757 498 303 229 202
Route #9: 526 790 138 311 217 365 641 529 711 257 950 628 111 677 419 909 317 285 626 288 442 781
Route #10: 674 896 539 651 926 883 823 35 976 851 191 324 649 979 2 714 776 34 329 493 855
Route #11: 475 838 970 657 856 371 253 226 154 102 258 174 250 675 716 295 478 67 536 73 57 339 741 458 841
Route #12: 69 715 178 224 36 997 610 477 470 449 420 381 19 170 368 147 679 77 963 546 292 26 559 497
Route #13: 149 866 981 843 778 208 410 423 835 615 911 627 567 180 747 889 933 135 422 238 701 456 394
Route #14: 413 786 622 586 882 60 352 56 84 134 771 37 796 936 941 398 124 620 725 183 897 270
Route #15: 462 744 824 864 513 486 519 553 887 315 948 109 199 461 830 99 983 318 793 5 606
Route #16: 807 750 636 100 155 156 182 684 609 922 569 685 681 65 353 730 917 500 302 327 128 425
Route #17: 273 670 517 471 761 814 888 333 482 185 512 401 380 389 530 961 556 646 78 212 249 704 432
Route #18: 860 121 550 326 169 618 763 323 127 137 951 791 184 166 193 271 666 631 319 878 849 387
Route #19: 598 877 239 691 729 787 126 46 496 106 612 891 281 986 4 276 336 235 584 97 162 848 338 967 275
Route #20: 438 383 977 669 749 415 503 687 30 252 426 700 504 527 225 233 521 996 829 348 370 152 885 608 75
Route #21: 81 53 949 114 213 221 396 706 647 990 305 833 907 251 573 782 269 309 192 218 943 313 130 842
Route #22: 535 495 506 488 764 272 543 985 189 810 466 435 769 563 890 920 940 602 746 548 738 480 717 616
Route #23: 794 931 767 245 533 132 289 650 634 355 944 942 867 784 571 915 607 643 444 424 755 783 964
Route #24: 407 802 197 840 211 494 792 808 884 31 502 984 103 596 708 663 261 171 727 246 752 262 52
Route #25: 397 593 82 188 659 731 443 879 785 859 256 418 668 672 853 625 247 43 892 378 925
Route #26: 299 617 108 712 23 209 799 450 118 90 200 1000 312 434 430 960 291 447 264 391 232
Route #27: 359 847 181 541 566 580 987 591 47 117 971 405 995 87 924 308 575 159
Route #28: 813 428 991 910 136 893 551 173 576 20 388 869 777 795 286 721 544 912 448 404 989 726
Route #29: 51 244 362 17 79 772 113 314 743 66 798 161 667 83 682 393 886 3 76 577 511 131 268 654
Route #30: 834 304 1 854 375 857 545 144 439 358 210 514 38 525 395 564 451
Route #31: 999 50 91 629 756 520 216 779 54 599 555 901 331 973 895 6 32 296 454 645 95 965 718 692 603 962
Route #32: 71 974 582 581 797 227 671 459 811 762 966 116 379 39 745 219 703 390 175 49 693 531 740 416 868
Route #33: 27 595 837 16 436 760 446 474 14 105 560 696 881 195 278 623 165 613 228 968 437 994 523 222 364 630 129
Route #34: 594 412 33 572 558 732 351 158 421 780 689 287 385 344 820 828 476 975 579 705 946 568 947 472 176 399 597
Route #35: 215 713 445 982 534 639 196 510 552 678 332 770 342 11 334 373 363 653 267 366 465 644 686 516 661 846
Route #36: 699 205 223 70 621 827 473 341 40 858 349 382 902 587 125 403 665 589 862 254 758 832 241 347 872 635
Route #37: 518 642 429 148 614 360 697 773 190 932 880 7 624 376 676 468 605 455
Route #38: 578 277 861 871 898 392 265 633 400 441 61 673 481 163 765 709 585 172 688 554 874 945 68 411 953 409 357 464
Route #39: 294 89 279 509 728 452 283 812 201 508 45 306 248 266 604 356 386 417 969 724 561 297 22
Route #40: 94 938 774 467 290 140 204 751 255 153 384 592 59 754 242 959 815 139 489 957 206 431 186
Route #41: 316 988 680 92 638 284 528 499 648 719 583 927 739 460 850 337 655 547 640 952 194 440 280 101 133 980
Route #42: 958 354 433 187 237 935 900 524 611 844 538 789 372 110 483 179 921 822 816 766 736 457 903
Route #43: 930 350 151 955 806 557 742 522 13 908 978 532 12 260 601 873 18 698 408 658
Route #44: 507 537 115 119 203 145 656 55 230 335 662 768 664
Cost 81272
