Route #1: 4421 3515 4441 399 5443 1651 1195 2282 3545 2889 1618 1997 2014 4959 4777 119
Route #2: 2373 5092 1721 5895 4332 5437 1218 1467 1718 2663 5952 3617 2006 2848 1159
Route #3: 850 3141 3255 2115 5080 418 1787 4399 5574 542 514 4056 4029 1518 1700 4071 1786 869 2654 4484
Route #4: 5766 5377 779 5319 1048 322 1305 4501 179 10 306 577 3794 3483 579 4148 2327 296 2996 5888
Route #5: 3568 451 5087 3899 3220 1827 4878 2868 1890 2204 726 4784 5674 166 1660
Route #6: 2715 254 517 2412 4068 1158 4139 2606 1498 2946 5821 4874 1798 3737 5038 5122 2960 5750 785
Route #7: 3018 979 4082 4876 4823 2459 3939 178 4720 4600 2633 1991 2156 533 5178 5962 5568 2785
Route #8: 1698 3966 2599 3400 5924 2368 3623 1603 1332 5579 786 721 815 5744 2668 4548 1264 968 5202 1003
Route #9: 4882 1666 4554 1453 5606 840 724 2728 28 540 2579 2642 1403 1676 2774 1627 5673
Route #10: 1469 509 4855 5726 5741 5157 669 5486 2693 2927 3425 3638 5193 5537 2897
Route #11: 1004 2686 215 4451 5949 4275 2304 3762 4352 5457 1437 4610 4342 5397 1953 3475
Route #12: 5070 2708 2478 1731 2669 1447 3241 5261 4763 5141 2157 3823 3597 2609 5252 1388 1198
Route #13: 4031 1863 4305 5571 3352 3019 849 2716 2781 1905 4272 2831 3280 3877
Route #14: 2561 1818 2144 4160 4665 4088 3375 3972 1724 794 2969 2702 4107 2124 4624 298 1387
Route #15: 969 4154 964 2783 2476 4528 3779 5548 4185 2780 5426 3136 648 5501 1777 2905 3339 1349 3958
Route #16: 1820 5358 5050 2425 955 2039 3045 5869 5152 3378 2935 5176 5324 5839 4750 5907
Route #17: 4834 3903 1165 1921 1479 5788 1515 1522 5803 4509 5791 4204 444 1509 3300
Route #18: 5772 4570 5212 1174 4609 1398 3914 3259 632 89 5944 1822 3194 1568 909 3480 3962 3244 1888 5891
Route #19: 5759 2583 4721 2510 5919 3854 2712 5998 3519 124 5164 1053 944 4681 5383 4914 3504 538
Route #20: 4371 4921 5408 1657 4067 1940 2793 3671 3309 4452 743 867 1070 2981 965 3777 3884 1678
Route #21: 4519 2828 3802 3710 2808 2403 507 3284 739 4670 5789 1824 4964 1017 3025 2295 872 2310
Route #22: 2132 3071 387 3158 2551 4144 4659 3534 4169 2740 1930 5485 3169 2550 5079 2944 1409 3323
Route #23: 3277 1566 1322 3556 5232 5792 4483 1019 3127 5689 2205 3536 3880 3943 5235 922 2136
Route #24: 2334 4397 4825 1612 3621 1352 5090 55 4334 1269 4079 862 5816
Route #25: 4679 5275 288 5088 1596 3591 1605 4271 1839 609 1067 4715 4792 5625 4641 5581 5085
Route #26: 3839 4013 659 5622 2760 329 3415 2171 1545 1849 2947 1025 5666 4313 2690 5805 4730
Route #27: 2256 1782 3039 4044 1170 5271 4410 5146 5292 1320 1561 438 2061 5601
Route #28: 3564 1712 4943 2719 3074 3393 1915 3306 5566 3686 2758 2265 2427 3239 2961 3944
Route #29: 848 3906 1378 403 4245 5409 1850 1033 5184 160 2021 2819 4124 1981 2629 4920 5677 2813
Route #30: 913 3860 902 4019 4643 2477 1099 4714 4842 1680 1563 2105 3887 4969 363 3179 2659 2931 256 5985
Route #31: 1417 1050 1707 1602 3011 1690 5556 1279 5402 3132 4647 4393 4266 2348 252
Route #32: 3565 1737 4391 248 428 1283 1973 4630 3057 4618 3816 240 1526 522 3484 4070 2487 2872
Route #33: 4813 44 2309 2945 4331 4212 2151 3524 926 4790 1482 1817 2032 5456 5820 991 4724 482
Route #34: 1290 5787 5721 4289 701 4902 544 5901 2496 3051 528 1411 4162 4471 66 5306 33
Route #35: 5681 5214 1185 4309 5588 3442 4588 12 3583 1455 2114 4280 4642 1451 5974 5030 4193 4755 2453
Route #36: 5434 1022 1135 2499 1090 1075 4836 3457 1406 3017 5284 2670 772 4099 5592 5200 2191 4985 463
Route #37: 310 1600 2504 5132 4806 481 3126 2682 1591 4223 2332 1371 4206 1695 3376 4312 3892 702
Route #38: 5274 4329 4744 1112 2788 4310 5720 4818 414 1875 5522 5436 4565 5293 2802 1534 5955 5994
Route #39: 4100 1761 2108 4999 4897 2714 5465 4945 1301 3111 5440 5082 1505 1225 4740 3969 3010
Route #40: 1800 3094 835 442 372 398 3494 933 4703 386 3598 3676 5183 3749 4339 4290
Route #41: 1350 4743 2093 723 2379 3938 5191 2971 3894 3592 4508 255 2826 5897 2736 1171
Route #42: 406 3946 5269 1333 485 5675 1127 1866 5585 863 2188 1100 3447 4671 3836 2623 2417 3183
Route #43: 5630 2322 3754 5438 116 612 5066 1062 1039 411 4821 5466 5863 4356 4817 4907 5210 1826
Route #44: 4041 5794 1593 958 2055 2764 4699 3723 5638 426 4369 4115 525 1153 1734 800 1042
Route #45: 622 1173 971 3561 1580 3932 277 4057 854 2862 4514 2451 1709 4199
Route #46: 2386 2605 5573 4207 2447 2887 5286 496 994 282 4147 3426 4130 2958 4872 3048 3079 4464 5247
Route #47: 3468 197 41 4287 1443 3403 1807 4270 2613 5831 5424 1992 5785 3680 1441 1956 5010
Route #48: 5576 245 860 1397 2726 5790 5882 5419 1354 3797 2892 2192 2463 1155 1654
Route #49: 1294 2149 5709 916 3125 5552 582 4409 3636 3397 1919 90 4832 1142 5460
Route #50: 1811 4781 1023 4405 5943 3525 5997 4786 4051 4661 746 4693 1002 192 5035 2470
Route #51: 3841 1200 2677 1873 2650 1060 3978 219 2556 5586 4881 4716 5487 1139 3996 1745 610 808
Route #52: 3833 741 2766 4268 5069 3055 4119 5779 2974 663 1828 1572 36 1635 5076 4386
Route #53: 641 1842 1525 2116 5454 550 3332 822 1265 5357 4531 4366 1750 1639 1298 4231 4686
Route #54: 5684 996 1018 1217 4388 2097 710 313 1607 4560 949 4962 3245 4620 3811 3578
Route #55: 3316 2250 429 4925 3218 3202 3945 4737 1149 1974 4700 2796 158 2468 1254 4960 1452 5375 2697
Route #56: 4133 258 510 4579 5658 747 1537 2720 1136 187 5470 3950 734 990 2226 307 4175
Route #57: 4556 5078 338 2461 5248 5725 3870 2891 159 4277 1163 5672 1103 52 4285 578 5410 2799
Route #58: 2955 2995 1410 5751 4269 1428 2893 1755 4697 3857 4496 960 3386 5894 5534 1832 3258 5049 3696 19 229
Route #59: 3828 5444 2047 1671 3876 770 818 1310 5480 4248 2261 2759 2906 2516 1693 2752
Route #60: 1971 2004 18 97 262 5265 4278 515 4499 5690 2035 5287 877 340 961 253 2060 4365 475
Route #61: 1448 4797 2258 2622 4546 1087 4752 5417 5868 4291 3521 5279 4558 841 5688 3923 2112 2288
Route #62: 402 51 5812 2898 5061 881 571 2957 2983 5298 1128 5833 3296 3808 3916 2375 685
Route #63: 4023 2096 5166 2940 1751 5144 2896 4886 1292 3208 5719 838 5602 1032 3337 1252 441 3161 4692 1183
Route #64: 2009 2040 3497 4892 1226 1101 2942 3807 325 4301 5171 5982 1408 2885 4489 5321 237 1748
Route #65: 103 2597 2079 152 4770 3738 3342 3929 157 1741 5425 5967 1134 4877 1008 5156 4449 2910 2527
Route #66: 5222 4629 3613 4524 5062 3782 3329 5040 4296 1191 4789 2422 574 3813 2148 2698
Route #67: 4446 3533 43 4666 1784 26 2033 4713 145 5903 687 2554 2485 1359 3467 2846
Route #68: 4191 3028 4592 1516 992 5956 1007 5550 943 2012 2087 5980 1546 4197 4117 2798 3440
Route #69: 2849 2627 5056 3627 394 4941 4255 3286 5969 5411 5149 1481 1215 2316 1106 3109 1577
Route #70: 173 1692 5697 2054 5100 1994 3399 1086 2113 3023 905 29 2936 3273 2992 5185
Route #71: 1140 4951 5490 3993 2709 2259 5188 846 3462 4059 5159 4372 3540 494
Route #72: 4333 5770 845 5557 4527 518 2641 521 2757 4347 2194 2185 1911 3664
Route #73: 4683 3721 3459 2067 1193 5218 1892 3712 700 218 4934 5920 3766 966 4083 1720 270
Route #74: 3349 4385 4450 793 407 5648 1990 2199 1248 868 5614 1150 1363 2687 729
Route #75: 5732 5481 2278 1645 583 5126 1617 1204 3956 618 5818 2123 915 2221 1870 628 1348 2747 2480 4863 1184
Route #76: 1422 1884 5059 3846 3351 4018 3790 5815 2990 1314 4171 5525 4080 2140 4678 2431 2019
Route #77: 4725 2356 639 308 5881 3601 4591 1944 4000 1859 1883 1819 3607 5873 5840
Route #78: 2326 4317 150 3963 2773 1365 3523 247 5450 2943 4016 1531 5315 1530 4759 5032 4958 666 1338
Route #79: 472 5025 4490 2225 5468 1809 5111 4424 3297 3948 2547 725 1492 3299 5263 5201 608 58 5796
Route #80: 4595 1704 2644 3727 5131 4351 2956 3584 4949 113 4776 3246 5671 4796 3454 5699 3146
Route #81: 541 3614 941 1457 3869 5644 4779 1799 251 4198 2966 4151 4413 4276 1655 3991 4427 5349
Route #82: 2820 3184 2754 1430 1105 1382 3372 3745 751 2770 3976 1029 4698 3377 580 4705 1966 3089 4264
Route #83: 4381 1998 1681 3190 3382 337 4361 1918 5104 1862 125 4810 133 4901 5449 5464 1426
Route #84: 2354 1021 529 2071 2472 304 1151 1459 1189 5657 3206 4181 4965 5763 4363 5761 3855 2315
Route #85: 1392 1432 5136 4571 4606 1899 5467 2163 817 2830 2349 2952 246 3791 2137 4992 3651 2570 1795
Route #86: 2393 3152 4751 690 621 4004 2923 3224 1793 683 2300 2875 5055 5301 5968 1946 80 3317
Route #87: 5399 3116 5872 5693 5187 1041 2235 2829 1237 3209 1119 3388 4152 1949 760 3411
Route #88: 5429 370 2725 5160 2918 5692 5382 3356 3124 4028 85 1340 4377 1986 4847 4423 487 391
Route #89: 5850 2284 3928 5703 4843 2588 4767 5540 3830 5953 3466 1551 5241 1970 2922
Route #90: 5662 1961 2319 1770 3312 5290 2346 1255 4762 3052 5427 2675 241 4348 633 4577 4511
Route #91: 4971 1864 3573 1133 1132 4261 4104 4627 1097 546 600 812 844 1613 5940 139 5414 1188
Route #92: 1416 5026 1061 4416 2594 1954 512 5934 3668 3478 5560 1144 697 5244
Route #93: 4420 318 5829 4833 269 62 2533 2294 1117 4073 2506 1222 3530 895 1836 2366 401 3458
Route #94: 5742 3529 4906 1196 981 2722 5861 3472 2978 5517 238 3639 1719 4086 5435 2260 5067 2324
Route #95: 1035 319 1615 4687 1912 619 2197 4370 471 1206 3658 5605 226 1768 5502 957 4564 1555
Route #96: 4052 4993 3070 2649 440 228 5320 2331 3444 1785 5933 3235 4996 4113 2122 1638
Route #97: 2198 1823 611 5695 5700 644 3490 3327 4168 3272 176 1327 2059 1931 1587 4257 3207 4037
Route #98: 2850 5615 2293 4690 5239 1114 271 77 2488 2611 527 5875 2066 1013 2290 1037 584 5570
Route #99: 2389 4189 4809 1028 3499 425 1960 3364 706 343 3431 5198 2847 2531 2119 4710 5617 3118 4955 901 3110
Route #100: 865 4580 3936 5704 821 102 2954 3438 705 2941 982 1143 4062 331 4870 5064 3842 5012 2440 4406 4053
Route #101: 50 3130 1026 3775 4783 4711 5326 3285 233 547 2565 5764 692 5762 393 3157 4216 5095 2085
Route #102: 5965 5072 613 326 1015 2888 2397 321 5784 2164 2387 3630 4194 4131 4824
Route #103: 4454 2502 3097 1670 733 3033 4300 4279 5376 5213 3185 2147 112 5331 459 4374 2756 5194
Route #104: 1684 3644 477 5124 1894 309 427 4183 4875 4651 2985 917 511 21 5883 5498 5942 2998
Route #105: 2111 1749 301 1814 1091 3212 5033 452 57 1549 4491 1852 1858 2563 5647 1059
Route #106: 2646 5113 557 4602 2577 1673 3078 5908 4780 4378 4950 5405 1610 3783 677 2635
Route #107: 4873 2133 4851 163 5837 499 2102 2917 2450 1708 1963 415 5773 617 2215 2821 3555 1126 3320
Route #108: 4976 3725 346 3650 3829 2755 906 5455 4190 3450 200 4799 2053 234 5504 585 4145
Route #109: 3806 1733 4961 2481 174 4043 2656 4195 3756 489 2913 1674 3102 2369 5890
Route #110: 4354 767 2634 3912 2501 1462 2653 4440 3290 2068 1315 3120 267 866 5472 1030
Route #111: 5348 3840 4132 3024 2632 655 2360 2355 5071 2298 4913 744 5024 281 5219
Route #112: 2684 4222 3606 2534 153 2674 3391 2532 699 2396 616 3700 5168 4735 4915 3772 449 524 4401
Route #113: 1405 953 4047 1194 3112 3335 5983 3819 4946 4675 5368 5723 4597 2584 1356 259 680 3175
Route #114: 290 727 5639 4544 1662 3009 5065 3275 220 2568 605 2270 2103 4164 5655 1169 3788 1877
Route #115: 3921 1096 5390 4298 1160 1672 596 3488 3985 5846 5101 1595 4297 3256 5590 3911 5558 5495
Route #116: 4247 5716 4811 4858 5817 4203 3421 3514 1502 4974 1559 4220 3742 551 5722 243 4644 1909
Route #117: 1324 5911 266 4090 2452 1141 3537 1236 4667 99 4733 5337 5646 5776 2727 3210 5810
Route #118: 811 2601 2530 3767 4396 3625 4804 328 3128 2809 2973 3353 2001
Route #119: 5507 2152 3588 2907 3800 1916 3796 453 3719 630 3609 3902 5621 2015 1046 830
Route #120: 790 1547 5302 396 486 4186 1727 500 2908 5432 945 2400 5350 2967 4444 771 5367
Route #121: 3856 671 3942 1697 537 25 190 4657 3293 54 5900 3217 4844 714 2166 4177 4094 4972 1634
Route #122: 130 1231 2564 1425 2507 5889 4696 1979 1790 4460 1653 3703 4234 4326 4357 4307 2520 3123
Route #123: 762 2587 4742 4267 4463 2580 2091 1364 3789 2555 2095 362 656 4426 2109 664 3041 4695 5636 2370 2903 1687
Route #124: 5022 2160 3370 624 2748 2489 4480 5363 4035 657 5538 4293 347 5775 3060 1801 1192 462 1138 206 930
Route #125: 898 566 2027 4688 5118 2159 3090 5231 5986 3971 4442 4802 4991 2585 796 4862 1461 341 2392
Route #126: 2457 4982 623 4465 2118 287 16 2063 5384 2291 2560 3699 122 5258 92 64 3849
Route #127: 1744 3215 5197 4803 5096 4027 1934 534 1472 5448 5227 5874 5360 4828 907 5806
Route #128: 4075 3122 171 2749 3269 5547 5941 601 4525 918 4358 1232 5381 769 5514 4390 4214
Route #129: 5905 4429 118 1541 1619 4673 4601 1336 4753 1496 626 1393 708 3363 1234 1907
Route #130: 4360 587 2804 1764 3001 4543 378 2672 3895 5020 3343 3230 4456 5362 4529 4170 2694
Route #131: 3845 4632 4230 593 2498 531 3330 1796 224 3236 4494 4650 4311 3771 268 2173 4562 3642 2302
Route #132: 5543 3021 2707 3493 2044 239 5418 1389 2271 4319 2753 1312 939 2803 4337 3199
Route #133: 5354 1637 3076 6000 4328 4102 3674 3654 792 4801 4839 4033 1319 413 878 3665 4274 2101
Route #134: 4583 4338 4202 3086 3566 1180 5849 920 3697 2586 5203 2351 70 1632 4923 3739
Route #135: 2041 3587 589 946 5406 4623 4349 3732 3418 3632 1072 506 3197 4415 3265
Route #136: 1532 2902 5799 903 1813 2429 647 324 5930 810 273 9 305 316 986 3135 392 4155 5006 5014 3412 5189
Route #137: 3201 4510 1747 813 355 4729 1869 2233 3096 5378 3998 348 1146 2311
Route #138: 2214 374 859 2388 3406 3274 2381 4614 1621 4978 3661 2738 1162 823 5484 3538 5892 1834
Route #139: 4534 3369 5029 385 67 4395 2303 5851 2914 5714 4984 1757 4989 2433 2100 4434 5822 3430 336 703
Route #140: 5701 1993 2466 210 4211 1848 4838 3433 5691 45 3679 962 1463 5756 2711 3006 2329 408 5718
Route #141: 4040 4800 1385 5068 4431 3562 5898 4096 4572 3714 4908 5569 5412 5431 4709 3359 4674 2484 4109 2107
Route #142: 1197 748 4983 4428 2776 5865 2018 4081 4977 1987 2864 1945 5710 4778 4239 3414 5999 2779 2263
Route #143: 3864 93 4590 185 2637 4049 4217 1641 4497 5939 1964 3192 5392 1445 4986 2933 5708
Route #144: 5342 2679 456 4899 4829 352 4322 5922 3035 4318 2569 5858 1210 2988 5973 3083 1157 5634 1122 377 1475 4616
Route #145: 359 3449 4192 417 5954 3242 5175 5139 4485 1679 3975 5478 5599 3013 864 5294
Route #146: 2524 5332 3904 5430 4060 4879 72 2277 1882 1843 4599 467 594 2930 351 3953 131 5345
Route #147: 5524 2900 3961 947 5351 2209 4536 4655 2289 4058 803 3428 4414 2023
Route #148: 1288 4077 1996 4087 2666 4021 4936 5439 4975 2581 3341 2508 787 5565 3333 3140 1341 5584 4078 3989 1212
Route #149: 2167 768 3390 2046 4435 679 1538 1646 5057 2190 559 1085 1614 2797 1207 474
Route #150: 1805 4896 1118 2867 3635 5225 2745 5769 3436 202 3095 1508 3952 1803 2546 2704 1347
Route #151: 4254 5950 3511 750 3881 114 2034 3380 3267 5917 132 4890 4795 464
Route #152: 263 1543 3264 3787 929 3698 128 1464 3528 5387 4003 1835 4637 46 1377 3947 4903 2089 342 213 4042 704 3955
Route #153: 5339 1108 466 4731 5508 2016 2414 5355 101 5843 3232 2490 5814 2816 2618
Route #154: 3336 3367 5179 715 3909 4542 5285 4134 891 3626 5966 2705 5904 2090
Route #155: 3469 3547 4853 837 1156 375 3503 5947 1743 4521 4470 1486 1644 4116 2860 3883
Route #156: 5110 2979 476 1791 2769 1781 4707 5013 807 2789 5506 182 2219 5975 3151
Route #157: 1167 2822 5880 4030 3713 661 2299 4885 5217 5372 1533 1624 416 1920 1616 851 4135 4538 1706
Route #158: 3225 2005 105 4445 3204 4594 2106 2614 4 5422 3844 2658 1202 3453 5981 4944 1947 597 333
Route #159: 1629 2344 4210 5532 1628 886 5359 4108 2844 3931 1630 3004 1306 2616
Route #160: 4201 1449 2029 4340 3891 3032 2340 2920 1081 3980 3608 2827 889 1735 5117 4461
Route #161: 1413 5516 1830 4036 1865 5001 2909 5471 468 175 5707 2337 2624 4768 4184 1878
Route #162: 5147 3164 5580 20 4935 513 5995 2836 3092 4180 2134 3814 519 483 1043 1831 3366 4924 4860 1190 1084
Route #163: 3491 5859 492 2050 5340 1311 361 2052 5169 1495 530 4172 3171 3237 5469 5475 2406 5856
Route #164: 3862 2991 563 209 4654 2607 4569 5356 5685 4845 5208 3181 5594 3579 3835 4682
Route #165: 5938 5123 3133 3552 892 5827 5343 1891 2840 3744 3657 3544 1893 4516 3334 2884 5597
Route #166: 1648 3046 3872 728 806 3871 4656 1478 5642 5800 5702 1299 1520 4512 4787 4227 5388
Route #167: 2558 4727 908 5394 3496 5420 1715 358 2518 5866 1962 3441 5877 5976 4880 857
Route #168: 2285 334 689 1840 2552 653 737 3324 5740 4299 4286 4523 5442 615 4582 2317 42 420 4439
Route #169: 27 1326 654 1833 3720 2575 5607 2084 1394 4963 998 2206 1642 3690 3119 780 2718 4453
Route #170: 5972 2138 1604 2236 1213 4537 1490 2182 1129 3611 781 789 5531 1896 2648 1047 3795 3532 3460 3580
Route #171: 4559 4389 1307 1576 3926 5011 5494 5620 5752 1592 3131 1477 5715 5698 775 2899
Route #172: 3029 2688 3228 3195 1276 753 2024 3999 5352 2155 1244 3374 1427 2701 5167 1012
Route #173: 3681 3193 5760 5237 3482 5493 1049 3820 602 3994 4085 2246 552 1078 4887 107 1058
Route #174: 2072 686 3068 5277 638 4166 1383 274 5458 5023 883 1250 3774 109 5670 4739 2380 2603
Route #175: 142 2880 488 2247 2129 117 5687 3160 3704 5729 2699 809 5453 2125 1514 5047 3080 1259 1005
Route #176: 4952 646 5663 1282 61 829 4137 1031 5028 1901 2442 3000 5386 1095 3016
Route #177: 4782 3798 5809 4621 5613 670 5151 4702 2051 1760 4532 5365 3901 5094 3142 3008
Route #178: 1396 5220 4373 4038 2989 4091 3422 4547 4419 5963 2767 3589 104 2652 604 674
Route #179: 825 3851 3941 2950 1742 2790 691 2365 4849 1685 4664 4933 2195 47 1879 2655 1517 1 681 5819
Route #180: 3253 5107 327 543 4922 5603 24 5037 5403 1926 1402 2513 3186 295 735 4205 3634 3610 3570 2028 2771
Route #181: 5996 3981 5161 433 3666 3512 3166 1860 5254 3178 2336 1145 4120 2857 3824 5322 330 2174
Route #182: 4325 4336 4495 4942 2352 5777 1988 2735 1935 5459 2761 3 4587 2483 2733 3034 5694 1552 5519
Route #183: 3979 2418 1186 1623 2434 1372 1211 4586 2076 1710 4303 5401 4229 2146 3394
Route #184: 3307 2592 3231 4459 3360 4584 4026 5808 1454 4153 3581 2175 5452 3826 3571 3170 4852
Route #185: 3913 4918 1316 1933 572 983 3934 3959 1497 2410 4063 3134 1433 4001 3799 3005 37 48 2617 5216
Route #186: 3707 4704 3752 2869 5000 2395 2497 2421 3575 3940 2817 5511 1929 38 2446
Route #187: 4110 1419 1982 2153 5935 5445 4932 5823 5192 2519 3596 4837 1034 1228 4064 3358 4622 2208
Route #188: 4980 3036 2248 1414 257 1465 2238 4708 3982 4827 1951 4364 3368 381 2460 4394 3014 2562 5627 3187
Route #189: 3064 1550 4552 2787 2949 5155 5234 357 1601 2574 5255 2486 2011 2517 3211 2075
Route #190: 4045 4362 2645 4764 1423 1626 1633 5181 4926 5264 5325 2742 323 3951 1187 1521
Route #191: 502 367 2130 3040 5515 1578 2522 970 1766 3672 4443 2080 2912 3405 1057
Route #192: 1104 3404 3357 2357 1773 3750 2984 2428 5844 2664 1079 3701 1656 2870 280 5262 5393 1470 446 1571
Route #193: 2598 2977 591 3266 2445 1318 3138 4478 4504 222 165 5665 478 4260 938 1285 1293 5990
Route #194: 3288 4163 2695 5304 668 2855 635 3879 3407 5297 4947 2049 2541 4672 4473
Route #195: 3398 5165 1137 3973 498 5109 4343 3817 1412 154 2544 5774 2685 1925 2492 3653 4754 4848 2994
Route #196: 2493 3085 5097 2795 2013 4165 5921 3061 5491 3673 5535 3402 3373 5887 3702 5679 1309 188
Route #197: 4502 3020 1065 1088 1375 106 5824 455 4046 1594 2890 5855 1063 5727 3776 3066
Route #198: 4123 3688 759 1362 5643 797 2384 3163 2895 1667 1300 2861 4182 4344 2934 4178 2628 1262
Route #199: 3631 5826 3848 5650 1287 5496 232 5276 3311 2330 1797 649 2444 904 4228 2915 1257 1769 121
Route #200: 1473 2249 1740 4188 5207 4240 5521 458 1985 4917 742 801 3471 2128 1913 436 214
Route #201: 5041 757 3554 123 5077 885 568 2916 5135 2342 3905 32 853 473 3251 3910 465
Route #202: 2626 5488 3718 3065 5637 3539 1625 5828 629 231 3427 1328 3986 3590 2557 2385 1331 3292 5249
Route #203: 3099 4840 69 5899 2162 4927 3308 1874 3413 3753 2372 3645 1335 1147 2184 1895 5909 4200 2377 1456
Route #204: 5074 3410 5879 1855 34 4084 2976 3167 5545 3437 115 3965 4535 1313 4457 3647 2572 5236 3313
Route #205: 3746 3670 5391 5281 2000 1567 1121 480 4323 4513 2975 1415 435 1829 1113 4726 4005 432 1957
Route #206: 2333 2297 921 4157 1658 1812 4939 3165 5652 3486 490 1082 40 561 799 565 4218
Route #207: 3908 5125 1898 3852 373 5108 2267 3487 5288 4815 5312 5221 5303 1780 5195 1468 91
Route #208: 164 1376 4530 1245 4812 4758 1569 5768 140 4931 3925 5929 2982 776 3104 2777 3715 1510
Route #209: 2825 2986 3897 2165 4367 379 155 5951 1476 3145 1208 225 5336 2814 2528 1369
Route #210: 5282 5712 5233 4359 5661 2503 3188 3805 2970 3508 4376 3173 5682 745 3226 3516 3247
Route #211: 2479 5154 4288 3056 1778 5848 5591 2269 4368 5923 2407 3509 5186 380 3888 3518
Route #212: 1808 3890 1589 652 3667 3558 4930 4900 1556 2367 5246 1011 549 1923 1513 3706 4477
Route #213: 3957 3709 3278 2139 3810 3114 4940 3977 4129 1485 4304 5129 3361 5896 1471 3669 3763 758 3502
Route #214: 5600 2142 3262 4557 30 1739 3047 4861 3423 1261 934 520 1663 2454 2213 3129 4375
Route #215: 3716 181 5060 2083 3747 2662 2383 2526 3098 3838 4246 2411 3949 5802 285 2545 5567
Route #216: 899 5215 5316 3044 4846 5371 3148 5991 5272 3619 4732 4895 1789 3804 431 1175
Route #217: 2894 539 5138 766 1503 5645 2948 1806 5664 1528 2721 3705 2150 4221 3586 935 3147 1608 4820 4179
Route #218: 3196 876 3867 4316 2474 3553 5199 5948 3550 1500 871 4468 5238 3649
Route #219: 2853 4857 2196 3885 3354 3708 1539 4355 880 1900 3785 4551 4826 5400 2409 3182 2070
Route #220: 227 4680 1501 2678 836 2859 972 1342 2239 827 5623 1102 230 2591 1847 1024 1889
Route #221: 3620 2651 5053 993 5134 5635 856 3759 5830 4219 802 4048 2092 3585 3595 5542 997 1110 3392 1111 980 4498
Route #222: 5273 4010 3322 5086 4384 4156 5083 2792 2170 1927 3093 712 2057 1529 5696 5549 59
Route #223: 720 1351 2359 5862 5811 1125 242 2737 5206 1148 1289 5852 5380 1016 4589 1260 2768 82
Route #224: 1420 1851 2234 2582 2189 3481 1321 2223 590 4061 5530 5563 1027 491 4660 2266 4065
Route #225: 2436 5747 4995 2382 1343 4382 3615 1914 3960 2612 1390 78 1968 3967 1360 2500 3900 1989 4432
Route #226: 2471 3968 3137 4408 2338 5500 1339 447 3818 553 5369 5031 1323 4225 144 147 2778 3149
Route #227: 1460 4006 5389 2253 2003 973 3548 3935 3227 2596 2104 5528 4093 1051 956 1553 3683 5366 235
Route #228: 5640 286 3260 2110 1440 4380 63 5314 4807 5482 3067 1074 294 4398 1872 2232 1938 3172
Route #229: 709 4324 151 53 264 3213 774 3154 1302 1109 100 2845 460 3233 2807 2683 2065 4771 2276 4097 2691 2671 207
Route #230: 1965 161 4869 419 1488 1123 5931 3445 3954 2350 3144 1664 4718 5115 847 3827 1924
Route #231: 2514 5145 3834 2843 717 5654 3156 995 3652 353 1370 1939 2301 4694 1014 3155 5415
Route #232: 4448 5140 1702 924 914 4012 1247 495 3084 4757 1439 2098 279 3200 4540 3234
Route #233: 1881 2525 1069 5209 5329 5128 5143 2207 1229 2181 3243 4929 3602 3865 1399 3987 1776
Route #234: 5328 195 4422 2296 216 3007 5871 1395 3091 2938 3214 1511 4089 1384 852 5804 3263
Route #235: 4979 2168 713 2987 454 3344 1006 3053 1984 1772 1001 1258 3920 5893 4684 5633 149 421
Route #236: 4122 5612 3633 5961 4486 5575 4243 2576 3751 3825 5323 4898 940 2292 1725
Route #237: 5705 3294 1273 1076 1861 1711 3526 976 2469 1535 599 2621 3574 2921 5918
Route #238: 6 5016 942 3748 548 2549 562 134 2069 5979 2874 2832 5758 3276 3150 4008 2647 5130
Route #239: 4125 4605 5112 3918 3640 1120 1297 1355 2951 814 364 5084 14 5260 3689 5629 2680 2229
Route #240: 2548 2710 1943 1565 884 5512 479 1466 3139 4822 293 2245 4701 3930 4891 5678 5474 1585 4567 3446 86
Route #241: 4613 2361 2886 4669 2419 1980 371 4466 5857 3159 2443 3254 4859 4522 3582 3873
Route #242: 2782 2007 4658 4608 3628 3726 2058 1238 3780 831 1856 4894 1178 2509 2567 3451 4050 5782 4009
Route #243: 5091 1902 1952 3898 2325 556 1361 5270 3489 4224 2313 2794 4662 5520
Route #244: 3896 4831 2841 984 3692 4249 4677 4905 985 5801 2186 3784 2026 484 1885 2537 3331 2911 1442 493 2993 5711
Route #245: 4482 643 110 1683 2275 1367 4717 4314 5728 4167 2220 320 4481 4295 1763 4320 5825
Route #246: 2177 424 620 660 749 3219 3416 1284 1281 1271 988 1804 676 3257 5296
Route #247: 3205 5317 5344 2595 1068 183 4760 5680 1209 4912 4953 4585 443 4816 731 3113 4208 3301 4808 1948
Route #248: 3770 3717 2056 1429 1329 2210 672 4515 1867 3038 4236 4607 3303 3764 4798 532
Route #249: 2312 5407 2218 249 5473 989 3893 1746 17 5885 311 3875 4092 289
Route #250: 1903 3058 1499 4578 1080 1622 4176 4335 5798 1489 1705 3223 1491 5807 1450 5048 1917 4458
Route #251: 1480 203 2374 5 2999 283 5513 4689 1880 4841 3424 788 558 3646 3345 732 722
Route #252: 4997 1484 3922 2625 1631 3593 1767 1554 2141 5211 5477 4034 2997 3648 826 156 4226 4209 2449
Route #253: 1421 755 5499 2491 3310 3660 4213 5958 5170 5738 4865 5228 634 1582 198 2
Route #254: 3691 4114 2639 3755 1116 3995 1816 1904 900 138 2252 4101 1599 5902 5783 2732
Route #255: 834 3768 5045 5089 1246 4069 3174 5243 1597 2211 4518 2371 2002 3268 4973 4910 4241 3781
Route #256: 3731 2746 1424 1379 4159 4128 2176 2619 504 4472 1286 5019 5257 5611 931 4635
Route #257: 5446 1661 1507 2432 1837 5121 5510 3812 5266 4706 2154 5610 3002 5984 1588 526 5529
Route #258: 2135 2968 2751 1598 1270 2017 356 3567 3557 3249 4126 5927 936 1487 5428 893 2741 1665 2608
Route #259: 4492 2717 640 1562 1730 2811 71 4233 5578 5347 5002 1438 4447 791 2473 586 1303
Route #260: 2272 1942 2264 1762 3506 2763 450 3729 3831 2692 665 1969 5555 5505 4455
Route #261: 5461 2404 4500 2145 4238 3733 752 3371 2398 1400 68 1221 1304 317 360 2179 404
Route #262: 2255 1691 76 2673 3792 1758 4138 4330 191 2169 693 3281 3927 2441 570 94
Route #263: 5308 4756 5593 4990 910 1317 3479 120 4773 5631 3695 2700 5561 3461 1677 503 2031
Route #264: 5127 4244 4871 2724 673 5503 1458 581 5008 1164 5190 2858 5416 1557 108 5676
Route #265: 2362 4663 3455 4563 2043 497 858 1854 3350 4653 3886 3106 4503 3659 567 5102 2566
Route #266: 4294 3741 2743 1886 3677 5133 5299 2172 5835 1179 2178 4864 3832 730 2437 1713 642
Route #267: 2455 3063 5780 1717 2511 3572 1115 5119 1908 3346 1732 2640 1611 2661 2681 4024 5015 4888
Route #268: 888 204 2815 4541 1703 4883 1643 4306 3250 2812 5114 4106 2865 1512 3432 4111
Route #269: 3559 3384 1092 5268 1474 1540 740 1230 1649 4098 382 1548 3031 2143 2078
Route #270: 1752 2074 2314 2818 3988 4149 2183 4173 658 719 3569 4574 3655 667
Route #271: 3735 2538 2347 4772 1999 1506 573 2657 4774 625 777 1620 4919 3687 2852
Route #272: 1910 5492 5960 31 3724 3937 4676 278 1434 137 4596 3915 2435 2939 1810 272 409 4345
Route #273: 1054 636 3417 1788 349 60 1728 598 3026 1214 4615 5813 2800 651 365 4066 967
Route #274: 1266 3743 1391 5932 2536 2240 4634 314 4746 5914 2086 4263 3108 1955 2391 2523 5735 4411 3271
Route #275: 4251 5479 1172 4404 5289 505 4576 2082 3786 1857 3465 4736 2402 469 5158 3576 1729
Route #276: 4400 1682 5616 1295 2676 4638 5379 332 2237 4850 2456 2099 15 1446 3498 5058
Route #277: 2231 1536 5906 4604 2919 5793 3072 5748 2878 344 5162 1815 5836 5781 2730
Route #278: 5926 2925 1098 2839 5230 1205 1647 1775 4631 2010 3507 2539 1055 1714 3191 614 5842 126 2465
Route #279: 1846 3605 2512 4054 5327 1296 5860 5106 2744 5589 276 2353 5937 4283 2401 3551 5878 5385
Route #280: 1560 2073 2636 211 1838 675 3624 302 5433 4308 545 4417 4966 1841 1950 5624
Route #281: 987 1227 3492 5544 2243 423 3222 5977 5541 952 588 4258 711 3305 5739 4387 4628 1000
Route #282: 4761 5042 4868 4161 2542 3261 3603 405 5063 5660 5993 1544 5497 974 3809 4598
Route #283: 3859 575 397 2871 3198 4433 3464 5039 4032 4968 4076 2604 4539 1941 1574 1071 5632 388
Route #284: 292 4341 5318 4722 1558 23 932 4015 4937 2703 3675 1131 1181 1353 4196 5847 127 1224 3049
Route #285: 1373 3282 5338 4555 2571 3594 5539 919 3694 3542 2964 5018 523 5743 3087 1675 2363
Route #286: 5596 369 5204 5105 74 5103 5656 5864 4765 4741 2212 1669 4938 4603 2689 798 1345
Route #287: 250 3546 1368 4383 2833 1182 1701 861 461 1073 1330 350 1176 3684 3062 951 603 2600 963 5945
Route #288: 3101 3730 2408 754 4350 761 5959 1357 1659 146 5052 4020 2121 172 2262 645 894 1381
Route #289: 3629 2881 265 2842 2806 2706 3073 592 4611 5373 1374 221 3815 217 4095 560
Route #290: 2929 390 3075 148 4493 2589 1386 1586 5964 3248 2222 4998 4112 4889 1242 143 5283
Route #291: 1783 5148 2467 2217 954 2323 1779 4265 4327 4769 3917 88 4418 2762 5587 3362 2475 1694
Route #292: 5731 5978 4553 3997 5970 2318 1765 4237 3964 129 1504 5604 3773 2553 1937 2729 2965 5413
Route #293: 1291 3793 3302 5447 3600 5267 4506 5559 2008 2750 1583 4668 4302 1868 736 650
Route #294: 3143 1154 2837 564 1590 4916 4127 2251 1168 2610 5300 1177 3401 5771 2088 5618 3485 1975 2131
Route #295: 180 1722 2306 5182 2834 1754 5044 3107 4467 2866 875 5946 1267 1040 1380 3924 3270 2200
Route #296: 784 4526 3381 3663 2227 75 2426 718 1240 1756 260 3463 1897 3889 4379 5988
Route #297: 2838 2439 2399 5713 3408 4507 5686 5313 5120 4893 4954 1253 2341 5717 1436 4791 1220
Route #298: 1268 795 4533 1871 756 839 1337 5098 3435 1256 631 870 3510 5669
Route #299: 1275 205 999 2482 3919 2268 434 4911 816 5341 1738 3769 4392 5017 2883
Route #300: 2924 804 508 3420 5523 3419 843 193 2593 3974 1249 4146 1203 4561 5163 5142 1130 2667 3321 299
Route #301: 4652 2230 303 5153 1235 2863 2180 2328 4805 5451 873 3858 3030 1689 3105 2030 3117
Route #302: 5307 707 2228 4242 2193 4550 223 368 5608 2578 3990 4909 1201 2307 782
Route #303: 897 5767 820 3501 5476 824 5310 5229 1435 5936 5483 366 208 1640 4928 4017
Route #304: 3379 696 2464 194 1358 911 1759 5398 1052 3847 4136 1581 5441 4648 5853 2953
Route #305: 1407 2161 4022 4407 3604 2543 4256 4749 5291 716 2731 1346 2696 2045 1636 4794
Route #306: 4252 1723 5834 5595 4691 5295 3348 1845 1523 5051 4856 2823 1494 4292 874
Route #307: 384 1045 3037 4568 87 3328 3077 5518 2077 2320 470 3240 3882 5753 291 3043 1483 1277
Route #308: 5370 3340 3434 430 212 2273 5659 637 5667 4014 3843 3088 1524 5404
Route #309: 3177 4981 2202 3395 2305 410 4904 4639 354 5989 5736 2786 5043 3983 1089 5364 2254 3970 5081 975
Route #310: 2631 2462 5054 111 4645 1696 2458 4866 923 1976 3837 4284 5333 783 1650 1726 2873 1699 1606
Route #311: 5916 684 928 516 1972 3180 4723 4994 5553 5841 5353 4253 5423 4775 1794 4150 4788 73
Route #312: 2810 688 5795 2615 2521 3314 1010 3103 2877 1922 4970 3168 678 2424 4748 1216 4719 4884 5533
Route #313: 2158 3082 5876 2038 5910 3803 3760 4479 1044 4575 1239 1366 4438 5421 2882 3711
Route #314: 5765 1825 2765 4262 4520 2413 5150 4956 1564 3238 1887 3050 3778 3761 2665
Route #315: 4987 2287 3505 5554 3385 4640 5027 135 5309 2390 1009 2042 4002 5912 5683 39 3612 1077 11 5749 3162
Route #316: 535 4402 4475 3100 819 5463 2835 2448 4141 4633 98 1774 4626 1668 4346 833 5224
Route #317: 3616 2242 184 457 3365 4436 4074 3637 4273 1066 5093 3861 3933 5562 2876
Route #318: 422 1821 3622 1199 3850 4545 79 244 439 3456 5734 1519 978 5073 2224 4232
Route #319: 2972 4282 3054 2201 2420 4685 199 4830 5137 3549 4593 2926 778 4612 4430
Route #320: 3728 5928 3448 2784 4988 1334 1064 5036 3513 2279 5251 927 950 3153 5259 3992 3203
Route #321: 606 1792 5253 2062 3868 5174 5075 3121 1056 4437 887 4055 96 2638 4142
Route #322: 4766 4745 3470 2494 2739 2280 2037 5527 395 4487 5737 3758 1753 5886 2025 855 4738 3907
Route #323: 576 4476 1802 4118 3984 35 2438 595 1274 3059 805 1161 3081 3477 3474 1853
Route #324: 2801 1579 2423 2505 5173 81 3115 2120 4259 4103 977 2856 3734 1983 2630 3229
Route #325: 5649 5005 141 1418 2529 2713 3577 5583 5628 3355 3563 2405 389 3522 5706 4581 4573 437
Route #326: 3685 2515 4867 842 890 2775 4462 1542 2932 4517 261 383 5653 4281 5330 3535 3387
Route #327: 5730 4025 5536 5250 3015 5577 1936 5925 765 501 1876 1736 948 3476 1308 4814
Route #328: 3289 879 698 2358 3027 5797 3473 2963 4315 1977 3543 2283 5205 3003 2602
Route #329: 4617 5651 3443 1401 3878 236 4835 4039 3822 4143 5755 1771 4321 5724 1093 2281 1251
Route #330: 607 2335 1094 4549 4967 2643 4474 3287 2962 3452 5374 1243 2308 1083 3279 5116 5280
Route #331: 4646 5180 882 445 773 5733 5845 2187 4158 1906 1716 4734 2364 3069 3821 1958 4566 201
Route #332: 5838 5641 3389 4353 959 2274 1995 4412 925 3520 2036 4619 5619 2048 5311 168 1431 275
Route #333: 3866 345 8 5009 2535 1344 3500 2904 3383 5278 828 3252 4488 300 412
Route #334: 1107 186 5992 1686 1124 1404 4187 2791 2937 4007 83 177
Route #335: 2854 2081 3656 1219 5004 2416 3765 3599 2805 2257 5546 5551 1844 284 5745 376
Route #336: 3318 2928 3662 5196 4625 569 5021 2343 1241 5226 3295 312 5242 5346
Route #337: 3527 3678 3176 896 5245 3042 1038 167 4819 3618 3319 3853 5668 5007 2126 3439
Route #338: 1166 3298 5396 169 4785 2094 2495 4728 3641 5334 3757 1263 912 5099 4636 5915 764
Route #339: 1280 5598 4854 5778 3693 3396 3409 22 49 5526 2430 2620 5335 3863 3495 4105
Route #340: 1325 2203 5971 1575 5987 2127 694 1278 2378 2879 3315 2723 5854 400 2064 4121 95 3283
Route #341: 1272 2851 2824 627 5395 536 3022 2345 315 5489 5870 4250 13 937 3643 3216 5305 1584
Route #342: 5003 5582 5757 5572 1652 5361 1978 4140 4712 3801 1036 3347 4072 1152 2022 555 3326 2660 5177
Route #343: 3338 196 1570 170 3012 682 4948 5256 1609 5913 1233 4649 5754 5626 3560 448
Route #344: 335 4505 4747 2020 3531 1444 2286 1223 1527 2216 5746 136 3291 2117 3682 695 5786
Route #345: 189 297 65 554 2415 5867 4425 4469 1493 7 2573 56 1688 5609 1928 3304
Route #346: 5172 2339 1020 4235 2540 4174 5884 5223 3874 2734 2772 3541 2241 3517 84 763
Route #347: 339 4011 738 5240 2376 3736 1959 2559 662 2959 3722 4793 1967 5564 4957 4215 3740 3429
Route #348: 832 162 2394 5509 1932 2244 2590 5832 3221 5462 2321 3325 1573 5046 2980 5957 5034 3189
Route #349: 2901 4403
Cost 518826
