Route #1: 1 3 6 10 16 23
Route #2: 330 311 291 270 248 226 205 185 166 148 131 115 100 86 73 61 50 40 31 15
Route #3: 363 346 328 309 289 268 246 224 203 183 164 146 129 113 98 84 71 59 48 38 29 21
Route #4: 392 377 361 344 326 307 287 266 244 222 201 181 162 144 127 111 96 82 69 57 46 45 36 28
Route #5: 405 391 376 360 343 325 306 286 265 243 221 200 180 161 143 126 110 95 108 93 79 66 55 56 68 81
Route #6: 124 141 159 178 198 219 241 263 284 304 323 341 358 374 389 403 416 428 282 261 239 217 196 176 157 139 122 106 91 78
Route #7: 302 321 339 356 372 387 401 414 426 437 447 468 461 453 444 434 423 411 398 384 369 353 336 318 299 279 258 236 214 193 173 154 172 153 136 120 105
Route #8: 171 190 210 231 253 274 294 313 331 348 364 379 393 406 418 429 439 448 456 463 469 474 478 481 483 473 467 460 452 443 433 422 410 397 383 368 352 335 317 298 278 257 235 213 192
Route #9: 191 211 232 212 233 254 275 295 314 332 349 365 380 394 407 419 430 440 449 457 464 470 475 479 482 480 476 471 465 458 450 441 431 420 408 395 381 366 350 333 315 296 276 255 234
Route #10: 237 259 280 300 319 337 354 370 385 399 412 424 435 445 454 462 477 472 466 459 451 442 432 421 409 396 382 367 351 334 316 297 277 256 215 194 174 155 137
Route #11: 107 123 140 158 177 197 218 240 262 283 455 446 436 425 413 400 386 371 355 338 320 301 281 260 238 216 195 175 156 138 121 92
Route #12: 264 285 305 324 342 359 375 390 404 417 438 427 415 402 388 373 357 340 322 303 242 220 199 179 160 142 125 109 94 80 67
Route #13: 378 362 345 327 308 288 267 245 223 202 182 163 145 128 112 97 83 70 58 47 37 22
Route #14: 347 329 310 290 269 247 225 204 184 165 147 130 114 99 85 72 60 49 39 30
Route #15: 167 149 132 116 101 87 74 62 51 41 32 24 17 11
Route #16: 312 292 271 249 227 206 186 52 42 33 25 18 12 7
Route #17: 293 272 250 228 207 187 168 150 133 117 102 88 75 63 8 4
Route #18: 273 251 229 208 188 169 151 134 118 103 89 76 64 53 43 34 26 19 13
Route #19: 2 5 44 35 27 20 14 9
Route #20: 252 230 209 189 170 152 135 119 104 90 77 65 54
Cost 1446.61
