Route #1: 658 408 698 664 768 662 335 873 12 908 13 522 656 145 203 742 260 601 350 18 930
Route #2: 532 978 119 55 230 507 537 115 816 237 187 433 354 316 723 321 485 300 836 236 876 748 819
Route #3: 903 457 736 179 557 806 110 483 955 372 789 538 844 611 524 900 151 935 822 921 766 958
Route #4: 44 369 852 343 198 875 177 25 680 92 28 240 839 825 104 298 48 293 491 570 600 231 865 937 345 565 988
Route #5: 320 735 301 660 80 501 972 588 402 346 41 406 944 942 355 634 361 9 15 702 804 141
Route #6: 826 96 870 146 734 487 542 998 64 818 619 905 694 817 784 867 93 88 58 484 168 167 143
Route #7: 85 62 367 243 330 652 374 328 490 377 463 845 112 164 695 63 914 916 24 992 803 809 157
Route #8: 142 535 918 929 800 759 202 229 427 303 498 757 352 56 84 134 771 863 122 10
Route #9: 897 183 725 398 941 936 796 199 109 948 315 887 519 486 553 124 461 620 830 99 983 318
Route #10: 488 744 513 864 824 807 750 636 100 156 182 940 920 746 602 684 609 922 569 685 65 353 438
Route #11: 81 53 949 114 396 738 480 616 717 305 833 990 647 706 907 251 573 782 269 309 192 218 943 313 130 842
Route #12: 213 548 730 75 608 885 152 370 556 512 185 482 333 646 78 212 249 704 432 917 221
Route #13: 877 239 348 829 691 46 496 233 225 527 504 700 426 252 30 687 503 415 749 669 977 383 126 787 729
Route #14: 598 521 106 612 891 281 986 4 276 996 127 137 951 791 184 166 193 763 323 169 618 319 326 530 389 380 401
Route #15: 500 860 387 121 550 961 849 878 631 666 271 336 235 584 97 162 848 338 967 275
Route #16: 517 471 761 670 273 425 128 327 302 814 888 890 563 769 435 466 810 189 985 543 272 764 681
Route #17: 831 340 906 733 933 889 747 180 567 627 37 506 270 606 5 462 793 155 253 365 217 311 138 790 526 259 904 928 160
Route #18: 626 288 493 329 34 776 714 2 979 649 324 191 851 976 35 823 883 926 651 317 285
Route #19: 855 419 677 111 628 950 257 711 539 529 896 674 641 909 226 154 371 856 657 970 838 475
Route #20: 102 258 911 615 497 292 963 410 208 423 546 835 77 679 26 559 716 67 675 250 174
Route #21: 458 741 69 715 178 224 339 170 381 36 997 610 477 470 449 420 19 368 147 536 478 295 73 57 841
Route #22: 456 701 238 422 135 778 843 263 821 574 72 939 310 923 442 781 981 866 882 60 586 149 394
Route #23: 794 931 533 132 289 650 934 150 956 29 495 622 786 413 444 424 755 783 964 643 607 571 915
Route #24: 407 767 245 802 197 840 211 494 792 808 884 31 502 984 103 596 708 663 261 171 752 262 52
Route #25: 727 246 925 378 892 43 247 625 668 418 879 785 859 581 582 974 71 39 379 745 219 703
Route #26: 175 390 481 673 61 441 49 693 595 837 16 436 129 630 364 222 163 597 196 510 639 534 982 445 713 215
Route #27: 846 661 516 686 644 465 366 267 653 363 373 334 11 342 770 678 332 382 349 341 473 205 621 827
Route #28: 148 614 635 872 347 360 832 758 862 254 241 589 665 403 125 587 902 858 40 70 223 699 552 190 773
Route #29: 518 642 429 697 932 880 7 624 376 676 468 605 455 765 709 585 172 688 554 357
Route #30: 464 594 412 613 165 14 105 560 696 881 195 278 623 228 968 568 947 472 176 399 437 994 523 874 945 409 953 411 68
Route #31: 416 740 760 446 33 572 975 946 705 579 476 828 820 344 385 287 689 780 421 158 351 732 558 474 531 868 27
Route #32: 116 966 400 633 256 962 797 451 564 395 525 38 209 23 712 108 617 299 227 671 459 811 762
Route #33: 799 450 692 895 973 331 6 91 629 756 901 555 520 599 216 779 54 999 50 32 296 454 645 95 965 718 603
Route #34: 834 304 1 854 375 51 244 359 447 264 391 291 960 430 434 118 90 857 545 144
Route #35: 439 358 87 995 405 971 117 17 47 591 987 580 566 541 181 847
Route #36: 428 813 159 575 308 924 577 511 3 886 393 268 131 20 576 173 551 893 136 991 910 726 989 404
Route #37: 210 362 79 76 772 113 314 743 66 798 682 83 667 161 912 448 544 721 286 654 795 777 869 388
Route #38: 277 861 871 898 392 397 593 82 443 731 188 659 853 672 200 1000 312 514 232 265 578
Route #39: 22 980 133 279 509 728 452 283 812 201 508 45 306 248 266 604 356 386 417 186 969 561 297
Route #40: 94 724 938 774 467 290 140 204 751 255 153 384 592 59 754 242 959 815 139 489 957 206 431
Route #41: 294 89 101 280 640 547 337 850 655 460 952 194 440 927 739 583 719 648 499 528 284 638 322
Route #42: 492 710 707 722 123 21 562 683 913 894 954 737 479 788 307 690 120 325 549 107 632
Route #43: 469 8 98 42 919 274 207 453 805 637 720 590 414 899 86 282 220 74 753 993 775
Route #44: 505 540 515 214 234 801
Cost 80501
