Route #1: 4421 4441 399 5443 1651 1195 4777 4959 2014 2282 3545 1997 724 840 5606 1453 4554 1666
Route #2: 4882 2897 5537 2579 540 28 2728 1618 2889 2373 5092 1721 5437 4332 5895
Route #3: 5888 2996 296 2327 4148 579 10 306 577 3794 850 3141 3255 4484 3617 2006 2848 1159 5766
Route #4: 322 1305 4501 179 3483 5574 542 4399 1787 418 5080 514 1700 4071 1786 1518 4029 4056 2115 5952 1048
Route #5: 5377 5319 779 2654 869 2663 1718 1467 1218 5750 785 2960 5122 3018 5038 1798 2642 3737 451
Route #6: 2785 5568 5962 5178 533 2156 1991 2633 4600 4720 1403 178 3939 2459 4823 4876 4082 979
Route #7: 1698 3966 2599 3400 5924 2368 3623 1603 1332 5579 786 721 815 5744 2668 4548 1264 968 5202 1003
Route #8: 5673 1627 2774 1676 3568 5087 3899 3220 1827 4878 2868 1890 726 4784 2204
Route #9: 2927 4874 5821 4068 2412 517 254 2715 2606 1158 4139 2946 1498 5674 166 1660
Route #10: 119 3425 3638 5193 5957 4208 3301 4808 1948 5726 5741 5157 669 2693 5486 4403
Route #11: 2901 3189 5034 3113 731 4816 443 4585 4953 4912 1209 5680 3770 4760 183 2321 3325 1573 5046 2980
Route #12: 3717 5564 4957 4215 3429 3740 2244 1932 5509 2394 162 2590 5832 3221 5462 832
Route #13: 532 1967 1329 2210 1429 2056 4236 1020 672 4515 3517 1867 3038 4607 3303 3764 4798
Route #14: 2312 5407 2283 3543 1977 3473 4617 5797 3027 2358 2963 4315 698 948 1736
Route #15: 2540 5651 3443 1401 3878 236 1493 7 2573 4425 5867 4469 4835 4039 3822 4143 5755 1771
Route #16: 5280 5116 3279 1083 2308 1243 1251 2281 1093 5724 4321 2643 4474 3287 2962 4549 3452 5374
Route #17: 4646 607 412 5619 2048 5311 168 1431 275 5845 5733 773 445 882 4967 1094 2335
Route #18: 300 4488 3252 3383 1844 5551 5346 5546 2257 2805 3599 3318 284 5745 5278 828
Route #19: 2415 65 554 3291 5746 136 2117 3682 695 5786 5226 3295 312 5242 297
Route #20: 1241 2343 5021 4625 5196 3662 3527 3678 5245 3042 5668 5007 2126 3439 896 3176 2928
Route #21: 1166 3298 5396 764 5915 169 4785 2094 2495 3319 3618 4819 167 1038 3853
Route #22: 4636 5099 4728 3641 3495 3863 5335 2620 2430 5778 4854 5598 4712 1280 4105 3757 5334 912 1263
Route #23: 1272 2851 2824 1152 627 5395 536 3022 3693 3396 315 2345 1036 4072 3347 2022 555 3326
Route #24: 5177 2660 3801 3409 22 5526 49 2723 3315 2879 2378 1278 694 2127 5987 5854
Route #25: 1325 2203 5971 1584 1575 3283 95 4121 400 2064 5305 3216 3643 937 4250 5870 5489
Route #26: 682 3012 5361 1652 1978 4140 13 1570 196 170 5582 5757 5572 5003 569 3338
Route #27: 1233 5913 4948 5256 1609 2216 1527 1223 4649 5754 5626 3560 2020 448 2286 3531 1444
Route #28: 376 186 5992 1686 1124 1404 4187 2791 2937 4747 4505 335 4007
Route #29: 2854 2081 3656 1219 5004 2416 3765 83 177 1107 189 4619 3520 2036
Route #30: 2187 1906 4353 959 2274 1995 4412 925 3500 2904 2535 5009 8 1344 345 3866 4158
Route #31: 2734 3304 1928 5609 56 5838 5641 1958 3821 3069 4734 1716 2364 4566 201 3389 5180
Route #32: 3289 5205 3003 2602 4814 1308 3476 879 4235 1688 4174 5884 5223 3874 2772 3541 2241
Route #33: 2218 289 4092 3875 249 311 5885 17 1903 3058 5289 1499 4578 1172 5479
Route #34: 505 4576 4458 1917 5048 1450 5807 1491 3223 1705 1489 5798 4335 4176 1622 1080 4251
Route #35: 732 5 2999 283 5513 3345 3646 558 788 3424 4841 4997 1484 3922 2625 1554
Route #36: 1480 203 722 2374 4689 1631 3593 1767 2141 5211 5477 4034 2997 3648 826 156 4226 4209 2449 755 1421
Route #37: 1880 3691 4114 2732 5499 3310 3660 4213 5958 5170 5738 4865 5228 634 1582 198 2
Route #38: 2639 3755 1116 3995 1816 3768 5045 3465 5089 1246 5243 5984 3002 1597 3174 4069 5158 834
Route #39: 1857 3271 4411 5735 2523 2391 1955 3108 4263 2086 4736 2402 526 1588 2968 2751 2536 5932 2135
Route #40: 1266 3743 1391 356 3567 3557 3249 4066 967 4634 314 4746 5914 2240 1270 2017 1598
Route #41: 1054 5813 4615 1214 636 2398 1665 3026 2608 5428 1487 936 5927 4126 365 651 2800
Route #42: 94 570 2441 3927 2179 360 317 1304 1221 68 1400 3371 404 3792 2673 76 1691
Route #43: 2255 4990 1317 5593 4756 4773 5631 3695 3461 5308 2169 191 4330 4138 693 3281 1758
Route #44: 910 3479 120 2700 5561 2031 503 1677 673 5503 2724 4871 4244 1458 581
Route #45: 5127 5676 108 3384 1092 5268 1474 2858 5190 5008 1164 5416 1557 1854 858 3350 497
Route #46: 204 2815 4541 1703 3455 2043 4563 4663 2362 3659 567 5102 2566 5015 4024 2681 2661 1611 888
Route #47: 4888 3677 5133 5299 2172 1179 2178 4864 3832 730 1732 2640 1717 5780 3063 2455
Route #48: 4294 3741 2743 1886 4883 1643 4306 3250 5835 1908 5119 1115 3572 2511 3346 2437 1713 642
Route #49: 4503 3106 3886 4653 3559 2812 1540 5114 4106 2865 1512 3432 4111
Route #50: 2078 2143 1752 2074 3988 2183 4149 3031 1548 382 4098 1230 740
Route #51: 4574 3569 719 4173 4774 625 777 1620 4919 3687 278 2852 4676 3724 31 5960
Route #52: 667 3655 2538 3735 2347 4772 1999 1506 573 2657 658 3937 2818 2314 5492 1910
Route #53: 1649 1434 137 4596 3915 2435 2939 1810 272 60 349 1788 1728 598 3417 4345 409
Route #54: 2741 893 1303 586 2473 791 5002 5578 1438 4447 4233 71 2811 1730 1562 640 2717 4492
Route #55: 2272 3831 1942 2264 1762 3506 2763 450 3729 5347 2404 4500 2692 665
Route #56: 3781 4241 4910 3268 2002 4455 5461 752 3733 4238 2145 1969 5555 5505 5529 2211 4518 2371 4973
Route #57: 3731 2746 1424 1379 4159 4128 2176 2619 504 4472 5019 5257 5611 931 4635
Route #58: 2154 1286 5446 1661 1507 2432 1837 5121 5510 3812 5266 4706 5610 1729 3576 469 5783 2491
Route #59: 2082 900 1904 4101 2252 138 1599 5902 3786 5616 1682 4400 5058 3498 4404
Route #60: 5330 4281 5653 383 1295 2676 4638 5379 332 2237 2730 4850 2456 2099 15 1446
Route #61: 2231 1536 4604 2919 5793 3072 5748 2878 344 5926 2925 1098 2839 1815 5836 5781
Route #62: 5230 1560 2073 211 675 3624 302 2200 3270 3924 545 4308 5433 1838 1775 1647 1205 1714
Route #63: 711 3305 4417 5739 4387 423 3222 5977 5541 952 588 4258 260 3463 1756 1897
Route #64: 2243 5544 4761 5042 4868 4161 2542 3603 405 5063 5993 5660 4598 3809 974
Route #65: 1544 5497 1071 5632 388 5039 4032 4968 4076 4196 2604 4433 3464 2871 3198 3049 397 575 3859
Route #66: 5318 23 932 1558 4722 1224 127 5847 4015 4937 2703 3675 1131 1353 1181 4539 1941 1574
Route #67: 180 1722 2306 5182 2834 1754 5044 3107 5946 3282 4555 1373 875 292 4341 3261
Route #68: 564 4916 4127 2251 1168 2610 5300 1177 3401 1590 5771 2964 3542 3694 919 3594 2571
Route #69: 5018 5978 1583 2750 2008 5559 4506 3302 2553 1937 2729 3793 5970 3997 4553 5731 1694 5743 523
Route #70: 2363 1675 5604 1504 129 3964 4237 1765 3600 5267 5447 2318 3773 1291 4668 2965 5413 3087
Route #71: 861 5959 2689 798 1345 4603 3629 2881 265 4938 1669 2212 4741 4765 1701 1182 761 4350
Route #72: 3101 3730 2408 754 461 1073 1330 350 1176 3684 951 3062 172 2121 2262 645 894 1381
Route #73: 4020 5052 5945 963 2600 146 603 1659 1357 5864 5103 74 5105 5204 2833 4383 1368 3546 250
Route #74: 5596 369 5656 2842 1242 2806 4611 5373 1374 221 3815 217 4095 3073 2706 560
Route #75: 2467 2217 954 4327 2323 4265 1779 1386 1586 5964 3248 2222 4889 2589 4493
Route #76: 1783 5148 4418 2762 5587 3362 2475 5283 143 390 2929 3075 88 4769 3917 148 4998 4112 592
Route #77: 2131 3143 1154 1975 3485 2837 2088 5618 650 736 1868 4302 5539 4467 2866 5338 1040 1267
Route #78: 1055 2539 5385 5878 3507 3551 2401 987 1000 1227 3492 4628 1380 3889 4379 2010 4631 2636
Route #79: 1846 3605 276 5589 2744 5106 1296 5327 2512 4054 5860 4966 4283 5937 2353 1841 1950 5624
Route #80: 5988 784 4526 3381 3663 2227 75 4911 843 193 2593 3974 1249 4146 3858 3030
Route #81: 1235 873 5451 4805 2328 2863 2180 368 5608 2578 3990 4909 4550 2193 4242 2228
Route #82: 5307 707 223 897 5767 3501 5476 824 141 5005 820 4462 2775 1201 2307 782
Route #83: 5649 437 4573 4581 1418 2529 5706 3522 389 2405 890 2713 3577 5583 5628 3355 3563 842
Route #84: 3685 2515 4867 1579 1052 3847 4136 1581 5441 4648 2953 5853 2464 2801 696 3379 5310
Route #85: 5398 855 5251 927 950 3153 5259 3992 3203 4407 2161 4022 1358 911 194 1759
Route #86: 606 1792 4142 2638 96 4055 887 4437 1056 1753 3758 2739 2494 3470 4745 4766
Route #87: 5737 4487 395 5527 2037 2280 3121 5075 5174 3868 5886 5253 2062 2025 4738 1161 3907
Route #88: 1983 576 4476 1802 4118 3984 35 2438 595 1274 3059 805 3081 3477 3474 1853
Route #89: 3229 2630 3734 4259 4103 2120 3115 2505 2543 4292 4256 3604 5173 81 977 2856
Route #90: 1494 4856 5051 3037 384 1045 4568 3328 3077 5518 2077 3340 5370 3240 470 2320 2823
Route #91: 3434 430 1334 212 2273 5659 637 5667 4988 4282 3549 4593 4014 2926
Route #92: 4430 5404 1524 3088 3843 2784 3054 2201 2420 4685 199 4830 5137 3177 4475 4402
Route #93: 244 1199 3850 4545 2972 778 4612 535 3616 2242 79 184 457 3365 5093 1066 4273
Route #94: 422 1821 3622 439 2876 5562 3933 3861 4436 4074 3637 978 5073 2224 4232
Route #95: 3456 5364 2254 3970 5081 975 3100 4981 2202 3395 2305 819 410 3983 5043 2786 1089 833 5224 5734 1519
Route #96: 5736 5989 4904 4639 354 2462 2631 4866 923 1976 3837 98 1774 5333 4284 4626 1668 4346
Route #97: 1606 1699 783 4633 5463 2835 2448 4141 3612 4723 4994 3180 1972 1726 1650 2873
Route #98: 2877 1922 4970 3168 678 1009 2390 5912 4002 2042 39 5683 1077 5553 5841 5353 5423 4775 1794 73
Route #99: 2810 688 3803 5533 4884 4719 1216 4520 2413 5150 4748 2424 3103 1010 3314 2521 2615 5795
Route #100: 3711 3082 2158 5876 2038 5910 2882 5421 4438 1366 1239 4575 4479 3760 5765 1044
Route #101: 2665 3761 3778 3050 1887 3238 1564 4956 4640 3385 5554 3505 2287 4987 4262 2765 1825
Route #102: 1064 5054 111 4645 1696 2458 3162 5749 11 4253 516 928 684 5916 4788 4150 5309 5027 135
Route #103: 2696 2731 716 87 3728 3448 5928 5036 3513 2279 3882 5753 291 3043 1483 1277 4749 874 1346
Route #104: 4252 2045 1636 4794 1723 5834 5595 4691 5295 3348 1845 1523 5291 1407 2423
Route #105: 3105 5153 4017 4928 1640 208 5483 5936 366 5229 1435 2932 1542 4517 261 303
Route #106: 4652 2230 3117 2030 1689 2482 816 5341 3419 3420 1738 3769 4392 5017 2883 1203 508 804 2924
Route #107: 299 3321 2667 1130 5142 5163 4561 1275 205 999 1436 4791 1220 1240 718 2426 5523
Route #108: 2838 2439 4507 2399 5713 3408 5686 5313 434 4954 1253 5120 4893 2341 5717 1268 5669
Route #109: 3510 870 631 1256 3435 5098 1337 839 756 1871 4533 2268 3919 795
Route #110: 1876 501 3387 3535 5473 989 1746 3893 126 2465 5842 614 3191 5162 5906 765
Route #111: 5730 4025 5536 5250 3015 5577 1936 5925 1959 763 84 2339 5172 2559 662
Route #112: 738 5240 2376 3736 4793 3722 2959 4011 339 4855 509 3475 1004 1068 2595 5344 5317
Route #113: 3205 2686 5397 215 4724 482 4813 44 2309 2032 1817 1482 2945 4331 4790 424 3524 4212 2151 2177
Route #114: 33 5306 2453 4193 4755 5681 4162 4471 1411 528 701 926 66 4289 5721 5787 1290
Route #115: 1185 4309 5588 3442 4588 2191 5200 5592 772 4099 3583 12 1455 2114 4280 4642 1451 5974 5030
Route #116: 5434 463 1022 1135 2499 2670 3017 1406 5284 3457 4836 1075 481 4806 5132 1090 2504 1600 310
Route #117: 702 3892 1371 5274 5825 4320 5522 1875 414 4565 5436 5293 2802 1534 5955 5994 1695 3376 4312
Route #118: 4818 5720 4100 1956 1441 3680 5576 245 2892 3797 2192 2463 1155 1654 5010 4999 2108 1761
Route #119: 860 1397 2726 1354 5419 5882 5790 2149 5709 916 3033 1294 1005 61 829
Route #120: 3097 733 1670 5213 3185 2147 112 5331 459 2756 5687 3160 3704 2880 142
Route #121: 2247 488 1684 5194 4875 5498 5942 2998 4183 427 309 1894 5124 477 3644 117 2129
Route #122: 3491 5859 3164 5580 5685 2563 5647 1059 21 917 2985 5883 5208 4845 5147 2050 492
Route #123: 530 1495 5340 1311 361 2052 5169 5356 4569 2607 4654 209 563 2991 3171 3237 5469
Route #124: 5856 5475 2406 5405 4378 4950 3783 677 2635 1091 3212 5033 452 4491 1852 1858 4172 3862
Route #125: 4873 2133 4851 163 5773 415 1673 2577 4602 617 2215 557 5113 3078 5908 4780 2821 3555 1126 3320
Route #126: 5837 499 2102 2917 2450 1963 1708 4976 3806 5890 2369 1413 5516 1830 4036 1084
Route #127: 3102 4354 767 2501 1462 2653 4440 3290 2068 3024 1315 3120 267 866 5472 1030
Route #128: 2360 655 2632 5348 4132 3840 4768 5707 2337 2920 2340 1081 3980 2355 3608
Route #129: 5024 281 5219 5071 1878 1865 5001 5471 468 175 2624 2909 4184 2298 4913 744
Route #130: 5217 5372 3772 4915 2396 699 2827 153 2674 3391 2532 616 3700 5168 4735 449 524 4401 3606
Route #131: 5507 2152 3588 2907 2809 4222 2015 1046 3902 790 1547 4444 771 5367 5621 830
Route #132: 5302 396 486 2967 5350 2400 945 5432 2908 500 1727 671 1697 4972 1634 3942 3856 4186
Route #133: 4094 537 4177 2166 25 190 130 1231 2564 2507 5889 1653 4696 1979 1790 4460 2095 362
Route #134: 4426 656 2580 2091 1364 3789 2555 4480 5118 679 2159 4688 2027 566 898 3090 5231 5986 3971
Route #135: 2046 3390 2167 768 4991 4802 4442 2585 2392 341 1461 796 4862 3699 2560 2291 5384 2063 16 287
Route #136: 4828 5360 5874 5227 2118 122 5258 92 64 3849 2457 4982 4465 5448 1472 4803 5197
Route #137: 5806 907 3269 5547 4525 918 4358 1232 601 5941 5096 4027 1934 534 3215 1744
Route #138: 4075 3122 171 2749 623 5381 769 4390 5514 1336 4801 4601 4673 4753 1496 626 1393 708 1619 3363
Route #139: 4360 587 2804 5354 1764 3001 4543 378 2672 3895 5020 3343 3230 4456 5362 4529
Route #140: 3845 4632 4230 531 3330 1796 2694 4170 239 2044 2302 3642 4562 2173 268 3771 4311 4650 4494
Route #141: 5543 3021 2803 2707 3493 593 2498 2271 1389 224 3236 4319 939 1312 2753 4337 3199
Route #142: 4274 2101 5418 6000 4328 3076 4102 3674 792 3654 1541 1234 1907 118 4429 5905
Route #143: 1637 4214 4338 4202 878 4839 4033 413 1180 5849 2351 2586 3697 3566 3665 3086 4583
Route #144: 4923 3739 2041 3587 589 946 5406 4623 3732 3418 70 1632 1319 5203 920
Route #145: 3265 4415 3197 506 1072 305 3135 2233 3096 5378 3201 859 374 2214 385 67 4395 1207
Route #146: 5701 1993 5718 4434 2100 1757 4984 5714 2914 474 2303 5029 5851 3369 4989 2433 5822 3430
Route #147: 703 336 408 2329 45 3679 962 1463 3006 2711 5756 5691 3433 4838 1848 210 4211 4800 4040 2466 4534
Route #148: 1385 5068 4431 4572 3714 4908 5569 5412 5431 3359 4674 2484 4109 2107 748 5999 2779 2263 1197
Route #149: 4983 4428 2018 3333 5565 3341 2508 787 1341 3140 4081 4977 1987 2864 1945 5710 4778 4239 4077 3414 5865 2776
Route #150: 3864 93 4590 185 2637 4049 4217 1641 3953 131 5345 4087 2666 4021 4936 5439
Route #151: 4975 4414 3428 803 4655 4536 2289 4058 2209 5351 947 3961 2900 5524
Route #152: 2581 2023 4497 5939 1964 352 4322 5922 3035 4318 2569 5858 1210 2988 5973 3975 5478 5599 3013 3449
Route #153: 2524 5332 3904 5430 4060 4879 72 2277 359 1882 417 4192 3083 594 864 5294 467 4599 1843
Route #154: 5342 4829 4899 2679 456 2930 351 5175 3242 5954 5139 4485 1679 1157 5634 1122 377 1475 4616
Route #155: 1288 4078 5584 3989 1212 1996 5708 4986 5392 3192 1445 2933 813 4510 1747 3562 5898 4096 4709
Route #156: 1834 5892 3538 5484 823 1162 2738 3661 4978 4729 1869 355 1621 4614 3406 2381 3274
Route #157: 2388 2311 1146 5189 3412 5014 5006 392 4155 348 9 273 810 5930 324 647 2429 1813 903 5799 2902
Route #158: 1614 1085 559 2190 5057 1646 1538 1532 4349 2797 3632 316 986 3998
Route #159: 5022 3370 2160 4435 4463 2109 5363 4267 4742 2587 762 5775 3060 1801 2748 624 462 1138 206 930
Route #160: 1192 2489 1687 4035 2860 4896 1805 664 3041 2903 2370 4695 5636 657 347 4293 5538
Route #161: 3883 1644 4116 1486 4470 4521 1743 5947 3503 375 1156 837 4853 3547 3469 2219
Route #162: 182 2789 5506 1118 3635 5225 2745 202 3095 1508 5904 2090 2705 3952 1803 2546 2704 1347
Route #163: 4254 5950 3511 750 3881 114 263 891 2034 3380 3267 5917 4795 4890 464
Route #164: 5966 3626 5285 4134 4542 3909 715 1543 3264 3787 929 3698 5508 2016 2414 5843 101 5355
Route #165: 3336 4637 1835 1108 4003 5387 3528 1464 128 3232 2490 5814 2816 2618 3367
Route #166: 2867 3436 5769 132 5179 466 4731 46 1377 3947 4903 342 2089 5339 213 4042 704 3955
Route #167: 1781 5013 2520 3123 4307 4234 4357 4326 3703 807 1425 3217 5900 54 4844 3293 714 4657
Route #168: 1167 3151 476 2979 5110 1791 5975 2769 5880 2822 4707 4030 3713 661 2299 4885 3128
Route #169: 1405 3625 3796 453 3719 630 3609 1916 3800 4804 328 2684 4047 953 1194 3112 3335
Route #170: 3767 4396 5983 3819 4946 4675 5368 5723 4597 1356 259 680 3175 2973 727 290
Route #171: 2530 3742 4220 551 5722 1909 1141 2452 4090 266 2727 4667 1236 3210 5810
Route #172: 811 2001 2601 3353 1324 5911 5776 5646 5337 4733 99 3537 4644 243 5639 4544 1662
Route #173: 1169 3788 1877 3911 5495 5558 5390 4298 1160 220 3009 2568 605 2270 2103 4164 4811 5655
Route #174: 5817 4203 3421 4858 1672 596 3488 3985 5846 5101 1595 4297 3256 5590 1096 3921 5716 4247
Route #175: 4974 1559 2584 1533 1624 416 2534 1920 889 1616 851 4135 1735 5117 4538 1706 5422 5065 3275 3514 1502
Route #176: 3004 3225 2005 105 4445 3204 4594 2106 3844 2658 1202 4210 5532 1628 886 4108 1630
Route #177: 1306 2616 4201 1449 2029 3891 3032 4340 5359 2844 3453 4944 1947 597 333 2344 1629 3931
Route #178: 5981 4461 4 2614 3912 2634 3650 2755 906 5455 4190 3450 4799 2053 346 3725
Route #179: 3829 4961 1733 1674 2481 174 3756 2913 489 4195 4043 2656 200 585 234 5504
Route #180: 20 513 1814 2646 1610 1190 4145 4860 4924 3366 3814 2134 4180 3092 2836 5995 4935
Route #181: 4682 511 1549 57 519 1831 1043 483 301 1749 2111 4651 2884 3181 5594 3579 3835
Route #182: 5597 3334 5938 5123 3133 3552 892 2125 3068 5277 1383 274 1514 5023 5458 883 109 5670 2603
Route #183: 5047 2380 4739 3774 1250 4166 638 4227 5388 1648 3744 3657 3544 1893 5343 5827 4516
Route #184: 3046 3872 728 806 3871 4512 1520 1299 5702 5800 5642 1478 4656 908 5394 4727 2558
Route #185: 857 3441 1962 5866 2518 2285 334 689 4439 420 358 1715 5420 3496 5976 5877 4880
Route #186: 42 2317 4582 615 5442 4523 5972 2138 1604 2236 1213 4537 1490 2182 1129 775 2899 2155 5352 2024
Route #187: 3999 3611 781 3460 3532 3795 789 5531 1896 2648 1047 5011 3926 1576 1307 4389 4559 3580
Route #188: 5494 5620 5752 1592 3131 1477 5715 5698 4286 737 3324 5740 4299 3690 1642 2206
Route #189: 27 1326 654 1833 998 4963 3720 2575 5607 1394 2084 3119 780 2718 4453 653 2552
Route #190: 3029 2688 3228 3195 1276 753 1244 1840 3374 1427 2701 5167 1012 552 1078 4887
Route #191: 2072 3681 3193 5760 5237 3482 5493 1049 3820 602 3994 4085 4787 2246 1058 107 1891 2840
Route #192: 1919 3397 90 4832 1142 5460 3636 582 5552 3125 4300 4279 5376 5729 4374 2699 809 5453 686
Route #193: 1023 4405 2470 5035 192 1002 4693 4786 4051 4661 746 3841 1200 1060 2650 1873 2677
Route #194: 4268 3055 4119 5779 3285 5326 2766 808 610 3996 1139 1745 5487 4716 4881 5586 2556 219 3978
Route #195: 4386 663 5095 2974 547 233 692 2565 5764 4216 393 5762 3157 1828 1572 36 1635 5076
Route #196: 4686 2250 429 1452 4960 3202 3945 1018 996 5684 4531 4366 1750 1639 1298 4231 1842 641
Route #197: 2697 5375 1254 2097 2468 158 2796 4700 313 710 4388 1217 1607 4560 4737 949 4962 3245
Route #198: 3332 822 5357 1265 550 5454 1525 2116 3578 3811 4620 1974 1149 3218 4925
Route #199: 734 990 2226 3950 187 1136 3316 2720 1537 747 5658 4579 510 307 4175 258
Route #200: 982 2799 4556 5078 5248 5725 3870 2891 159 4277 5410 578 4285 52 1163 1103 5672 5470
Route #201: 2955 2995 338 2461 4697 3857 4496 960 3386 5894 5534 1832 3258 5049 3696 19 1755 2893 1410
Route #202: 5751 4269 1428 229 2516 1693 2752 5444 3828 2047 1671 3876 770 818 1310 97 18 2004
Route #203: 1448 2288 2112 3923 4797 2258 308 5881 1971 2622 1087 4752 5417 5868 5688 841 4558 5279
Route #204: 3521 4291 4546 5873 402 51 5812 881 571 2957 4863 2983 639 5840 2356 4725
Route #205: 2480 628 1870 2221 5818 2123 915 3790 4018 4171 5525 4080 3351 2140 4678 2431 2019 3846 1348 2747
Route #206: 685 3916 3808 5833 1128 5298 1422 1884 1314 2990 5815 618 5059 1183 1617 2687 729 3161 4692
Route #207: 838 5602 3337 1252 441 1204 3956 5126 1150 1363 5614 583 1645 2278 5481 5732 5719 1292 3208
Route #208: 1748 5321 4489 2885 5982 1408 237 2009 2040 3497 4886 2896 5144 1751 2940 5166 2096 4023
Route #209: 1032 5171 4892 1226 4301 2054 2992 3459 5697 1692 5185 1577 1008 5156 2942 3807 325 1101 4385 3349
Route #210: 4333 5770 3664 1911 2185 845 5557 4527 518 2067 1193 5218 4083 1720 966 3766
Route #211: 270 5920 4934 218 700 3712 1892 3023 2113 1086 3399 1994 29 5100 2936 3273
Route #212: 905 1140 2194 4951 5490 3993 2709 2259 2641 5188 4372 3540 494
Route #213: 5159 4059 3462 846 521 2757 4347 868 2199 1990 5648 793 407 3721 4683
Route #214: 2079 152 4770 2698 3813 574 4450 1248 173 4877 1134 5967 2597
Route #215: 5222 2422 4629 3613 4524 5062 43 1215 4666 1784 1191 4296 5040 3329 3782
Route #216: 26 2033 4713 145 5903 687 4592 2554 2485 1516 1359 3467 2846 3028 4191
Route #217: 3440 2798 4117 5980 2087 1546 4197 1007 5550 2012 943 3286 4255 5969 5411 5956 992 5149 1481
Route #218: 2849 2627 3109 2316 1106 3738 3342 5425 1741 157 3929 2148 4789 4446 3533 4941 394 3627 5056
Route #219: 103 2527 2910 4449 2375 3296 1184 2898 5061 3110 901 4955 3118 865 4580 4000 1944 4591 3601
Route #220: 3607 1819 1883 1859 2326 4317 150 3963 1531 4016 2943 5450 247 3523 2773 1365 5468 2225 4490
Route #221: 472 5025 4595 1809 2547 3948 3297 5111 4424 5699 3146 725 1492 3299 5263 5201 608 58
Route #222: 3454 3431 343 4796 5671 3246 5464 5449 4901 133 4810 125 1862 5104 1918 4361 337 3382
Route #223: 5761 4363 4381 5467 2163 817 1899 2830 4606 4571 5136 1912 1392 1432 246 3791 2978 3472 4992 2137
Route #224: 4420 318 1795 2570 3651 2393 2533 5861 2722 981 1196 4906 3529 2294
Route #225: 5742 1836 895 2506 4073 1117 690 621 4751 3152 5435 1222 3530 2366 401 3458 2260 5067 2324
Route #226: 5244 697 512 1954 2594 4416 1061 80 3317 2875 2300 683 1793 3224 2923 4833 4004 5829
Route #227: 1416 5026 1946 5399 3116 5872 5693 5187 1041 2235 2829 1237 5934 3668 1144
Route #228: 5560 3411 1949 760 3209 5414 4577 4511 5662 370 5429 3388 1119 4152 3478
Route #229: 1188 633 4348 241 3052 4762 1255 1613 844 812 600 546 1097 4627 4104 4261 1132 1133 1864 4971
Route #230: 3573 2346 5940 139 5290 3312 5427 2675 1770 2319 1961 2725 2922 5160 2918 5692 5382
Route #231: 4028 3124 3356 5953 1551 3466 3830 5540 4767 2588 4843 5241 5703 1986 4847 4377 1340 85
Route #232: 391 487 4423 5850 2284 3928 1970 5968 5301 5055 269 62 5517 3639 1719 4086 226 1768
Route #233: 1555 4564 957 5502 238 2349 1206 3658 5605 4370 2197 619 2952 4687 1615 319 1035
Route #234: 2290 4052 1638 4993 3444 611 2331 5320 228 440 2649 3070 5615 4690 2293 2850
Route #235: 527 2611 2488 4037 4168 3327 5695 5700 3272 176 1327 2059 1587 4257 1114 271 77 5239
Route #236: 1037 2066 5875 3207 1931 3490 644 1823 2198 4113 4996 3235 1785 5933 1013 2122 584 5570
Route #237: 2354 3855 1998 1681 4965 304 1021 529 2071 2472 4181 3190 2389 471 4189 2315
Route #238: 5763 3206 1151 5657 1189 1459 4949 3584 2956 4351 1704 3869 5644 1457 113 4776
Route #239: 541 3614 941 4779 5131 3727 2644 1799 251 4198 2966 4151 4413 4276 1655 3991 4427 5349
Route #240: 2820 3184 2754 1430 1105 1382 3372 3745 751 1426 2770 3976 1029 4698 3377 580 4705 1966 3089
Route #241: 5617 666 4958 5032 1338 4809 1028 3499 425 1960 3364 706 5198 2847 4264 5796 2531 2119 4759 1530 5315 4710
Route #242: 262 5480 4248 2261 5265 4278 515 4499 5690 2035 5287 877 340 961 253 2060 4365 475
Route #243: 3936 5704 821 102 2954 2759 2906 3438 2941 705 4062 1143 2085 331 4870 4133 5064 3842 5012 2440 4406 4053
Route #244: 1811 4781 5943 3525 5997 5069 3833 741 4711 4783 3775 1026 3130 3630 50
Route #245: 5965 5072 613 326 1015 2888 2397 321 5784 2164 2387 4194 4131 4824 2502
Route #246: 4897 1259 3080 4409 4454 4270 2613 5831 5424 1992 5785 2714 5465 1301 3111 4945
Route #247: 5440 2379 723 2093 4703 933 3494 372 442 835 3094 3010 3969 4740 1225 1505 5082
Route #248: 3894 2971 1800 398 5191 3938 4743 386 3598 3676 5183 3749 1350 4339 4290
Route #249: 1826 863 5585 1866 5675 485 1333 406 3946 5269 255 3592 4508 2826 5897 2736 1171 2188 1100
Route #250: 3447 4671 3183 2417 2623 3836 5630 3048 5066 1062 1039 3079 4821 5466 5863 5210 4907 4817 1127
Route #251: 612 116 1042 800 1734 622 1173 3932 1580 3561 971 5794 4041 5438 3754 2322
Route #252: 2605 5573 4207 2447 2887 5286 496 994 4057 854 277 4147 3426 4130 2958 4872
Route #253: 2386 282 1593 958 2055 1709 4514 2451 4199 3723 2764 4699 5638 426 4369 4115 525 1153
Route #254: 3468 197 5247 4464 4356 411 1443 4287 41 1807 3403 2862 5663 646 4952
Route #255: 3016 1095 1282 4295 1763 4481 5386 3000 320 2442 1901 4137 4702 1031 5028 110
Route #256: 295 2513 1402 681 1 1517 2655 691 2790 1742 5151 670 2051 1760 4532 5365 4621 5809
Route #257: 2410 983 572 1933 1316 3581 4153 735 5808 1454 3331 2175 5452 3826 4918 3934 3959 1497 3913
Route #258: 48 2497 2421 3575 3940 2817 5511 1929 3799 1433 3134 4063 38 4001 3005 37 2617
Route #259: 3707 4704 3752 2869 5000 2395 5627 2562 2153 5935 5445 4932 4064 3358 5216 2446
Route #260: 2361 1951 4827 3982 4708 4980 3036 2248 1414 257 2517 2011 2486 3368 4364 381 2460 3187
Route #261: 5255 1187 323 2742 5325 5264 4926 5181 1633 2645 4362 1521 357 5155 2949 2787
Route #262: 367 2130 3040 5515 1578 2522 3672 4443 2080 970 1766 3951 2912 4764
Route #263: 3404 2075 3211 2574 1601 502 3405 1626 1423 5234 4045 4552 1550 3064 1465 2238 1057 1104
Route #264: 2984 2428 5844 2664 1571 446 1470 5393 5262 3701 2598 2977 280 2870 1656 5990 1293 1285 3357 2357 1773 3750
Route #265: 938 4260 478 5665 165 4478 4504 222 5304 668 2855 635 1399 3987 1776 195 5328
Route #266: 3865 4473 4672 2541 3879 3602 4929 5165 1137 2994 4848 2013 3243 4165 5921
Route #267: 5824 455 3373 3402 5887 5535 3673 3061 5491 2181 1229 5143 5128 5329 5209 1069 2525 3234 1881
Route #268: 4502 3020 1065 1088 1375 106 2207 4182 2861 1594 2890 5855 4046 1063 5727 3776 3066
Route #269: 3631 5826 1287 3848 5650 5496 1300 4344 1667 2895 3163 2384 2934 797 4178 2628 4228 1262
Route #270: 4123 3688 759 1362 5643 232 1473 5276 3311 2330 649 2444 904 1797 2915 1257 1769 121
Route #271: 2249 1740 4188 5207 4240 5521 458 1985 4917 742 801 3471 2128 1913 436 214 5041
Route #272: 1456 757 3554 123 5077 885 568 2916 5135 2342 5488 3905 32 853 473 3251 3910 465
Route #273: 3590 3986 1328 3427 231 629 2557 2385 5828 1625 3539 5637 3065 3718 3099 1331 3292 5249 2626
Route #274: 2377 4200 5909 1895 2184 1147 1335 3645 2372 3753 3308 1874 115 3437 4927 2162 5899 69 4840
Route #275: 5074 3410 5879 1855 34 4084 2976 3167 5545 4535 3965 3413 1313 4457 3647 2572 5236 3313 432
Route #276: 3746 3670 5391 1121 480 4323 4513 2975 921 1415 435 4005 4726 1829 1113 1567 2000 5281 1957
Route #277: 2333 2297 4157 1658 1812 4757 3084 1247 914 4012 495 4939 3165 565 4218
Route #278: 561 40 1082 2092 4048 802 4219 5830 3759 856 373 3852 1898 5125 3908 490 3486 5652 799
Route #279: 5108 2267 5768 1342 972 2859 836 4355 880 1539 4551 3708 3354 3885 2196 4857 3620 2853 5929
Route #280: 1889 1024 1847 993 5053 2239 2591 230 1102 5623 827 2651 3785 2678 1501 4680 227
Route #281: 776 5336 225 1208 4468 871 1500 3182 2409 5400 1900 4826 2982 3104
Route #282: 2825 3867 876 4316 4179 2165 5238 2474 3553 5199 5948 3550 2070 3145 5951 155 3897 2986
Route #283: 2894 539 3196 4367 379 5282 5712 5233 4820 935 3705 2150 5664 1806 2948 5645 1503 766 5138
Route #284: 1528 2721 4221 3173 4376 4732 4895 3619 3508 2970 3805 3188 2503 4359 5661 3586
Route #285: 3129 2213 2454 1663 520 4557 30 1739 3047 4861 3247 3516 3226 745 5682 4375
Route #286: 5567 285 3949 5600 2142 3262 3838 3098 2526 2383 2662 2083 5060 3747 181 3716
Route #287: 2545 5802 3148 2479 3518 3423 1261 934 5371 4846 3044 2411 4246 5316 5215 899
Route #288: 3888 380 5186 5154 4288 3056 5923 2407 3509 3706 549 1011 5246 2367 1556 4930
Route #289: 3502 758 3763 3669 1471 5896 3361 5129 4304 1485 3558 4129 4900 3977 4940 3114 3810 2139 3278 1923
Route #290: 1808 1589 3667 652 1513 3890 4477 3957 3709 4368 2269 5591 5848 1778 5272 5991 1175
Route #291: 1369 3649 3147 1608 431 3804 1789 1476 2528 2814 3925 4931 140 3487 5288 4815 5312 5221 5303
Route #292: 3392 164 1510 1376 4530 1245 4812 5635 5134 1569 4758 2777 3715 1780 5195 1468 91
Route #293: 1460 4006 5389 2253 2003 973 3834 2843 717 5654 995 3652 353 2098 1370 1939
Route #294: 5366 3683 1553 956 1051 5528 2104 279 4694 2301 1014 3155 5415 3156 3548 3935 3227 2596
Route #295: 4869 2671 207 2691 4097 2276 4771 1488 2065 2683 235 3954 3445 5931 1123 3827 1924
Route #296: 161 1965 419 2807 5640 286 3260 2110 1440 4380 63 4398 1872 2232 1938 3172
Route #297: 709 4093 2350 460 3233 3154 2845 100 1109 1302 774 3213 264 53 4324 151 3067 5482 4807 5314 1074 294
Route #298: 2514 5145 3144 980 4498 82 1420 59 5273 3595 3585 5542 997 1110 1111 1439 5115 4718 1664 847
Route #299: 1914 5563 5530 1027 491 4065 2266 5031 1851 2234 2189 3481 1321 4660 2223 590 4061 3960 2612
Route #300: 4432 1989 3900 2500 5500 1339 1968 3967 1360 78 1390 3615 4382 1343 2382 4995 2436 2778 3149
Route #301: 3968 2471 3137 4408 2338 447 3818 553 5369 4225 1323 2582 5549 144 147 5747
Route #302: 5696 1529 2057 720 5811 5862 2359 1351 5083 4156 2792 2170 3093 4384 5086 3322 4010 712
Route #303: 4448 1702 924 1927 1125 2737 5206 1148 1289 5852 5380 242 1016 4589 1260 2768 3200 4540 5140
Route #304: 188 1309 5679 3702 4754 3653 2492 1925 2685 5774 2544 154 1412 3817 4343 5109 5097 2795 498 3973
Route #305: 591 4947 5297 2049 3407 3398 2493 3085 2695 4163 3288 2445 1318 3138 3266 4422 2296
Route #306: 216 3007 5871 3091 149 5633 4684 4486 5961 3633 5575 4243 2576 3751 421 2168 4979 2938
Route #307: 3263 454 713 2987 5893 3920 4898 5323 3825 1001 1984 3053 3344 1511 3214 5804 852 1384 4089
Route #308: 599 1535 1725 2292 1079 1006 1772 1258 1395 940 5612 4122 2469 976
Route #309: 6 5130 2647 5918 5016 942 2621 1861 1076 1711 3526 1273 3294 5705 3574 2921
Route #310: 3748 2069 5260 3918 5112 4605 4125 5979 2874 2832 5758 3276 3150 4008 134 562 2549 548
Route #311: 5474 5678 4891 3930 1120 3640 14 5084 364 814 2951 1355 1297 4701 2245 293 4822 3139 1466
Route #312: 86 4613 1585 4567 3446 2548 2710 3873 3582 1943 1565 884 5512 479 3689 5629 2680 2229
Route #313: 4522 4669 4608 3628 3780 4894 831 1238 2058 2419 1980 371 4466 5857 3159 2443 3254 4859
Route #314: 5270 3489 1856 1178 2509 2567 2794 5782 4009 4050 3451 2313 4224 3726
Route #315: 2208 4110 1419 1982 4622 5823 3014 5091 4394 1902 556 1361 2007 4658 2782 2325 3898 1952 2886
Route #316: 1228 1034 4837 2537 1885 484 3784 2026 5520 4662 5801 2186 985 4249 3692 984 3596 2519 5192
Route #317: 3896 4831 2841 4677 4905 4205 3634 2028 2771 2857 3824 4584 5322 330 2174 1145 2336 3178 5254
Route #318: 1552 4587 3 3981 5459 5161 433 1860 3571 3166 3512 3666 3307 1935 2761 2735 1988 5777 2352 4942
Route #319: 5519 5694 3034 2733 2483 3979 2418 1186 1623 2434 1372 4229 2146 4495 4336 4325
Route #320: 5996 4852 3170 3360 4459 3231 2592 1211 4586 2076 1710 5401 4303 3394
Route #321: 4120 3570 3610 4026 3186 47 2195 2365 5403 24 5037 4849 1685 5603 4922 4664 4933 1879 5819 5107 327
Route #322: 3253 543 1926 3798 4782 3901 5094 3142 3008 2767 5963 3589 104 2652
Route #323: 1396 825 3422 4547 3941 2950 5613 493 1442 2911 2993 5711 3851 4419 4091 4038 2989 4373 5220 604 674
Route #324: 1683 2275 4717 4314 5728 1367 4167 2220 4310 2788 1112 4744 4329 4206 2332
Route #325: 2682 4223 1591 3126 4985 643 660 4482 749 1284 1281 3416 3219 1271
Route #326: 3257 988 1804 676 5296 5214 3051 2496 5901 544 4902 620 2304 4275 5949 4451
Route #327: 5820 5456 3762 4352 5457 4342 5402 1279 5556 1690 1526 522 3484 4070 2487 2872
Route #328: 3565 1737 4391 428 248 2348 4266 4393 3132 3011 1602 240 3057 4618 3816 1973 1283
Route #329: 252 4647 4610 1437 5070 2708 1198 1388 5252 2609 2478 1731 2669 4630
Route #330: 1447 3241 5261 4763 3597 3958 1349 3339 2905 1777 5501 1820 5358 3777 2425 5050
Route #331: 5176 3884 1678 3802 2935 955 2039 3378 4834 3903 743 867 1070 2981 965 4371
Route #332: 4921 5408 1921 1165 1479 5791 4204 444 5759 2583 2510 3194 1822 5944 1568 909 1509 3300
Route #333: 5772 632 89 3480 3962 3244 5891 1888 538 4914 3504 5919 4721 3259 3914 1398 4609 1174 5212 4570
Route #334: 3854 1940 2793 3671 3309 4452 4067 1657 2712 5998 3519 124 5383 4681 944 5164 1053 5152
Route #335: 5907 4750 5839 5324 5788 4509 5803 1522 1515 3045 5869 3710 2808 2828 4519 5232 3556
Route #336: 2310 1017 1824 5789 4670 739 3284 2740 2136 507 2403 1322 1566 3277 3158 3534 4659 4144 2551
Route #337: 2132 3071 387 4169 4964 1930 5485 3169 2550 3025 872 2295 5079 2944 1409 3323
Route #338: 5792 922 5235 3943 2205 4397 4825 3621 1612 4079 5816 2334 5689 3127 1019 4483
Route #339: 1352 5090 55 288 5088 5581 5275 4334 1269 4679 5085 5601 2061 438
Route #340: 3591 1605 4271 1839 609 1596 1067 4715 659 5622 5666 4730 5805 4313 2690 5625 4641 3839
Route #341: 2947 1849 1545 2171 3415 329 1025 2760 4792 1561 4013 3039 1782 2256 862
Route #342: 4044 5271 5146 2961 3239 2427 2265 2758 3686 5566 3306 1915 3393 3074 4410 1170
Route #343: 5141 3823 2157 3536 3880 5292 1320 2780 2781 2716 849 3019 3352 5571 4305
Route #344: 3877 3280 2831 1387 298 2702 1724 3375 3972 794 2969 4107 4624 4272 1905 5426 3136 648
Route #345: 2561 1818 2144 969 4160 4665 4154 4088 964 2783 2476 4528 3779 5548 4185 2124 1863 4031
Route #346: 848 3906 3944 4943 403 2719 1712 3564 1378 4245 5409 1850 1033 5184 160 2021
Route #347: 5985 2813 256 2931 2659 3179 3887 2105 1563 1680 1099 2477 4643 4019 902 1981 4124 2819 2629 4920 5677
Route #348: 1469 1953 991 1707 4714 4842 4969 363 3860 913 1050 1417 3515
Cost 516339
